2024-11-24 03:14:29,967 [ERROR] LogOutputStream:75 - [STDERR_REDIRECT] 
2024-11-24 03:16:15,306 [INFO] Activator:176 - 


2024-11-24 03:16:15,309 [INFO] Activator:177 - !SESSION log4j initialized
2024-11-24 03:16:25,015 [INFO] LogOutputStream:77 - [STDOUT_REDIRECT] 
2024-11-24 03:16:29,603 [INFO] ApplicationProperties:184 - Using Application install path: C:\ST\STM32CubeIDE_1.16.0\STM32CubeIDE\plugins\com.st.stm32cube.common.mx_6.12.1.202409122256
2024-11-24 03:16:29,633 [INFO] DbMcusXml:78 - Set database path to: C:\ST\STM32CubeIDE_1.16.0\STM32CubeIDE\plugins\com.st.stm32cube.common.mx_6.12.1.202409122256\\db\/mcu/
2024-11-24 03:16:29,634 [INFO] ApiDb:274 - Set plugin database path to: C:\ST\STM32CubeIDE_1.16.0\STM32CubeIDE\plugins\com.st.stm32cube.common.mx_6.12.1.202409122256\\db\/plugins/boardmanager/
2024-11-24 03:16:29,634 [WARN] ApiDb:259 - Overriding images path with different value:  => C:\ST\STM32CubeIDE_1.16.0\STM32CubeIDE\plugins\com.st.stm32cube.common.mx_6.12.1.202409122256\\db\/plugins/mcufinder/images/
2024-11-24 03:16:29,655 [INFO] ApiDb:250 - Set database path to: C:\Users\newto\.stmcufinder\plugins\mcufinder//mcu/
2024-11-24 03:16:29,657 [INFO] DbMcusAds:125 - Set database path to: C:\Users\newto\.stmcufinder\plugins\mcufinder//mcu/
2024-11-24 03:16:29,662 [INFO] CrossReferenceDbSqlite:203 - Set database path to: C:\Users\newto\.stmcufinder\plugins\mcufinder//mcu/cs/
2024-11-24 03:16:29,835 [INFO] RulesReader:64 - Compatibility file has been processed (297 Rules)
2024-11-24 03:16:30,013 [INFO] DbMcusXml:78 - Set database path to: C:\ST\STM32CubeIDE_1.16.0\STM32CubeIDE\plugins\com.st.stm32cube.common.mx_6.12.1.202409122256\\db\/mcu/
2024-11-24 03:16:30,014 [INFO] ApiDb:274 - Set plugin database path to: C:\ST\STM32CubeIDE_1.16.0\STM32CubeIDE\plugins\com.st.stm32cube.common.mx_6.12.1.202409122256\\db\/plugins/boardmanager/
2024-11-24 03:16:30,014 [INFO] ApiDb:261 - Set plugin images path to: C:\ST\STM32CubeIDE_1.16.0\STM32CubeIDE\plugins\com.st.stm32cube.common.mx_6.12.1.202409122256\\db\/plugins/mcufinder/images/
2024-11-24 03:16:30,014 [WARN] DbFile:41 - Overriding database path with different value: C:\Users\newto\.stmcufinder\plugins\mcufinder/ => C:\Users\newto\.stmcufinder\plugins\mcufinder
2024-11-24 03:16:30,014 [INFO] ApiDb:250 - Set database path to: C:\Users\newto\.stmcufinder\plugins\mcufinder//mcu/
2024-11-24 03:16:30,014 [WARN] DbFile:41 - Overriding database path with different value: C:\Users\newto\.stmcufinder\plugins\mcufinder/ => C:\Users\newto\.stmcufinder\plugins\mcufinder
2024-11-24 03:16:30,015 [INFO] DbMcusAds:125 - Set database path to: C:\Users\newto\.stmcufinder\plugins\mcufinder//mcu/
2024-11-24 03:16:30,015 [WARN] DbFile:41 - Overriding database path with different value: C:\Users\newto\.stmcufinder\plugins\mcufinder/ => C:\Users\newto\.stmcufinder\plugins\mcufinder
2024-11-24 03:16:30,015 [WARN] DbFile:41 - Overriding database path with different value: C:\Users\newto\.stmcufinder\plugins\mcufinder/ => C:\Users\newto\.stmcufinder\plugins\mcufinder
2024-11-24 03:16:30,015 [INFO] CrossReferenceDbSqlite:203 - Set database path to: C:\Users\newto\.stmcufinder\plugins\mcufinder//mcu/cs/
2024-11-24 03:16:30,178 [INFO] MainPanel:268 - HeapMemory: 268435456
2024-11-24 03:16:30,545 [INFO] DbMcusXml:78 - Set database path to: C:\ST\STM32CubeIDE_1.16.0\STM32CubeIDE\plugins\com.st.stm32cube.common.mx_6.12.1.202409122256\\db\/mcu/
2024-11-24 03:16:30,545 [INFO] ApiDb:274 - Set plugin database path to: C:\ST\STM32CubeIDE_1.16.0\STM32CubeIDE\plugins\com.st.stm32cube.common.mx_6.12.1.202409122256\\db\/plugins/boardmanager/
2024-11-24 03:16:30,545 [INFO] ApiDb:261 - Set plugin images path to: C:\ST\STM32CubeIDE_1.16.0\STM32CubeIDE\plugins\com.st.stm32cube.common.mx_6.12.1.202409122256\\db\/plugins/mcufinder/images/
2024-11-24 03:16:30,546 [WARN] DbFile:41 - Overriding database path with different value: C:\Users\newto\.stmcufinder\plugins\mcufinder/ => C:\Users\newto\.stmcufinder\plugins\mcufinder
2024-11-24 03:16:30,546 [INFO] ApiDb:250 - Set database path to: C:\Users\newto\.stmcufinder\plugins\mcufinder//mcu/
2024-11-24 03:16:30,546 [WARN] DbFile:41 - Overriding database path with different value: C:\Users\newto\.stmcufinder\plugins\mcufinder/ => C:\Users\newto\.stmcufinder\plugins\mcufinder
2024-11-24 03:16:30,546 [INFO] DbMcusAds:125 - Set database path to: C:\Users\newto\.stmcufinder\plugins\mcufinder//mcu/
2024-11-24 03:16:30,547 [WARN] DbFile:41 - Overriding database path with different value: C:\Users\newto\.stmcufinder\plugins\mcufinder/ => C:\Users\newto\.stmcufinder\plugins\mcufinder
2024-11-24 03:16:30,547 [WARN] DbFile:41 - Overriding database path with different value: C:\Users\newto\.stmcufinder\plugins\mcufinder/ => C:\Users\newto\.stmcufinder\plugins\mcufinder
2024-11-24 03:16:30,547 [INFO] CrossReferenceDbSqlite:203 - Set database path to: C:\Users\newto\.stmcufinder\plugins\mcufinder//mcu/cs/
2024-11-24 03:16:30,582 [INFO] ApplicationProperties:184 - Using Application install path: C:\ST\STM32CubeIDE_1.16.0\STM32CubeIDE\plugins\com.st.stm32cube.common.mx_6.12.1.202409122256
2024-11-24 03:16:30,585 [INFO] PluginManage:196 - Search for loadable plugins [exclusion list=, ]
2024-11-24 03:16:30,588 [INFO] PluginManage:310 - Check plugin analytics
2024-11-24 03:16:30,844 [INFO] AnalyticsPlugin:253 - Accepted Software Licenses: STM32CubeMX.6.9.1
2024-11-24 03:16:30,845 [INFO] AnalyticsPlugin:255 - Accepted CMSIS Pack Licenses: 
2024-11-24 03:16:30,845 [INFO] AnalyticsPlugin:257 - Accepted Firmware Licenses: FW.F4.1.28.0,FW.H7.1.11.0
2024-11-24 03:16:30,850 [INFO] PluginManage:359 - Loaded plugin analytics (category:tool,tabindex:-1)
2024-11-24 03:16:30,851 [INFO] PluginManage:310 - Check plugin cadmodel
2024-11-24 03:16:30,873 [INFO] CADModel:105 - Init CAD model plugin
2024-11-24 03:16:30,873 [INFO] PluginManage:359 - Loaded plugin cadmodel (category:power,tabindex:5)
2024-11-24 03:16:30,873 [INFO] PluginManage:310 - Check plugin clock
2024-11-24 03:16:30,900 [INFO] PluginManage:359 - Loaded plugin clock (category:base,tabindex:2)
2024-11-24 03:16:30,900 [INFO] PluginManage:310 - Check plugin ddr
2024-11-24 03:16:30,904 [INFO] PluginManage:359 - Loaded plugin ddr (category:tool,tabindex:6)
2024-11-24 03:16:30,904 [INFO] PluginManage:310 - Check plugin filemanager
2024-11-24 03:16:31,151 [INFO] PluginManage:359 - Loaded plugin filemanager (category:base,tabindex:10)
2024-11-24 03:16:31,151 [INFO] PluginManage:310 - Check plugin ipmanager
2024-11-24 03:16:31,162 [INFO] PluginManage:359 - Loaded plugin ipmanager (category:base,tabindex:5)
2024-11-24 03:16:31,162 [INFO] PluginManage:310 - Check plugin lpbam
2024-11-24 03:16:31,187 [INFO] PluginManage:359 - Loaded plugin lpbam (category:base,tabindex:0)
2024-11-24 03:16:31,188 [INFO] PluginManage:310 - Check plugin memorymap
2024-11-24 03:16:31,250 [INFO] PluginManage:359 - Loaded plugin memorymap (category:base,tabindex:4)
2024-11-24 03:16:31,250 [INFO] PluginManage:310 - Check plugin pinoutandconfiguration
2024-11-24 03:16:31,274 [INFO] PluginManage:359 - Loaded plugin pinoutandconfiguration (category:base,tabindex:1)
2024-11-24 03:16:31,275 [INFO] PluginManage:310 - Check plugin pinoutconfig
2024-11-24 03:16:31,431 [WARN] SupportedApi:132 - Cannot load RTOS API schema: s4s-elt-must-match.1: The content of 'definitions' must match (annotation?, (simpleType | complexType)?, (unique | key | keyref)*)). A problem was found starting at: attribute.
2024-11-24 03:16:31,701 [INFO] PluginManage:359 - Loaded plugin pinoutconfig (category:base,tabindex:0)
2024-11-24 03:16:31,701 [INFO] PluginManage:310 - Check plugin power
2024-11-24 03:16:31,731 [INFO] PluginManage:359 - Loaded plugin power (category:power,tabindex:4)
2024-11-24 03:16:31,731 [INFO] PluginManage:310 - Check plugin projectmanager
2024-11-24 03:16:31,757 [INFO] PluginManage:359 - Loaded plugin projectmanager (category:projectmanager,tabindex:4)
2024-11-24 03:16:31,757 [INFO] PluginManage:310 - Check plugin rif
2024-11-24 03:16:31,777 [INFO] PluginManage:359 - Loaded plugin rif (category:base,tabindex:3)
2024-11-24 03:16:31,778 [INFO] PluginManage:310 - Check plugin thirdparty
2024-11-24 03:16:32,192 [WARN] IntegrityCheckThread:84 - waiting for thirdparty lock release [integrity check]
2024-11-24 03:16:32,193 [INFO] IntegrityCheckThread:86 - entering critical section [integrity check]
2024-11-24 03:16:32,193 [INFO] PluginManage:359 - Loaded plugin thirdparty (category:base,tabindex:-1)
2024-11-24 03:16:32,194 [INFO] PluginManage:310 - Check plugin tools
2024-11-24 03:16:32,194 [INFO] ThirdPartyUpdaterWithRetryManager:70 - Updater plugin not ready yet. [1/15]
2024-11-24 03:16:32,241 [INFO] PluginManage:359 - Loaded plugin tools (category:base,tabindex:7)
2024-11-24 03:16:32,241 [INFO] PluginManage:310 - Check plugin tutovideos
2024-11-24 03:16:32,562 [INFO] PluginManage:359 - Loaded plugin tutovideos (category:base,tabindex:-1)
2024-11-24 03:16:32,563 [INFO] PluginManage:310 - Check plugin updater
2024-11-24 03:16:32,592 [INFO] PluginManage:359 - Loaded plugin updater (category:base,tabindex:12)
2024-11-24 03:16:32,592 [INFO] PluginManage:310 - Check plugin userauth
2024-11-24 03:16:32,602 [INFO] UserAuth:113 - Init User Auth plugin
2024-11-24 03:16:32,602 [INFO] PluginManage:359 - Loaded plugin userauth (category:base,tabindex:14)
2024-11-24 03:16:32,603 [INFO] PluginManage:283 - PluginManage : Loaded plugins [18]
2024-11-24 03:16:33,053 [INFO] PinOutPanel:1561 - setPackage(No Configuration,No Configuration)
2024-11-24 03:16:33,291 [INFO] CADModel:165 - CPN selected for project level
2024-11-24 03:16:33,291 [INFO] CADModel:114 - Register for checkConnection events
2024-11-24 03:16:33,357 [INFO] IPUIPlugin:80 - create IPUIPlugin
2024-11-24 03:16:33,357 [INFO] PluginManager:220 - loadIPPluginJar : add adc
2024-11-24 03:16:33,418 [INFO] IPUIPlugin:80 - create IPUIPlugin
2024-11-24 03:16:33,419 [INFO] PluginManager:220 - loadIPPluginJar : add aes
2024-11-24 03:16:33,517 [INFO] IPUIPlugin:80 - create IPUIPlugin
2024-11-24 03:16:33,517 [INFO] PluginManager:220 - loadIPPluginJar : add can
2024-11-24 03:16:33,553 [INFO] IPUIPlugin:80 - create IPUIPlugin
2024-11-24 03:16:33,553 [INFO] PluginManager:220 - loadIPPluginJar : add comp
2024-11-24 03:16:33,632 [INFO] IPUIPlugin:80 - create IPUIPlugin
2024-11-24 03:16:33,632 [INFO] PluginManager:220 - loadIPPluginJar : add cryp
2024-11-24 03:16:33,650 [INFO] IPUIPlugin:80 - create IPUIPlugin
2024-11-24 03:16:33,651 [INFO] PluginManager:220 - loadIPPluginJar : add ddr_ctrl_phy
2024-11-24 03:16:33,692 [INFO] IPUIPlugin:80 - create IPUIPlugin
2024-11-24 03:16:33,692 [INFO] PluginManager:220 - loadIPPluginJar : add dfsdm
2024-11-24 03:16:33,713 [INFO] IPUIPlugin:80 - create IPUIPlugin
2024-11-24 03:16:33,714 [INFO] PluginManager:220 - loadIPPluginJar : add dma
2024-11-24 03:16:33,782 [INFO] IPUIPlugin:80 - create IPUIPlugin
2024-11-24 03:16:33,782 [INFO] PluginManager:220 - loadIPPluginJar : add dma3
2024-11-24 03:16:33,894 [INFO] IPUIPlugin:80 - create IPUIPlugin
2024-11-24 03:16:33,894 [INFO] PluginManager:220 - loadIPPluginJar : add extmemmanager
2024-11-24 03:16:33,944 [INFO] IPUIPlugin:80 - create IPUIPlugin
2024-11-24 03:16:33,944 [INFO] PluginManager:220 - loadIPPluginJar : add fatfs
2024-11-24 03:16:34,032 [INFO] IPUIPlugin:80 - create IPUIPlugin
2024-11-24 03:16:34,033 [INFO] PluginManager:220 - loadIPPluginJar : add fmc
2024-11-24 03:16:34,084 [INFO] IPUIPlugin:80 - create IPUIPlugin
2024-11-24 03:16:34,084 [INFO] PluginManager:220 - loadIPPluginJar : add freertos
2024-11-24 03:16:34,120 [INFO] IPUIPlugin:80 - create IPUIPlugin
2024-11-24 03:16:34,121 [INFO] PluginManager:220 - loadIPPluginJar : add genericplugin
2024-11-24 03:16:34,363 [INFO] IPUIPlugin:80 - create IPUIPlugin
2024-11-24 03:16:34,363 [INFO] PluginManager:220 - loadIPPluginJar : add gfxmmu
2024-11-24 03:16:34,694 [INFO] IPUIPlugin:80 - create IPUIPlugin
2024-11-24 03:16:34,694 [INFO] PluginManager:220 - loadIPPluginJar : add gic
2024-11-24 03:16:34,718 [INFO] IPUIPlugin:80 - create IPUIPlugin
2024-11-24 03:16:34,720 [INFO] PluginManager:220 - loadIPPluginJar : add gpio
2024-11-24 03:16:34,897 [INFO] IPUIPlugin:80 - create IPUIPlugin
2024-11-24 03:16:34,897 [INFO] PluginManager:220 - loadIPPluginJar : add gtzc
2024-11-24 03:16:34,983 [INFO] IPUIPlugin:80 - create IPUIPlugin
2024-11-24 03:16:34,983 [INFO] PluginManager:220 - loadIPPluginJar : add hash
2024-11-24 03:16:35,128 [INFO] IPUIPlugin:80 - create IPUIPlugin
2024-11-24 03:16:35,128 [INFO] PluginManager:220 - loadIPPluginJar : add i2c
2024-11-24 03:16:35,198 [INFO] ThirdPartyUpdaterWithRetryManager:70 - Updater plugin not ready yet. [2/15]
2024-11-24 03:16:35,226 [INFO] IPUIPlugin:80 - create IPUIPlugin
2024-11-24 03:16:35,226 [INFO] PluginManager:220 - loadIPPluginJar : add i2s
2024-11-24 03:16:35,327 [INFO] IPUIPlugin:80 - create IPUIPlugin
2024-11-24 03:16:35,328 [INFO] PluginManager:220 - loadIPPluginJar : add i3c
2024-11-24 03:16:35,543 [INFO] IPUIPlugin:80 - create IPUIPlugin
2024-11-24 03:16:35,543 [INFO] PluginManager:220 - loadIPPluginJar : add ipddr
2024-11-24 03:16:35,729 [INFO] IPUIPlugin:80 - create IPUIPlugin
2024-11-24 03:16:35,729 [INFO] PluginManager:220 - loadIPPluginJar : add linkedlist
2024-11-24 03:16:35,775 [INFO] IPUIPlugin:80 - create IPUIPlugin
2024-11-24 03:16:35,775 [INFO] PluginManager:220 - loadIPPluginJar : add lorawan
2024-11-24 03:16:35,857 [INFO] IPUIPlugin:80 - create IPUIPlugin
2024-11-24 03:16:35,857 [INFO] PluginManager:220 - loadIPPluginJar : add ltdc
2024-11-24 03:16:35,883 [INFO] IPUIPlugin:80 - create IPUIPlugin
2024-11-24 03:16:35,883 [INFO] PluginManager:220 - loadIPPluginJar : add mdma
2024-11-24 03:16:35,906 [INFO] IPUIPlugin:80 - create IPUIPlugin
2024-11-24 03:16:35,906 [INFO] PluginManager:220 - loadIPPluginJar : add nvic
2024-11-24 03:16:35,952 [INFO] IPUIPlugin:80 - create IPUIPlugin
2024-11-24 03:16:35,952 [INFO] PluginManager:220 - loadIPPluginJar : add opamp
2024-11-24 03:16:36,085 [INFO] IPUIPlugin:80 - create IPUIPlugin
2024-11-24 03:16:36,086 [INFO] PluginManager:220 - loadIPPluginJar : add openamp
2024-11-24 03:16:36,181 [INFO] IPUIPlugin:80 - create IPUIPlugin
2024-11-24 03:16:36,182 [INFO] PluginManager:220 - loadIPPluginJar : add pdm2pcm
2024-11-24 03:16:36,240 [INFO] IPUIPlugin:80 - create IPUIPlugin
2024-11-24 03:16:36,249 [INFO] PluginManager:220 - loadIPPluginJar : add plateformsettings
2024-11-24 03:16:36,336 [INFO] IPUIPlugin:80 - create IPUIPlugin
2024-11-24 03:16:36,337 [INFO] PluginManager:220 - loadIPPluginJar : add quadspi
2024-11-24 03:16:36,410 [INFO] IPUIPlugin:80 - create IPUIPlugin
2024-11-24 03:16:36,414 [INFO] PluginManager:220 - loadIPPluginJar : add radio
2024-11-24 03:16:36,441 [INFO] IPUIPlugin:80 - create IPUIPlugin
2024-11-24 03:16:36,442 [INFO] PluginManager:220 - loadIPPluginJar : add resmgrutility
2024-11-24 03:16:36,566 [INFO] IPUIPlugin:80 - create IPUIPlugin
2024-11-24 03:16:36,566 [INFO] PluginManager:220 - loadIPPluginJar : add sai
2024-11-24 03:16:36,690 [INFO] IPUIPlugin:80 - create IPUIPlugin
2024-11-24 03:16:36,690 [INFO] PluginManager:220 - loadIPPluginJar : add spi
2024-11-24 03:16:36,906 [INFO] IPUIPlugin:80 - create IPUIPlugin
2024-11-24 03:16:36,907 [INFO] PluginManager:220 - loadIPPluginJar : add stm32_wpan
2024-11-24 03:16:36,988 [INFO] IPUIPlugin:80 - create IPUIPlugin
2024-11-24 03:16:36,988 [INFO] PluginManager:220 - loadIPPluginJar : add tim
2024-11-24 03:16:37,187 [INFO] IPUIPlugin:80 - create IPUIPlugin
2024-11-24 03:16:37,188 [INFO] PluginManager:220 - loadIPPluginJar : add touchsensing
2024-11-24 03:16:37,269 [INFO] IPUIPlugin:80 - create IPUIPlugin
2024-11-24 03:16:37,270 [INFO] PluginManager:220 - loadIPPluginJar : add tracer_emb
2024-11-24 03:16:37,339 [INFO] IPUIPlugin:80 - create IPUIPlugin
2024-11-24 03:16:37,340 [INFO] PluginManager:220 - loadIPPluginJar : add ts
2024-11-24 03:16:37,399 [INFO] IPUIPlugin:80 - create IPUIPlugin
2024-11-24 03:16:37,399 [INFO] PluginManager:220 - loadIPPluginJar : add tsc
2024-11-24 03:16:37,461 [INFO] IPUIPlugin:80 - create IPUIPlugin
2024-11-24 03:16:37,462 [INFO] PluginManager:220 - loadIPPluginJar : add ucpd
2024-11-24 03:16:37,569 [INFO] IPUIPlugin:80 - create IPUIPlugin
2024-11-24 03:16:37,569 [INFO] PluginManager:220 - loadIPPluginJar : add usart
2024-11-24 03:16:37,693 [INFO] IPUIPlugin:80 - create IPUIPlugin
2024-11-24 03:16:37,694 [INFO] PluginManager:220 - loadIPPluginJar : add usbx
2024-11-24 03:16:37,937 [INFO] CADModel:165 - CPN selected for project level
2024-11-24 03:16:37,938 [INFO] CADModel:114 - Register for checkConnection events
2024-11-24 03:16:37,938 [FATAL] Updater:334 - Updater called before beeing initialized
2024-11-24 03:16:37,938 [ERROR] CADModel:125 - Updater not yet initialized, retry later 
2024-11-24 03:16:38,199 [INFO] ThirdPartyUpdaterWithRetryManager:70 - Updater plugin not ready yet. [3/15]
2024-11-24 03:16:38,383 [INFO] CADModel:165 - CPN selected for project level
2024-11-24 03:16:38,383 [INFO] CADModel:114 - Register for checkConnection events
2024-11-24 03:16:38,384 [FATAL] Updater:334 - Updater called before beeing initialized
2024-11-24 03:16:38,384 [ERROR] CADModel:125 - Updater not yet initialized, retry later 
2024-11-24 03:16:38,391 [FATAL] Updater:334 - Updater called before beeing initialized
2024-11-24 03:16:38,714 [FATAL] Updater:334 - Updater called before beeing initialized
2024-11-24 03:16:38,736 [INFO] DbMcusAds:53 - JSON generation date=Fri Sep 20 15:04:38 CEST 2024 (1726837478367)
2024-11-24 03:16:38,737 [FATAL] Updater:334 - Updater called before beeing initialized
2024-11-24 03:16:38,827 [WARN] DetailPanel:346 - Failed to get advertising image, set to default
2024-11-24 03:16:38,998 [FATAL] Updater:334 - Updater called before beeing initialized
2024-11-24 03:16:39,001 [FATAL] Updater:334 - Updater called before beeing initialized
2024-11-24 03:16:39,001 [FATAL] Updater:334 - Updater called before beeing initialized
2024-11-24 03:16:39,001 [WARN] DetailPanel:346 - Failed to get advertising image, set to default
2024-11-24 03:16:39,003 [FATAL] Updater:334 - Updater called before beeing initialized
2024-11-24 03:16:39,108 [ERROR] Updater:1164 - MainUpdater not yet initialized. External WinMGr cannot be set.
2024-11-24 03:16:39,123 [INFO] Updater:1100 - Updater Version found : 6.12.1
2024-11-24 03:16:39,158 [INFO] ApplicationProperties:184 - Using Application install path: C:\ST\STM32CubeIDE_1.16.0\STM32CubeIDE\plugins\com.st.stm32cube.common.mx_6.12.1.202409122256
2024-11-24 03:16:40,078 [INFO] MainUpdater:2873 - connection check result : 10
2024-11-24 03:16:40,078 [INFO] MainUpdater:3567 - Updater definition file requires update
2024-11-24 03:16:40,080 [INFO] MainUpdater:290 - Updater Check For Update Now.
2024-11-24 03:16:40,080 [INFO] MicroXplorer:498 - Change Database Version : DB.6.0.121
2024-11-24 03:16:40,095 [INFO] McuFinderGlobals:63 - Set McuFinder mode to 2 (CubeIDE integrated)
2024-11-24 03:16:40,118 [INFO] UserAuth:417 - Internet connection configuration mode: 1
2024-11-24 03:16:40,153 [INFO] JxBrowserEngine:152 - Initiate JxBrowser Engine with user profile folder
2024-11-24 03:16:40,256 [INFO] ServerAccessManage:473 - Download File updaters.zip
2024-11-24 03:16:40,484 [INFO] FileExtend:240 - Unzip File : updaters.zip
2024-11-24 03:16:40,485 [INFO] FileExtend:255 - Standard Zip Deflate
2024-11-24 03:16:41,201 [WARN] MainUpdater:1194 - Updater busy. Cannot search thirdparties
2024-11-24 03:16:41,211 [INFO] ThirdPartyUpdaterWithRetryManager:96 - Updater plugin is busy. [1/15]
2024-11-24 03:16:43,630 [INFO] ServerAccessManage:473 - Download File PacksControlFlags.xml
2024-11-24 03:16:43,798 [INFO] ServerAccessManage:473 - Download File cubemx.pidx
2024-11-24 03:16:44,212 [WARN] MainUpdater:1194 - Updater busy. Cannot search thirdparties
2024-11-24 03:16:44,212 [INFO] ThirdPartyUpdaterWithRetryManager:96 - Updater plugin is busy. [2/15]
2024-11-24 03:16:44,278 [INFO] LoadServerUpdatesThread:375 - End of LoadServerUpdate Thread
2024-11-24 03:16:44,530 [INFO] CheckServerUpdateThread:120 - End of CheckServer Thread
2024-11-24 03:16:48,821 [WARN] PackLoader:240 - Cannot read IP mode file for STMicroelectronics.FP-SNS-MOTENVWB1.1.4.0
2024-11-24 03:16:48,936 [WARN] PackLoader:240 - Cannot read IP mode file for STMicroelectronics.FP-ATR-ASTRA1.2.0.1
2024-11-24 03:16:48,974 [WARN] PackLoader:240 - Cannot read IP mode file for STMicroelectronics.X-CUBE-SMBUS.2.1.0
2024-11-24 03:16:49,066 [WARN] PackLoader:240 - Cannot read IP mode file for STMicroelectronics.X-CUBE-WB05N.1.1.0
2024-11-24 03:16:49,225 [WARN] PackLoader:240 - Cannot read IP mode file for STMicroelectronics.X-CUBE-AZRTOS-F7.1.1.0
2024-11-24 03:16:49,382 [WARN] PackLoader:240 - Cannot read IP mode file for STMicroelectronics.X-CUBE-MEMS1.11.0.0
2024-11-24 03:16:49,803 [WARN] PackLoader:240 - Cannot read IP mode file for STMicroelectronics.FP-SNS-FLIGHT1.5.0.2
2024-11-24 03:16:49,889 [WARN] PackLoader:240 - Cannot read IP mode file for STMicroelectronics.X-CUBE-DISPLAY.3.0.0
2024-11-24 03:16:49,969 [WARN] PackLoader:240 - Cannot read IP mode file for STMicroelectronics.X-CUBE-BLE1.7.0.0
2024-11-24 03:16:50,029 [WARN] PackLoader:240 - Cannot read IP mode file for STMicroelectronics.X-CUBE-NFC10.1.0.0
2024-11-24 03:16:50,101 [WARN] PackLoader:240 - Cannot read IP mode file for emotas.I-CUBE-CANOPEN.1.3.0
2024-11-24 03:16:50,218 [WARN] PackLoader:240 - Cannot read IP mode file for STMicroelectronics.X-CUBE-BLEMGR.3.1.0
2024-11-24 03:16:50,269 [WARN] PackLoader:240 - Cannot read IP mode file for STMicroelectronics.FP-SNS-SMARTAG2.1.2.0
2024-11-24 03:16:50,388 [INFO] LogOutputStream:77 - [STDOUT_REDIRECT] 1 : Invalid condition id : UX_CORESTACK_Condition cause : null
2024-11-24 03:16:50,388 [INFO] LogOutputStream:77 - [STDOUT_REDIRECT] 1 : Invalid condition id : UX_CORESTACK_Condition cause : null
2024-11-24 03:16:50,391 [INFO] LogOutputStream:77 - [STDOUT_REDIRECT] 1 : Invalid condition id : UX_CORESTACK_Condition cause : null
2024-11-24 03:16:50,393 [INFO] LogOutputStream:77 - [STDOUT_REDIRECT] 1 : Invalid condition id : UX_CORESTACK_Condition cause : null
2024-11-24 03:16:50,395 [INFO] LogOutputStream:77 - [STDOUT_REDIRECT] 1 : Invalid condition id : UX_CORESTACK_Condition cause : null
2024-11-24 03:16:50,405 [WARN] PackLoader:240 - Cannot read IP mode file for STMicroelectronics.X-CUBE-AZRTOS-WL.2.0.0
2024-11-24 03:16:50,453 [WARN] PackLoader:240 - Cannot read IP mode file for STMicroelectronics.FP-SNS-MOTENV1.5.0.0
2024-11-24 03:16:50,509 [WARN] PackLoader:240 - Cannot read IP mode file for wolfSSL.I-CUBE-wolfMQTT.1.19.0
2024-11-24 03:16:50,588 [WARN] PackLoader:240 - Cannot read IP mode file for WES.I-CUBE-Cesium.1.3.0
2024-11-24 03:16:50,658 [WARN] PackLoader:240 - Cannot read IP mode file for STMicroelectronics.X-CUBE-BLE2.3.3.0
2024-11-24 03:16:50,730 [WARN] PackLoader:240 - Cannot read IP mode file for STMicroelectronics.X-CUBE-NFC9.1.0.0
2024-11-24 03:16:50,768 [WARN] PackLoader:240 - Cannot read IP mode file for STMicroelectronics.X-CUBE-TCPP.4.1.0
2024-11-24 03:16:50,921 [WARN] PackLoader:240 - Cannot read IP mode file for STMicroelectronics.X-CUBE-AZRTOS-G0.1.1.0
2024-11-24 03:16:50,988 [WARN] PackLoader:240 - Cannot read IP mode file for STMicroelectronics.X-CUBE-SAFEA1.1.2.2
2024-11-24 03:16:51,028 [WARN] PackLoader:240 - Cannot read IP mode file for STMicroelectronics.X-CUBE-NFC4.3.0.0
2024-11-24 03:16:51,126 [WARN] PackLoader:240 - Cannot read IP mode file for EmbeddedOffice.I-CUBE-FS-RTOS.1.0.1
2024-11-24 03:16:51,127 [ERROR] ConditionMgr:805 - Attr not supported : Dmpu
2024-11-24 03:16:51,127 [ERROR] ConditionMgr:805 - Attr not supported : Dmpu
2024-11-24 03:16:51,127 [ERROR] ConditionMgr:805 - Attr not supported : Dmpu
2024-11-24 03:16:51,128 [ERROR] ConditionMgr:805 - Attr not supported : Dmpu
2024-11-24 03:16:51,128 [ERROR] ConditionMgr:805 - Attr not supported : Dmpu
2024-11-24 03:16:51,128 [ERROR] ConditionMgr:805 - Attr not supported : Dmpu
2024-11-24 03:16:51,128 [ERROR] ConditionMgr:805 - Attr not supported : Dmpu
2024-11-24 03:16:51,128 [ERROR] ConditionMgr:805 - Attr not supported : Dmpu
2024-11-24 03:16:51,128 [ERROR] ConditionMgr:805 - Attr not supported : Dmpu
2024-11-24 03:16:51,128 [ERROR] ConditionMgr:805 - Attr not supported : Dmpu
2024-11-24 03:16:51,129 [ERROR] ConditionMgr:805 - Attr not supported : Dmpu
2024-11-24 03:16:51,129 [ERROR] ConditionMgr:805 - Attr not supported : Dmpu
2024-11-24 03:16:51,129 [ERROR] ConditionMgr:805 - Attr not supported : Dmpu
2024-11-24 03:16:51,129 [ERROR] ConditionMgr:805 - Attr not supported : Dmpu
2024-11-24 03:16:51,129 [ERROR] ConditionMgr:805 - Attr not supported : Dmpu
2024-11-24 03:16:51,129 [ERROR] ConditionMgr:805 - Attr not supported : Dmpu
2024-11-24 03:16:51,130 [ERROR] ConditionMgr:805 - Attr not supported : Dmpu
2024-11-24 03:16:51,130 [ERROR] ConditionMgr:805 - Attr not supported : Dmpu
2024-11-24 03:16:51,130 [ERROR] ConditionMgr:805 - Attr not supported : Dmpu
2024-11-24 03:16:51,131 [ERROR] ConditionMgr:805 - Attr not supported : Dmpu
2024-11-24 03:16:51,131 [ERROR] ConditionMgr:805 - Attr not supported : Dmpu
2024-11-24 03:16:51,131 [ERROR] ConditionMgr:805 - Attr not supported : Dmpu
2024-11-24 03:16:51,131 [ERROR] ConditionMgr:805 - Attr not supported : Dmpu
2024-11-24 03:16:51,131 [ERROR] ConditionMgr:805 - Attr not supported : Dmpu
2024-11-24 03:16:51,132 [ERROR] ConditionMgr:805 - Attr not supported : Dmpu
2024-11-24 03:16:51,132 [ERROR] ConditionMgr:805 - Attr not supported : Dmpu
2024-11-24 03:16:51,132 [ERROR] ConditionMgr:805 - Attr not supported : Dmpu
2024-11-24 03:16:51,132 [ERROR] ConditionMgr:805 - Attr not supported : Dmpu
2024-11-24 03:16:51,133 [ERROR] ConditionMgr:805 - Attr not supported : Dmpu
2024-11-24 03:16:51,133 [ERROR] ConditionMgr:805 - Attr not supported : Dmpu
2024-11-24 03:16:51,133 [ERROR] ConditionMgr:805 - Attr not supported : Dmpu
2024-11-24 03:16:51,133 [ERROR] ConditionMgr:805 - Attr not supported : Dmpu
2024-11-24 03:16:51,133 [ERROR] ConditionMgr:805 - Attr not supported : Dmpu
2024-11-24 03:16:51,133 [ERROR] ConditionMgr:805 - Attr not supported : Dmpu
2024-11-24 03:16:51,134 [ERROR] ConditionMgr:805 - Attr not supported : Dmpu
2024-11-24 03:16:51,134 [ERROR] ConditionMgr:805 - Attr not supported : Dmpu
2024-11-24 03:16:51,134 [ERROR] ConditionMgr:805 - Attr not supported : Dmpu
2024-11-24 03:16:51,134 [ERROR] ConditionMgr:805 - Attr not supported : Dmpu
2024-11-24 03:16:51,134 [ERROR] ConditionMgr:805 - Attr not supported : Dmpu
2024-11-24 03:16:51,135 [ERROR] ConditionMgr:805 - Attr not supported : Dmpu
2024-11-24 03:16:51,135 [ERROR] ConditionMgr:805 - Attr not supported : Dmpu
2024-11-24 03:16:51,135 [ERROR] ConditionMgr:805 - Attr not supported : Dmpu
2024-11-24 03:16:51,135 [ERROR] ConditionMgr:805 - Attr not supported : Dmpu
2024-11-24 03:16:51,135 [ERROR] ConditionMgr:805 - Attr not supported : Dmpu
2024-11-24 03:16:51,136 [ERROR] ConditionMgr:805 - Attr not supported : Dmpu
2024-11-24 03:16:51,136 [ERROR] ConditionMgr:805 - Attr not supported : Dmpu
2024-11-24 03:16:51,136 [ERROR] ConditionMgr:805 - Attr not supported : Dmpu
2024-11-24 03:16:51,136 [ERROR] ConditionMgr:805 - Attr not supported : Dmpu
2024-11-24 03:16:51,136 [ERROR] ConditionMgr:805 - Attr not supported : Dmpu
2024-11-24 03:16:51,136 [ERROR] ConditionMgr:805 - Attr not supported : Dmpu
2024-11-24 03:16:51,137 [ERROR] ConditionMgr:805 - Attr not supported : Dmpu
2024-11-24 03:16:51,137 [ERROR] ConditionMgr:805 - Attr not supported : Dmpu
2024-11-24 03:16:51,137 [ERROR] ConditionMgr:805 - Attr not supported : Dmpu
2024-11-24 03:16:51,137 [ERROR] ConditionMgr:805 - Attr not supported : Dmpu
2024-11-24 03:16:51,137 [ERROR] ConditionMgr:805 - Attr not supported : Dmpu
2024-11-24 03:16:51,137 [ERROR] ConditionMgr:805 - Attr not supported : Dmpu
2024-11-24 03:16:51,138 [ERROR] ConditionMgr:805 - Attr not supported : Dmpu
2024-11-24 03:16:51,138 [ERROR] ConditionMgr:805 - Attr not supported : Dmpu
2024-11-24 03:16:51,138 [ERROR] ConditionMgr:805 - Attr not supported : Dmpu
2024-11-24 03:16:51,138 [ERROR] ConditionMgr:805 - Attr not supported : Dmpu
2024-11-24 03:16:51,138 [ERROR] ConditionMgr:805 - Attr not supported : Dmpu
2024-11-24 03:16:51,139 [ERROR] ConditionMgr:805 - Attr not supported : Dmpu
2024-11-24 03:16:51,139 [ERROR] ConditionMgr:805 - Attr not supported : Dmpu
2024-11-24 03:16:51,139 [ERROR] ConditionMgr:805 - Attr not supported : Dmpu
2024-11-24 03:16:51,169 [WARN] PackLoader:240 - Cannot read IP mode file for RealThread.X-CUBE-RT-Thread_Nano.4.1.1
2024-11-24 03:16:51,238 [WARN] PackLoader:240 - Cannot read IP mode file for STMicroelectronics.FP-ATR-SIGFOX1.3.2.0
2024-11-24 03:16:51,290 [WARN] PackLoader:240 - Cannot read IP mode file for wolfSSL.I-CUBE-wolfSSL.5.7.2
2024-11-24 03:16:51,355 [WARN] ConditionMgr:438 - getConditionDescription Invalid condition id : Cortex-A Device cause : null
2024-11-24 03:16:51,392 [WARN] ConditionMgr:1039 - genDependencies : Invalid condition id : Cortex-A Device cause : null
2024-11-24 03:16:51,393 [WARN] ConditionMgr:1039 - genDependencies : Invalid condition id : Cortex-A Device cause : null
2024-11-24 03:16:51,393 [WARN] ConditionMgr:1039 - genDependencies : Invalid condition id : Cortex-A Device cause : null
2024-11-24 03:16:51,414 [WARN] PackLoader:240 - Cannot read IP mode file for STMicroelectronics.X-CUBE-EEPRMA1.5.1.0
2024-11-24 03:16:51,488 [WARN] PackLoader:240 - Cannot read IP mode file for ITTIA_DB.I-CUBE-ITTIADB.8.9.0
2024-11-24 03:16:51,656 [WARN] PackLoader:240 - Cannot read IP mode file for SEGGER.I-CUBE-embOS.1.3.1
2024-11-24 03:16:51,731 [WARN] PackLoader:240 - Cannot read IP mode file for STMicroelectronics.X-CUBE-ALGOBUILD.1.4.0
2024-11-24 03:16:51,791 [WARN] PackLoader:240 - Cannot read IP mode file for STMicroelectronics.X-CUBE-AI.9.1.0
2024-11-24 03:16:51,814 [WARN] PackLoader:240 - Cannot read IP mode file for STMicroelectronics.X-CUBE-GNSS1.6.0.0
2024-11-24 03:16:51,888 [WARN] PackLoader:240 - Cannot read IP mode file for STMicroelectronics.X-CUBE-AZRTOS-F4.1.1.0
2024-11-24 03:16:51,967 [WARN] PackLoader:240 - Cannot read IP mode file for STMicroelectronics.X-CUBE-ISPU.2.1.0
2024-11-24 03:16:52,024 [WARN] PackLoader:240 - Cannot read IP mode file for STMicroelectronics.X-CUBE-FREERTOS.1.2.0
2024-11-24 03:16:52,100 [WARN] PackLoader:240 - Cannot read IP mode file for STMicroelectronics.X-CUBE-AZRTOS-L5.2.0.0
2024-11-24 03:16:52,187 [WARN] PackLoader:240 - Cannot read IP mode file for STMicroelectronics.X-CUBE-NFC6.3.1.0
2024-11-24 03:16:52,256 [WARN] PackLoader:240 - Cannot read IP mode file for STMicroelectronics.X-CUBE-DPower.1.2.0
2024-11-24 03:16:52,336 [WARN] PackLoader:240 - Cannot read IP mode file for STMicroelectronics.X-CUBE-AI.9.0.0
2024-11-24 03:16:52,399 [WARN] PackLoader:240 - Cannot read IP mode file for STMicroelectronics.X-CUBE-NFC7.1.0.1
2024-11-24 03:16:52,440 [WARN] ConditionMgr:438 - getConditionDescription Invalid condition id : LAN8742 Phy interface Condition cause : null
2024-11-24 03:16:52,441 [WARN] PackLoader:240 - Cannot read IP mode file for STMicroelectronics.X-CUBE-AZRTOS-L4.2.0.0
2024-11-24 03:16:52,443 [WARN] ConditionMgr:1039 - genDependencies : Invalid condition id : LAN8742 Phy interface Condition cause : null
2024-11-24 03:16:52,443 [WARN] ConditionMgr:1039 - genDependencies : Invalid condition id : LAN8742 Phy interface Condition cause : null
2024-11-24 03:16:52,444 [WARN] ConditionMgr:1039 - genDependencies : Invalid condition id : LAN8742 Phy interface Condition cause : null
2024-11-24 03:16:52,506 [WARN] PackLoader:240 - Cannot read IP mode file for STMicroelectronics.X-CUBE-SFXS2LP1.4.0.0
2024-11-24 03:16:52,607 [WARN] PackLoader:240 - Cannot read IP mode file for STMicroelectronics.X-CUBE-AZRTOS-H7.3.3.0
2024-11-24 03:16:52,722 [WARN] PackLoader:240 - Cannot read IP mode file for STMicroelectronics.X-CUBE-IPS.3.0.0
2024-11-24 03:16:52,851 [WARN] ConditionMgr:438 - getConditionDescription Invalid condition id : UX DEVICE CLASS RTOS Condition cause : null
2024-11-24 03:16:52,852 [WARN] ConditionMgr:438 - getConditionDescription Invalid condition id : UX DEVICE CLASS RTOS Condition cause : null
2024-11-24 03:16:52,857 [WARN] PackLoader:240 - Cannot read IP mode file for STMicroelectronics.X-CUBE-AZRTOS-WB.2.0.0
2024-11-24 03:16:52,858 [WARN] ConditionMgr:1039 - genDependencies : Invalid condition id : UX DEVICE CLASS RTOS Condition cause : null
2024-11-24 03:16:52,858 [WARN] ConditionMgr:1039 - genDependencies : Invalid condition id : UX DEVICE CLASS RTOS Condition cause : null
2024-11-24 03:16:52,859 [WARN] ConditionMgr:1039 - genDependencies : Invalid condition id : UX DEVICE CLASS RTOS Condition cause : null
2024-11-24 03:16:52,860 [WARN] ConditionMgr:1039 - genDependencies : Invalid condition id : UX DEVICE CLASS RTOS Condition cause : null
2024-11-24 03:16:52,860 [WARN] ConditionMgr:1039 - genDependencies : Invalid condition id : UX DEVICE CLASS RTOS Condition cause : null
2024-11-24 03:16:52,897 [WARN] PackLoader:240 - Cannot read IP mode file for STMicroelectronics.X-CUBE-GNSS1.7.0.0
2024-11-24 03:16:52,990 [WARN] PackLoader:240 - Cannot read IP mode file for STMicroelectronics.FP-SNS-STBOX1.2.0.0
2024-11-24 03:16:53,082 [WARN] PackLoader:240 - Cannot read IP mode file for STMicroelectronics.X-CUBE-SUBG2.5.0.0
2024-11-24 03:16:53,102 [WARN] PackLoader:240 - Cannot read IP mode file for Cesanta.I-CUBE-Mongoose.7.13.0
2024-11-24 03:16:53,175 [WARN] PackLoader:240 - Cannot read IP mode file for STMicroelectronics.X-CUBE-AZRTOS-G4.2.0.0
2024-11-24 03:16:53,238 [WARN] PackLoader:240 - Cannot read IP mode file for STMicroelectronics.X-CUBE-ISPU.2.0.0
2024-11-24 03:16:53,298 [WARN] PackLoader:240 - Cannot read IP mode file for STMicroelectronics.X-CUBE-ALS.1.0.2
2024-11-24 03:16:53,362 [WARN] PackLoader:240 - Cannot read IP mode file for STMicroelectronics.X-CUBE-TOUCHGFX.4.24.0
2024-11-24 03:16:53,374 [WARN] PackLoader:240 - Cannot read IP mode file for STMicroelectronics.X-CUBE-TOUCHGFX.4.24.1
2024-11-24 03:16:53,386 [WARN] PackLoader:240 - Cannot read IP mode file for wolfSSL.I-CUBE-wolfTPM.3.4.0
2024-11-24 03:16:53,401 [WARN] PackLoader:240 - Cannot read IP mode file for portGmbH.I-Cube-SoM-uGOAL.1.1.0
2024-11-24 03:16:53,550 [WARN] PackLoader:240 - Cannot read IP mode file for STMicroelectronics.X-CUBE-AZRTOS-H7RS.1.0.0
2024-11-24 03:16:53,583 [WARN] PackLoader:240 - Cannot read IP mode file for STMicroelectronics.FP-ATR-ASTRA1.2.0.0
2024-11-24 03:16:53,742 [WARN] PackLoader:240 - Cannot read IP mode file for STMicroelectronics.X-CUBE-TOF1.3.4.2
2024-11-24 03:16:53,794 [WARN] PackLoader:240 - Cannot read IP mode file for Infineon.AIROC-Wi-Fi-Bluetooth-STM32.1.6.1
2024-11-24 03:16:53,827 [WARN] PackLoader:240 - Cannot read IP mode file for wolfSSL.I-CUBE-wolfSSH.1.4.17
2024-11-24 03:16:53,828 [INFO] ThirdParty:978 - Integrity check success = true
2024-11-24 03:16:53,828 [INFO] IntegrityCheckThread:100 - exiting critical section [integrity check]
2024-11-24 03:16:53,828 [INFO] IntegrityCheckThread:103 - End integrity checks thread
2024-11-24 03:16:59,002 [INFO] WebApp:167 - Instantiating new browser for Auth
2024-11-24 03:17:00,686 [INFO] WebApp:448 - Apply proxy settings
2024-11-24 03:17:00,686 [INFO] WebApp:533 - Chromium requires no authentication
2024-11-24 03:17:00,705 [INFO] WebApp:476 - Direct internet connection detected
2024-11-24 03:17:00,760 [INFO] WebApp:869 - Register for checkConnection events
2024-11-24 03:17:00,760 [INFO] WebApp:448 - Apply proxy settings
2024-11-24 03:17:00,760 [INFO] WebApp:533 - Chromium requires no authentication
2024-11-24 03:17:00,761 [INFO] WebApp:476 - Direct internet connection detected
2024-11-24 03:17:00,973 [INFO] WebApp:186 - Connection restablished
2024-11-24 03:17:01,279 [INFO] WebApp:220 - Starting web application
2024-11-24 03:17:01,280 [INFO] WebApp:578 - Web application path used C:\ST\STM32CubeIDE_1.16.0\STM32CubeIDE\plugins\com.st.stm32cube.common.mx_6.12.1.202409122256\db\plugins\mcufinder\reactClient1\index.html
2024-11-24 03:17:01,662 [INFO] UserAuth:417 - Internet connection configuration mode: 1
2024-11-24 04:08:21,434 [INFO] McuFinderGlobals:63 - Set McuFinder mode to 2 (CubeIDE integrated)
2024-11-24 04:08:21,458 [INFO] MainUpdater:2873 - connection check result : 10
2024-11-24 04:08:21,485 [INFO] McuFinderGlobals:76 - Set McuFinderConnectedMode to true
2024-11-24 04:08:21,737 [INFO] ServerAccessManage:473 - Download File mcusAds.json._tmp_
2024-11-24 04:08:21,871 [INFO] LoadUrlFilesThread:156 - End of LoadUrlFiles Thread
2024-11-24 04:08:22,541 [INFO] ServerAccessManage:473 - Download File cube-finder-db.zip
2024-11-24 04:08:24,545 [INFO] FileExtend:240 - Unzip File : cube-finder-db.zip
2024-11-24 04:08:24,546 [INFO] FileExtend:255 - Standard Zip Deflate
2024-11-24 04:08:25,443 [INFO] LoadUrlFilesThread:156 - End of LoadUrlFiles Thread
2024-11-24 04:08:25,642 [INFO] ServerAccessManage:473 - Download File crdb.zip
2024-11-24 04:08:25,754 [INFO] FileExtend:240 - Unzip File : crdb.zip
2024-11-24 04:08:25,755 [INFO] FileExtend:255 - Standard Zip Deflate
2024-11-24 04:08:25,893 [INFO] LoadUrlFilesThread:156 - End of LoadUrlFiles Thread
2024-11-24 04:08:26,470 [INFO] ServerAccessManage:473 - Download File tutoVideoDB.zip
2024-11-24 04:08:26,476 [INFO] FileExtend:240 - Unzip File : tutoVideoDB.zip
2024-11-24 04:08:26,476 [INFO] FileExtend:255 - Standard Zip Deflate
2024-11-24 04:08:26,601 [INFO] LoadUrlFilesThread:156 - End of LoadUrlFiles Thread
2024-11-24 04:08:26,607 [WARN] DbFile:41 - Overriding database path with different value: C:\Users\newto\.stmcufinder\plugins\mcufinder/ => C:\Users\newto\.stmcufinder\plugins\mcufinder
2024-11-24 04:08:26,975 [INFO] ServerAccessManage:473 - Download File api_config.json
2024-11-24 04:08:27,092 [INFO] LoadUrlFilesThread:156 - End of LoadUrlFiles Thread
2024-11-24 04:08:27,099 [INFO] DbMcusAds:53 - JSON generation date=Fri Sep 20 15:04:38 CEST 2024 (1726837478367)
2024-11-24 04:08:27,137 [INFO] LoadUrlFilesThread:185 - End of LoadServerUrlFiles without Thread
2024-11-24 04:08:27,137 [INFO] TargetSelectorAdapter:259 - Refresh data is successful
2024-11-24 04:08:27,559 [INFO] ApiDb:581 - Connected to CubeFinder SQLite database (C:\Users\newto\.stmcufinder\plugins\mcufinder\mcu\cube-finder-db.db)
2024-11-24 04:08:27,610 [INFO] ApiDb:668 - CubeFinder database Data Model version=2.1
2024-11-24 04:08:27,611 [INFO] ApiDb:669 - CubeFinder database Configuration version=3.0.39
2024-11-24 04:08:27,612 [INFO] ApiDb:670 - CubeFinder database generation date=2024-10-15 (1729006872)
2024-11-24 04:08:27,612 [INFO] ApiDb:671 - CubeFinder database FW Pack versions=[FP-ATR-ASTRA1_V2.0.0, FP-SNS-FLIGHT1_V5.0.2, FP-SNS-MOTENV1_V5.0.0, FP-SNS-MOTENVWB1_V1.4.0, FP-SNS-SMARTAG2_V1.2.0, FP-SNS-STBOX1_V2.0.0, STM32Cube_FW_C0_V1.2.0, STM32Cube_FW_F4_V1.28.1, STM32Cube_FW_F7_V1.17.2, STM32Cube_FW_G0_V1.6.2, STM32Cube_FW_G4_V1.6.0, STM32Cube_FW_H5_V1.3.0, STM32Cube_FW_H7RS_V1.1.0, STM32Cube_FW_H7_V1.11.2, STM32Cube_FW_L0_V1.12.2, STM32Cube_FW_L5_V1.5.1, STM32Cube_FW_U0_V1.1.0, STM32Cube_FW_U5_V1.6.0, STM32Cube_FW_WB0_V1.0.0, STM32Cube_FW_WBA_V1.4.1, STM32Cube_FW_WB_V1.20.0, STM32Cube_FW_WL_V1.3.0, X-CUBE-ALGOBUILD_V1.4.0, X-CUBE-ALS_V1.0.2, X-CUBE-AZRTOS-F4_V1.1.0, X-CUBE-AZRTOS-F7_V1.1.0, X-CUBE-AZRTOS-G0_V1.1.0, X-CUBE-AZRTOS-G4_V2.0.0, X-CUBE-AZRTOS-H7RS_V1.0.0, X-CUBE-AZRTOS-H7_V3.3.0, X-CUBE-AZRTOS-L4_V2.0.0, X-CUBE-AZRTOS-L5_V2.0.0, X-CUBE-AZRTOS-WB_V2.0.0, X-CUBE-AZRTOS-WL_V2.0.0, X-CUBE-BLE1_V7.0.0, X-CUBE-BLE2_V3.3.0, X-CUBE-BLEMGR_V3.1.0, X-CUBE-EEPRMA1_V5.1.0, X-CUBE-FREERTOS_V1.2.0, X-CUBE-GNSS1_V6.0.0, X-CUBE-MEMS1_V11.0.0, X-CUBE-NFC4_V3.0.0, X-CUBE-NFC7_V1.0.1, X-CUBE-SFXS2LP1_V4.0.0, X-CUBE-SUBG2_V5.0.0, X-CUBE-TOF1_V3.4.2]
2024-11-24 04:08:28,974 [INFO] ApiDb:240 - Found 646 in-development CPN: [B-G473E-ZEST1S, B-WB1M-WPAN1, B-WL5M-SUBG1, NUCLEO-C031C6, NUCLEO-C071RB, NUCLEO-H503RB, NUCLEO-H533RE, NUCLEO-H563ZI, NUCLEO-H7S3L8, NUCLEO-U031R8, NUCLEO-U083RC, NUCLEO-U545RE-Q, NUCLEO-U5A5ZJ-Q, NUCLEO-WB05KZ, NUCLEO-WB07CC, NUCLEO-WB09KE, NUCLEO-WBA52CG, NUCLEO-WBA55CG, STEVAL-PROTEUS1, STEVAL-SMARTAG2, STEVAL-STWINBX1, STM320518-EVAL, STM32C0116-DK, STM32C011D6Y3TR, STM32C011D6Y6TR, STM32C011F4P3, STM32C011F4P6, STM32C011F4U3, STM32C011F4U6TR, STM32C011F6P3, STM32C011F6P6, STM32C011F6U3, STM32C011F6U6TR, STM32C011J4M3, STM32C011J4M6, STM32C011J6M3, STM32C011J6M6, STM32C0316-DK, STM32C031C4T3, STM32C031C4T6, STM32C031C4U3, STM32C031C4U6, STM32C031C6T3, STM32C031C6T6, STM32C031C6U3, STM32C031C6U6, STM32C031F4P3, STM32C031F4P6, STM32C031F6P3, STM32C031F6P6, STM32C031G4U3, STM32C031G4U6, STM32C031G6U3, STM32C031G6U6, STM32C031K4T3, STM32C031K4T6, STM32C031K4U3, STM32C031K4U6, STM32C031K6T3, STM32C031K6T6, STM32C031K6U3, STM32C031K6U6, STM32C071C8T6, STM32C071C8T6N, STM32C071C8U6, STM32C071C8U6N, STM32C071CBT6, STM32C071CBT6N, STM32C071CBU6, STM32C071CBU6N, STM32C071F8P6, STM32C071F8P6N, STM32C071FBP6, STM32C071FBP6N, STM32C071FBY6TR, STM32C071G8U6, STM32C071G8U6N, STM32C071GBU6, STM32C071GBU6N, STM32C071K8T6, STM32C071K8T6N, STM32C071K8U6, STM32C071K8U6N, STM32C071KBT6, STM32C071KBT6N, STM32C071KBU6, STM32C071KBU6N, STM32C071R8T6, STM32C071R8T6N, STM32C071RBI6N, STM32C071RBT6, STM32C071RBT6N, STM32G071K8TXN, STM32G071K8UXN, STM32G081GBU6N, STM32G081KBT6N, STM32G081KBUXN, STM32G0B1CCT6N, STM32G0B1KCT6, STM32G0B1NEY6TR, STM32G0B1RCT6N, STM32G0C1CCT6, STM32G0C1CCT6N, STM32G0C1CCU6N, STM32G0C1CET6N, STM32G0C1CEU6N, STM32G0C1KCT6, STM32G0C1NEY6TR, STM32G0C1RCI6N, STM32G0C1RCT6N, STM32G0C1REI6N, STM32G0C1RET6N, STM32G0C1VCI6, STM32G0C1VEI6, STM32G411C6T3, STM32G411C6T6, STM32G411C6U3, STM32G411C6U6, STM32G411C8T3, STM32G411C8T6, STM32G411C8U3, STM32G411C8U6, STM32G411CBT3, STM32G411CBT6, STM32G411CBU3, STM32G411CBU6, STM32G411K6T3, STM32G411K6T6, STM32G411K6U3, STM32G411K6U6, STM32G411K8T3, STM32G411K8T6, STM32G411K8U3, STM32G411K8U6, STM32G411KBT3, STM32G411KBT6, STM32G411KBU3, STM32G411KBU6, STM32G411M6T3, STM32G411M6T6, STM32G411M8T3, STM32G411M8T6, STM32G411MBT3, STM32G411MBT6, STM32G411R6T3, STM32G411R6T6, STM32G411R8T3, STM32G411R8T6, STM32G411RBT3, STM32G411RBT6, STM32G414CBT3, STM32G414CBT6, STM32G414CBU3, STM32G414CBU6, STM32G414CCT3, STM32G414CCT6, STM32G414CCU3, STM32G414CCU6, STM32G414MBT3, STM32G414MBT6, STM32G414MCT3, STM32G414MCT6, STM32G414RBT3, STM32G414RBT6, STM32G414RCT3, STM32G414RCT6, STM32G414VBT3, STM32G414VBT6, STM32G414VCT3, STM32G414VCT6, STM32G431CBT3Z, STM32G431RBT3Z, STM32G471CCT6, STM32G471CCU6, STM32G471CET3, STM32G471CET6, STM32G471CEU3, STM32G471CEU6, STM32G471MCT6, STM32G471MET3, STM32G471MET6, STM32G471MEY6TR, STM32G471QCT6, STM32G471QET3, STM32G471RCT6, STM32G471RET3, STM32G471RET6, STM32G471VCH6, STM32G471VCI6, STM32G471VCT6, STM32G471VEH3, STM32G471VEH6, STM32G471VEI3, STM32G471VEI6, STM32G471VET3, STM32G471VET6, STM32G473QET3Z, STM32G473RET3Z, STM32G474CCT6, STM32G491RET3Z, STM32H503CBT6, STM32H503CBU6, STM32H503EBY6TR, STM32H503KBU6, STM32H503RBT6, STM32H523CCT6, STM32H523CCU6, STM32H523CET6, STM32H523CEU6, STM32H523HEY6TR, STM32H523RCT6, STM32H523RET6, STM32H523VCI6, STM32H523VCT6, STM32H523VEI6, STM32H523VET6, STM32H523ZCJ6, STM32H523ZCT6, STM32H523ZEJ6, STM32H523ZET6, STM32H533CET6, STM32H533CEU6, STM32H533HEY6TR, STM32H533RET6, STM32H533VEI6, STM32H533VET6, STM32H533ZEJ6, STM32H533ZET6, STM32H562AGI6, STM32H562AII6, STM32H562IGK6, STM32H562IGT6, STM32H562IIK6, STM32H562IIT6, STM32H562RGT6, STM32H562RGV6, STM32H562RIT6, STM32H562RIV6, STM32H562VGT6, STM32H562VIT6, STM32H562ZGT6, STM32H562ZIT6, STM32H563AGI6, STM32H563AII3Q, STM32H563AII6, STM32H563IGK6, STM32H563IGT6, STM32H563IIK3Q, STM32H563IIK6, STM32H563IIT3Q, STM32H563IIT6, STM32H563MIY3QTR, STM32H563RGT6, STM32H563RGV6, STM32H563RIT6, STM32H563RIV6, STM32H563VGT6, STM32H563VIT3Q, STM32H563VIT6, STM32H563ZGT6, STM32H563ZIT3Q, STM32H563ZIT6, STM32H573AII3Q, STM32H573AII6, STM32H573I-DK, STM32H573IIK3Q, STM32H573IIK6, STM32H573IIT3Q, STM32H573IIT6, STM32H573MIY3QTR, STM32H573RIT6, STM32H573RIV6, STM32H573VIT3Q, STM32H573VIT6, STM32H573ZIT3Q, STM32H573ZIT6, STM32H7R3A8I6, STM32H7R3I8K6, STM32H7R3I8T6, STM32H7R3L8H6, STM32H7R3L8H6H, STM32H7R3R8V6, STM32H7R3V8H6, STM32H7R3V8T6, STM32H7R3V8Y6TR, STM32H7R3Z8J6, STM32H7R3Z8T6, STM32H7R7A8I6, STM32H7R7I8K6, STM32H7R7I8T6, STM32H7R7L8H6, STM32H7R7L8H6H, STM32H7R7Z8J6, STM32H7S3A8I6, STM32H7S3I8K6, STM32H7S3I8T6, STM32H7S3L8H6, STM32H7S3L8H6H, STM32H7S3R8V6, STM32H7S3V8H6, STM32H7S3V8T6, STM32H7S3V8Y6TR, STM32H7S3Z8J6, STM32H7S3Z8T6, STM32H7S78-DK, STM32H7S7A8I6, STM32H7S7I8K6, STM32H7S7I8T6, STM32H7S7L8H6, STM32H7S7L8H6H, STM32H7S7Z8J6, STM32L4R5QGI6STR, STM32MP131AAE3, STM32MP131AAF3, STM32MP131AAG3, STM32MP131CAE3, STM32MP131CAF3, STM32MP131CAG3, STM32MP131DAE7, STM32MP131DAF7, STM32MP131DAG7, STM32MP131FAE7, STM32MP131FAF7, STM32MP131FAG7, STM32MP133AAE3, STM32MP133AAF3, STM32MP133AAG3, STM32MP133CAE3, STM32MP133CAF3, STM32MP133CAG3, STM32MP133DAE7, STM32MP133DAF7, STM32MP133DAG7, STM32MP133FAE7, STM32MP133FAF7, STM32MP133FAG7, STM32MP135AAE3, STM32MP135AAF3, STM32MP135AAG3, STM32MP135CAE3, STM32MP135CAF3, STM32MP135CAG3, STM32MP135DAE7, STM32MP135DAF7, STM32MP135DAG7, STM32MP135F-DK, STM32MP135FAE7, STM32MP135FAF7, STM32MP135FAF7T, STM32MP135FAF7U, STM32MP135FAG7, STM32MP251AAI3, STM32MP251AAK3, STM32MP251AAL3, STM32MP251CAI3, STM32MP251CAK3, STM32MP251CAL3, STM32MP251DAI3, STM32MP251DAK3, STM32MP251DAL3, STM32MP251FAI3, STM32MP251FAK3, STM32MP251FAL3, STM32MP253AAI3, STM32MP253AAK3, STM32MP253AAL3, STM32MP253CAI3, STM32MP253CAK3, STM32MP253CAL3, STM32MP253DAI3, STM32MP253DAK3, STM32MP253DAL3, STM32MP253FAI3, STM32MP253FAK3, STM32MP253FAL3, STM32MP255AAI3, STM32MP255AAK3, STM32MP255AAL3, STM32MP255CAI3, STM32MP255CAK3, STM32MP255CAL3, STM32MP255DAI3, STM32MP255DAK3, STM32MP255DAL3, STM32MP255FAI3, STM32MP255FAK3, STM32MP255FAL3, STM32MP257AAI3, STM32MP257AAK3, STM32MP257AAL3, STM32MP257CAI3, STM32MP257CAK3, STM32MP257CAL3, STM32MP257DAI3, STM32MP257DAK3, STM32MP257DAL3, STM32MP257F-DK, STM32MP257F-EV1, STM32MP257FAI3, STM32MP257FAK3, STM32MP257FAL3, STM32U031C6T6, STM32U031C6U6, STM32U031C8T6, STM32U031C8U6, STM32U031F4P6, STM32U031F6P6, STM32U031F8P6, STM32U031G6Y6TR, STM32U031G8Y6TR, STM32U031K4U6, STM32U031K6U6, STM32U031K8U6, STM32U031R6I6, STM32U031R6T6, STM32U031R8I6, STM32U031R8T6, STM32U073C8T6, STM32U073C8U6, STM32U073CBT6, STM32U073CBU6, STM32U073CCT6, STM32U073CCU6, STM32U073H8Y6TR, STM32U073HBY6TR, STM32U073HCY6TR, STM32U073K8U6, STM32U073KBU6, STM32U073KCU6, STM32U073M8I6, STM32U073M8T6, STM32U073MBI6, STM32U073MBT6, STM32U073MCI6, STM32U073MCT6, STM32U073R8I6, STM32U073R8T6, STM32U073RBI6, STM32U073RBT6, STM32U073RCI6, STM32U073RCT6, STM32U083C-DK, STM32U083CCT6, STM32U083CCU6, STM32U083HCY6TR, STM32U083KCU6, STM32U083MCI6, STM32U083MCT6, STM32U083RCI6, STM32U083RCT6, STM32U535CBT6, STM32U535CBT6Q, STM32U535CBU6, STM32U535CBU6Q, STM32U535CCT6, STM32U535CCT6Q, STM32U535CCU6, STM32U535CCU6Q, STM32U535CET6, STM32U535CET6Q, STM32U535CEU6, STM32U535CEU6Q, STM32U535JEY6QTR, STM32U535NCY6QTR, STM32U535NEY6QTR, STM32U535RBI6, STM32U535RBI6Q, STM32U535RBT6, STM32U535RBT6Q, STM32U535RCI6, STM32U535RCI6Q, STM32U535RCT6, STM32U535RCT6Q, STM32U535REI6, STM32U535REI6Q, STM32U535RET6, STM32U535RET6Q, STM32U535VCI6, STM32U535VCI6Q, STM32U535VCT6, STM32U535VCT6Q, STM32U535VEI6, STM32U535VEI6Q, STM32U535VET6, STM32U535VET6Q, STM32U545CET6, STM32U545CET6Q, STM32U545CEU6, STM32U545CEU6Q, STM32U545JEY6QTR, STM32U545NEY6QTR, STM32U545REI6, STM32U545REI6Q, STM32U545RET6, STM32U545RET6Q, STM32U545VEI6, STM32U545VEI6Q, STM32U545VET6, STM32U545VET6Q, STM32U595AIH6, STM32U595AIH6Q, STM32U595AJH6, STM32U595AJH6Q, STM32U595QII6, STM32U595QII6Q, STM32U595QJI6, STM32U595QJI6Q, STM32U595RIT6, STM32U595RIT6Q, STM32U595RJT6, STM32U595RJT6Q, STM32U595VIT6, STM32U595VIT6Q, STM32U595VJT6, STM32U595VJT6Q, STM32U595ZIT6, STM32U595ZIT6Q, STM32U595ZIY6QTR, STM32U595ZJT6, STM32U595ZJT6Q, STM32U595ZJY6QTR, STM32U599BJY6QTR, STM32U599NIH6Q, STM32U599NJH6Q, STM32U599VIT6Q, STM32U599VJT6, STM32U599VJT6Q, STM32U599ZIT6Q, STM32U599ZIY6QTR, STM32U599ZJT6Q, STM32U599ZJY6QTR, STM32U5A5AJH6, STM32U5A5AJH6Q, STM32U5A5QII3Q , STM32U5A5QJI6, STM32U5A5QJI6Q, STM32U5A5RJT6, STM32U5A5RJT6Q, STM32U5A5VJT6, STM32U5A5VJT6Q, STM32U5A5ZJT6, STM32U5A5ZJT6Q, STM32U5A5ZJY6QTR, STM32U5A9BJY6QTR, STM32U5A9J-DK, STM32U5A9NJH6Q, STM32U5A9VJT6Q, STM32U5A9ZJT6Q, STM32U5A9ZJY6QTR, STM32U5F7VIT6, STM32U5F7VIT6Q, STM32U5F7VJT6, STM32U5F7VJT6Q, STM32U5F9BJY6QTR, STM32U5F9NJH6Q, STM32U5F9VIT6Q, STM32U5F9VJT6Q, STM32U5F9ZIJ6QTR, STM32U5F9ZIT6Q, STM32U5F9ZJJ6QTR, STM32U5F9ZJT6Q, STM32U5G7VJT6, STM32U5G7VJT6Q, STM32U5G9BJY6QTR, STM32U5G9J-DK1, STM32U5G9J-DK2, STM32U5G9NJH6Q, STM32U5G9VJT6Q, STM32U5G9ZJJ6QTR, STM32U5G9ZJT6Q, STM32WB05KZV6TR, STM32WB05KZV7TR, STM32WB05TZF6TR, STM32WB05TZF7TR, STM32WB06CCF6TR, STM32WB06CCF7TR, STM32WB06CCV6TR, STM32WB06CCV7TR, STM32WB06KCV6TR, STM32WB06KCV7TR, STM32WB07CCF6TR, STM32WB07CCF7TR, STM32WB07CCV6TR, STM32WB07CCV7TR, STM32WB07KCV6TR, STM32WB07KCV7TR, STM32WB09KEV6TR, STM32WB09KEV7TR, STM32WB09TEF6TR, STM32WB09TEF7TR, STM32WB1MMCH6, STM32WBA50KGU6, STM32WBA50KGU6TR, STM32WBA52CEU6, STM32WBA52CEU6TR, STM32WBA52CEU7, STM32WBA52CEU7TR, STM32WBA52CGU6, STM32WBA52CGU6TR, STM32WBA52CGU6U, STM32WBA52CGU7, STM32WBA52CGU7TR, STM32WBA52KEU6, STM32WBA52KEU6TR, STM32WBA52KGU6, STM32WBA52KGU6TR, STM32WBA54CEU6, STM32WBA54CEU6TR, STM32WBA54CEU7, STM32WBA54CEU7TR, STM32WBA54CGU6, STM32WBA54CGU6TR, STM32WBA54CGU7, STM32WBA54CGU7TR, STM32WBA54KEU6, STM32WBA54KEU6TR, STM32WBA54KEU7, STM32WBA54KEU7TR, STM32WBA54KGU6, STM32WBA54KGU6TR, STM32WBA54KGU7, STM32WBA54KGU7TR, STM32WBA55CEU6, STM32WBA55CEU6TR, STM32WBA55CEU7, STM32WBA55CEU7TR, STM32WBA55CGU6, STM32WBA55CGU6TR, STM32WBA55CGU6U, STM32WBA55CGU7, STM32WBA55CGU7TR, STM32WBA55G-DK1, STM32WBA55HEF6, STM32WBA55HEF7, STM32WBA55HGF6, STM32WBA55HGF7, STM32WBA55UEI6, STM32WBA55UEI6TR, STM32WBA55UEI7, STM32WBA55UEI7TR, STM32WBA55UGI6, STM32WBA55UGI6TR, STM32WBA55UGI7, STM32WBA55UGI7TR, STM32WL5MOCH6, STM32WL5MOCH6TR]
2024-11-24 04:08:28,978 [INFO] DbMcus:218 - Found 4252 MCUs, 4252 are supported
2024-11-24 04:08:28,979 [INFO] ApiDb:423 - Load user favorites file C:\Users\newto/.stm32cubeide/favorites.mcus.txt: 0 item(s)
2024-11-24 04:08:28,979 [INFO] ApiDb:427 - User favorites MCUs=[]
2024-11-24 04:08:28,980 [INFO] DbMcus:224 - Set 0 / 0 favorites MCUs
2024-11-24 04:08:29,283 [INFO] ApiDb:668 - CubeFinder database Data Model version=2.1
2024-11-24 04:08:29,283 [INFO] ApiDb:669 - CubeFinder database Configuration version=3.0.39
2024-11-24 04:08:29,283 [INFO] ApiDb:670 - CubeFinder database generation date=2024-10-15 (1729006872)
2024-11-24 04:08:29,283 [INFO] ApiDb:671 - CubeFinder database FW Pack versions=[FP-ATR-ASTRA1_V2.0.0, FP-SNS-FLIGHT1_V5.0.2, FP-SNS-MOTENV1_V5.0.0, FP-SNS-MOTENVWB1_V1.4.0, FP-SNS-SMARTAG2_V1.2.0, FP-SNS-STBOX1_V2.0.0, STM32Cube_FW_C0_V1.2.0, STM32Cube_FW_F4_V1.28.1, STM32Cube_FW_F7_V1.17.2, STM32Cube_FW_G0_V1.6.2, STM32Cube_FW_G4_V1.6.0, STM32Cube_FW_H5_V1.3.0, STM32Cube_FW_H7RS_V1.1.0, STM32Cube_FW_H7_V1.11.2, STM32Cube_FW_L0_V1.12.2, STM32Cube_FW_L5_V1.5.1, STM32Cube_FW_U0_V1.1.0, STM32Cube_FW_U5_V1.6.0, STM32Cube_FW_WB0_V1.0.0, STM32Cube_FW_WBA_V1.4.1, STM32Cube_FW_WB_V1.20.0, STM32Cube_FW_WL_V1.3.0, X-CUBE-ALGOBUILD_V1.4.0, X-CUBE-ALS_V1.0.2, X-CUBE-AZRTOS-F4_V1.1.0, X-CUBE-AZRTOS-F7_V1.1.0, X-CUBE-AZRTOS-G0_V1.1.0, X-CUBE-AZRTOS-G4_V2.0.0, X-CUBE-AZRTOS-H7RS_V1.0.0, X-CUBE-AZRTOS-H7_V3.3.0, X-CUBE-AZRTOS-L4_V2.0.0, X-CUBE-AZRTOS-L5_V2.0.0, X-CUBE-AZRTOS-WB_V2.0.0, X-CUBE-AZRTOS-WL_V2.0.0, X-CUBE-BLE1_V7.0.0, X-CUBE-BLE2_V3.3.0, X-CUBE-BLEMGR_V3.1.0, X-CUBE-EEPRMA1_V5.1.0, X-CUBE-FREERTOS_V1.2.0, X-CUBE-GNSS1_V6.0.0, X-CUBE-MEMS1_V11.0.0, X-CUBE-NFC4_V3.0.0, X-CUBE-NFC7_V1.0.1, X-CUBE-SFXS2LP1_V4.0.0, X-CUBE-SUBG2_V5.0.0, X-CUBE-TOF1_V3.4.2]
2024-11-24 04:08:29,320 [INFO] DbBoardsSqlite:226 - include board P-NUCLEO-WB55-NUCLEO as a kit item of type 'Nucleo-64'
2024-11-24 04:08:29,321 [INFO] DbBoardsSqlite:226 - include board P-NUCLEO-WB55-USBDONGLE as a kit item of type 'Nucleo USB Dongle'
2024-11-24 04:08:29,321 [INFO] DbBoardsSqlite:226 - include board STEVAL-IDP005V1 as a kit item of type 'Evaluation Board'
2024-11-24 04:08:29,321 [INFO] DbBoardsSqlite:226 - include board STEVAL-IDP005V2 as a kit item of type 'Evaluation Board'
2024-11-24 04:08:29,359 [INFO] ApiDb:240 - Found 646 in-development CPN: [B-G473E-ZEST1S, B-WB1M-WPAN1, B-WL5M-SUBG1, NUCLEO-C031C6, NUCLEO-C071RB, NUCLEO-H503RB, NUCLEO-H533RE, NUCLEO-H563ZI, NUCLEO-H7S3L8, NUCLEO-U031R8, NUCLEO-U083RC, NUCLEO-U545RE-Q, NUCLEO-U5A5ZJ-Q, NUCLEO-WB05KZ, NUCLEO-WB07CC, NUCLEO-WB09KE, NUCLEO-WBA52CG, NUCLEO-WBA55CG, STEVAL-PROTEUS1, STEVAL-SMARTAG2, STEVAL-STWINBX1, STM320518-EVAL, STM32C0116-DK, STM32C011D6Y3TR, STM32C011D6Y6TR, STM32C011F4P3, STM32C011F4P6, STM32C011F4U3, STM32C011F4U6TR, STM32C011F6P3, STM32C011F6P6, STM32C011F6U3, STM32C011F6U6TR, STM32C011J4M3, STM32C011J4M6, STM32C011J6M3, STM32C011J6M6, STM32C0316-DK, STM32C031C4T3, STM32C031C4T6, STM32C031C4U3, STM32C031C4U6, STM32C031C6T3, STM32C031C6T6, STM32C031C6U3, STM32C031C6U6, STM32C031F4P3, STM32C031F4P6, STM32C031F6P3, STM32C031F6P6, STM32C031G4U3, STM32C031G4U6, STM32C031G6U3, STM32C031G6U6, STM32C031K4T3, STM32C031K4T6, STM32C031K4U3, STM32C031K4U6, STM32C031K6T3, STM32C031K6T6, STM32C031K6U3, STM32C031K6U6, STM32C071C8T6, STM32C071C8T6N, STM32C071C8U6, STM32C071C8U6N, STM32C071CBT6, STM32C071CBT6N, STM32C071CBU6, STM32C071CBU6N, STM32C071F8P6, STM32C071F8P6N, STM32C071FBP6, STM32C071FBP6N, STM32C071FBY6TR, STM32C071G8U6, STM32C071G8U6N, STM32C071GBU6, STM32C071GBU6N, STM32C071K8T6, STM32C071K8T6N, STM32C071K8U6, STM32C071K8U6N, STM32C071KBT6, STM32C071KBT6N, STM32C071KBU6, STM32C071KBU6N, STM32C071R8T6, STM32C071R8T6N, STM32C071RBI6N, STM32C071RBT6, STM32C071RBT6N, STM32G071K8TXN, STM32G071K8UXN, STM32G081GBU6N, STM32G081KBT6N, STM32G081KBUXN, STM32G0B1CCT6N, STM32G0B1KCT6, STM32G0B1NEY6TR, STM32G0B1RCT6N, STM32G0C1CCT6, STM32G0C1CCT6N, STM32G0C1CCU6N, STM32G0C1CET6N, STM32G0C1CEU6N, STM32G0C1KCT6, STM32G0C1NEY6TR, STM32G0C1RCI6N, STM32G0C1RCT6N, STM32G0C1REI6N, STM32G0C1RET6N, STM32G0C1VCI6, STM32G0C1VEI6, STM32G411C6T3, STM32G411C6T6, STM32G411C6U3, STM32G411C6U6, STM32G411C8T3, STM32G411C8T6, STM32G411C8U3, STM32G411C8U6, STM32G411CBT3, STM32G411CBT6, STM32G411CBU3, STM32G411CBU6, STM32G411K6T3, STM32G411K6T6, STM32G411K6U3, STM32G411K6U6, STM32G411K8T3, STM32G411K8T6, STM32G411K8U3, STM32G411K8U6, STM32G411KBT3, STM32G411KBT6, STM32G411KBU3, STM32G411KBU6, STM32G411M6T3, STM32G411M6T6, STM32G411M8T3, STM32G411M8T6, STM32G411MBT3, STM32G411MBT6, STM32G411R6T3, STM32G411R6T6, STM32G411R8T3, STM32G411R8T6, STM32G411RBT3, STM32G411RBT6, STM32G414CBT3, STM32G414CBT6, STM32G414CBU3, STM32G414CBU6, STM32G414CCT3, STM32G414CCT6, STM32G414CCU3, STM32G414CCU6, STM32G414MBT3, STM32G414MBT6, STM32G414MCT3, STM32G414MCT6, STM32G414RBT3, STM32G414RBT6, STM32G414RCT3, STM32G414RCT6, STM32G414VBT3, STM32G414VBT6, STM32G414VCT3, STM32G414VCT6, STM32G431CBT3Z, STM32G431RBT3Z, STM32G471CCT6, STM32G471CCU6, STM32G471CET3, STM32G471CET6, STM32G471CEU3, STM32G471CEU6, STM32G471MCT6, STM32G471MET3, STM32G471MET6, STM32G471MEY6TR, STM32G471QCT6, STM32G471QET3, STM32G471RCT6, STM32G471RET3, STM32G471RET6, STM32G471VCH6, STM32G471VCI6, STM32G471VCT6, STM32G471VEH3, STM32G471VEH6, STM32G471VEI3, STM32G471VEI6, STM32G471VET3, STM32G471VET6, STM32G473QET3Z, STM32G473RET3Z, STM32G474CCT6, STM32G491RET3Z, STM32H503CBT6, STM32H503CBU6, STM32H503EBY6TR, STM32H503KBU6, STM32H503RBT6, STM32H523CCT6, STM32H523CCU6, STM32H523CET6, STM32H523CEU6, STM32H523HEY6TR, STM32H523RCT6, STM32H523RET6, STM32H523VCI6, STM32H523VCT6, STM32H523VEI6, STM32H523VET6, STM32H523ZCJ6, STM32H523ZCT6, STM32H523ZEJ6, STM32H523ZET6, STM32H533CET6, STM32H533CEU6, STM32H533HEY6TR, STM32H533RET6, STM32H533VEI6, STM32H533VET6, STM32H533ZEJ6, STM32H533ZET6, STM32H562AGI6, STM32H562AII6, STM32H562IGK6, STM32H562IGT6, STM32H562IIK6, STM32H562IIT6, STM32H562RGT6, STM32H562RGV6, STM32H562RIT6, STM32H562RIV6, STM32H562VGT6, STM32H562VIT6, STM32H562ZGT6, STM32H562ZIT6, STM32H563AGI6, STM32H563AII3Q, STM32H563AII6, STM32H563IGK6, STM32H563IGT6, STM32H563IIK3Q, STM32H563IIK6, STM32H563IIT3Q, STM32H563IIT6, STM32H563MIY3QTR, STM32H563RGT6, STM32H563RGV6, STM32H563RIT6, STM32H563RIV6, STM32H563VGT6, STM32H563VIT3Q, STM32H563VIT6, STM32H563ZGT6, STM32H563ZIT3Q, STM32H563ZIT6, STM32H573AII3Q, STM32H573AII6, STM32H573I-DK, STM32H573IIK3Q, STM32H573IIK6, STM32H573IIT3Q, STM32H573IIT6, STM32H573MIY3QTR, STM32H573RIT6, STM32H573RIV6, STM32H573VIT3Q, STM32H573VIT6, STM32H573ZIT3Q, STM32H573ZIT6, STM32H7R3A8I6, STM32H7R3I8K6, STM32H7R3I8T6, STM32H7R3L8H6, STM32H7R3L8H6H, STM32H7R3R8V6, STM32H7R3V8H6, STM32H7R3V8T6, STM32H7R3V8Y6TR, STM32H7R3Z8J6, STM32H7R3Z8T6, STM32H7R7A8I6, STM32H7R7I8K6, STM32H7R7I8T6, STM32H7R7L8H6, STM32H7R7L8H6H, STM32H7R7Z8J6, STM32H7S3A8I6, STM32H7S3I8K6, STM32H7S3I8T6, STM32H7S3L8H6, STM32H7S3L8H6H, STM32H7S3R8V6, STM32H7S3V8H6, STM32H7S3V8T6, STM32H7S3V8Y6TR, STM32H7S3Z8J6, STM32H7S3Z8T6, STM32H7S78-DK, STM32H7S7A8I6, STM32H7S7I8K6, STM32H7S7I8T6, STM32H7S7L8H6, STM32H7S7L8H6H, STM32H7S7Z8J6, STM32L4R5QGI6STR, STM32MP131AAE3, STM32MP131AAF3, STM32MP131AAG3, STM32MP131CAE3, STM32MP131CAF3, STM32MP131CAG3, STM32MP131DAE7, STM32MP131DAF7, STM32MP131DAG7, STM32MP131FAE7, STM32MP131FAF7, STM32MP131FAG7, STM32MP133AAE3, STM32MP133AAF3, STM32MP133AAG3, STM32MP133CAE3, STM32MP133CAF3, STM32MP133CAG3, STM32MP133DAE7, STM32MP133DAF7, STM32MP133DAG7, STM32MP133FAE7, STM32MP133FAF7, STM32MP133FAG7, STM32MP135AAE3, STM32MP135AAF3, STM32MP135AAG3, STM32MP135CAE3, STM32MP135CAF3, STM32MP135CAG3, STM32MP135DAE7, STM32MP135DAF7, STM32MP135DAG7, STM32MP135F-DK, STM32MP135FAE7, STM32MP135FAF7, STM32MP135FAF7T, STM32MP135FAF7U, STM32MP135FAG7, STM32MP251AAI3, STM32MP251AAK3, STM32MP251AAL3, STM32MP251CAI3, STM32MP251CAK3, STM32MP251CAL3, STM32MP251DAI3, STM32MP251DAK3, STM32MP251DAL3, STM32MP251FAI3, STM32MP251FAK3, STM32MP251FAL3, STM32MP253AAI3, STM32MP253AAK3, STM32MP253AAL3, STM32MP253CAI3, STM32MP253CAK3, STM32MP253CAL3, STM32MP253DAI3, STM32MP253DAK3, STM32MP253DAL3, STM32MP253FAI3, STM32MP253FAK3, STM32MP253FAL3, STM32MP255AAI3, STM32MP255AAK3, STM32MP255AAL3, STM32MP255CAI3, STM32MP255CAK3, STM32MP255CAL3, STM32MP255DAI3, STM32MP255DAK3, STM32MP255DAL3, STM32MP255FAI3, STM32MP255FAK3, STM32MP255FAL3, STM32MP257AAI3, STM32MP257AAK3, STM32MP257AAL3, STM32MP257CAI3, STM32MP257CAK3, STM32MP257CAL3, STM32MP257DAI3, STM32MP257DAK3, STM32MP257DAL3, STM32MP257F-DK, STM32MP257F-EV1, STM32MP257FAI3, STM32MP257FAK3, STM32MP257FAL3, STM32U031C6T6, STM32U031C6U6, STM32U031C8T6, STM32U031C8U6, STM32U031F4P6, STM32U031F6P6, STM32U031F8P6, STM32U031G6Y6TR, STM32U031G8Y6TR, STM32U031K4U6, STM32U031K6U6, STM32U031K8U6, STM32U031R6I6, STM32U031R6T6, STM32U031R8I6, STM32U031R8T6, STM32U073C8T6, STM32U073C8U6, STM32U073CBT6, STM32U073CBU6, STM32U073CCT6, STM32U073CCU6, STM32U073H8Y6TR, STM32U073HBY6TR, STM32U073HCY6TR, STM32U073K8U6, STM32U073KBU6, STM32U073KCU6, STM32U073M8I6, STM32U073M8T6, STM32U073MBI6, STM32U073MBT6, STM32U073MCI6, STM32U073MCT6, STM32U073R8I6, STM32U073R8T6, STM32U073RBI6, STM32U073RBT6, STM32U073RCI6, STM32U073RCT6, STM32U083C-DK, STM32U083CCT6, STM32U083CCU6, STM32U083HCY6TR, STM32U083KCU6, STM32U083MCI6, STM32U083MCT6, STM32U083RCI6, STM32U083RCT6, STM32U535CBT6, STM32U535CBT6Q, STM32U535CBU6, STM32U535CBU6Q, STM32U535CCT6, STM32U535CCT6Q, STM32U535CCU6, STM32U535CCU6Q, STM32U535CET6, STM32U535CET6Q, STM32U535CEU6, STM32U535CEU6Q, STM32U535JEY6QTR, STM32U535NCY6QTR, STM32U535NEY6QTR, STM32U535RBI6, STM32U535RBI6Q, STM32U535RBT6, STM32U535RBT6Q, STM32U535RCI6, STM32U535RCI6Q, STM32U535RCT6, STM32U535RCT6Q, STM32U535REI6, STM32U535REI6Q, STM32U535RET6, STM32U535RET6Q, STM32U535VCI6, STM32U535VCI6Q, STM32U535VCT6, STM32U535VCT6Q, STM32U535VEI6, STM32U535VEI6Q, STM32U535VET6, STM32U535VET6Q, STM32U545CET6, STM32U545CET6Q, STM32U545CEU6, STM32U545CEU6Q, STM32U545JEY6QTR, STM32U545NEY6QTR, STM32U545REI6, STM32U545REI6Q, STM32U545RET6, STM32U545RET6Q, STM32U545VEI6, STM32U545VEI6Q, STM32U545VET6, STM32U545VET6Q, STM32U595AIH6, STM32U595AIH6Q, STM32U595AJH6, STM32U595AJH6Q, STM32U595QII6, STM32U595QII6Q, STM32U595QJI6, STM32U595QJI6Q, STM32U595RIT6, STM32U595RIT6Q, STM32U595RJT6, STM32U595RJT6Q, STM32U595VIT6, STM32U595VIT6Q, STM32U595VJT6, STM32U595VJT6Q, STM32U595ZIT6, STM32U595ZIT6Q, STM32U595ZIY6QTR, STM32U595ZJT6, STM32U595ZJT6Q, STM32U595ZJY6QTR, STM32U599BJY6QTR, STM32U599NIH6Q, STM32U599NJH6Q, STM32U599VIT6Q, STM32U599VJT6, STM32U599VJT6Q, STM32U599ZIT6Q, STM32U599ZIY6QTR, STM32U599ZJT6Q, STM32U599ZJY6QTR, STM32U5A5AJH6, STM32U5A5AJH6Q, STM32U5A5QII3Q , STM32U5A5QJI6, STM32U5A5QJI6Q, STM32U5A5RJT6, STM32U5A5RJT6Q, STM32U5A5VJT6, STM32U5A5VJT6Q, STM32U5A5ZJT6, STM32U5A5ZJT6Q, STM32U5A5ZJY6QTR, STM32U5A9BJY6QTR, STM32U5A9J-DK, STM32U5A9NJH6Q, STM32U5A9VJT6Q, STM32U5A9ZJT6Q, STM32U5A9ZJY6QTR, STM32U5F7VIT6, STM32U5F7VIT6Q, STM32U5F7VJT6, STM32U5F7VJT6Q, STM32U5F9BJY6QTR, STM32U5F9NJH6Q, STM32U5F9VIT6Q, STM32U5F9VJT6Q, STM32U5F9ZIJ6QTR, STM32U5F9ZIT6Q, STM32U5F9ZJJ6QTR, STM32U5F9ZJT6Q, STM32U5G7VJT6, STM32U5G7VJT6Q, STM32U5G9BJY6QTR, STM32U5G9J-DK1, STM32U5G9J-DK2, STM32U5G9NJH6Q, STM32U5G9VJT6Q, STM32U5G9ZJJ6QTR, STM32U5G9ZJT6Q, STM32WB05KZV6TR, STM32WB05KZV7TR, STM32WB05TZF6TR, STM32WB05TZF7TR, STM32WB06CCF6TR, STM32WB06CCF7TR, STM32WB06CCV6TR, STM32WB06CCV7TR, STM32WB06KCV6TR, STM32WB06KCV7TR, STM32WB07CCF6TR, STM32WB07CCF7TR, STM32WB07CCV6TR, STM32WB07CCV7TR, STM32WB07KCV6TR, STM32WB07KCV7TR, STM32WB09KEV6TR, STM32WB09KEV7TR, STM32WB09TEF6TR, STM32WB09TEF7TR, STM32WB1MMCH6, STM32WBA50KGU6, STM32WBA50KGU6TR, STM32WBA52CEU6, STM32WBA52CEU6TR, STM32WBA52CEU7, STM32WBA52CEU7TR, STM32WBA52CGU6, STM32WBA52CGU6TR, STM32WBA52CGU6U, STM32WBA52CGU7, STM32WBA52CGU7TR, STM32WBA52KEU6, STM32WBA52KEU6TR, STM32WBA52KGU6, STM32WBA52KGU6TR, STM32WBA54CEU6, STM32WBA54CEU6TR, STM32WBA54CEU7, STM32WBA54CEU7TR, STM32WBA54CGU6, STM32WBA54CGU6TR, STM32WBA54CGU7, STM32WBA54CGU7TR, STM32WBA54KEU6, STM32WBA54KEU6TR, STM32WBA54KEU7, STM32WBA54KEU7TR, STM32WBA54KGU6, STM32WBA54KGU6TR, STM32WBA54KGU7, STM32WBA54KGU7TR, STM32WBA55CEU6, STM32WBA55CEU6TR, STM32WBA55CEU7, STM32WBA55CEU7TR, STM32WBA55CGU6, STM32WBA55CGU6TR, STM32WBA55CGU6U, STM32WBA55CGU7, STM32WBA55CGU7TR, STM32WBA55G-DK1, STM32WBA55HEF6, STM32WBA55HEF7, STM32WBA55HGF6, STM32WBA55HGF7, STM32WBA55UEI6, STM32WBA55UEI6TR, STM32WBA55UEI7, STM32WBA55UEI7TR, STM32WBA55UGI6, STM32WBA55UGI6TR, STM32WBA55UGI7, STM32WBA55UGI7TR, STM32WL5MOCH6, STM32WL5MOCH6TR]
2024-11-24 04:08:29,507 [INFO] BoardInfo:889 - No configuration file found for board P-NUCLEO-WB55
2024-11-24 04:08:29,508 [INFO] DbBoards:161 - Kit is not supported: P-NUCLEO-WB55
2024-11-24 04:08:29,512 [INFO] BoardInfo:889 - No configuration file found for board STEVAL-BFA001V1B
2024-11-24 04:08:29,513 [INFO] DbBoards:161 - Kit is not supported: STEVAL-BFA001V1B
2024-11-24 04:08:29,514 [INFO] BoardInfo:889 - No configuration file found for board STEVAL-BFA001V2B
2024-11-24 04:08:29,515 [INFO] DbBoards:161 - Kit is not supported: STEVAL-BFA001V2B
2024-11-24 04:08:29,639 [INFO] DbBoards:168 - Found 201 boards, 198 are supported
2024-11-24 04:08:29,639 [INFO] DbBoards:169 - Found 201 boards, 25 of them is supported for  Bsp
2024-11-24 04:08:29,642 [INFO] ApiDb:423 - Load user favorites file C:\Users\newto/.stm32cubeide/favorites.boards.txt: 0 item(s)
2024-11-24 04:08:29,642 [INFO] ApiDb:427 - User favorites Boards=[]
2024-11-24 04:08:29,643 [INFO] DbBoards:198 - Set 0 / 0 favorites Boards
2024-11-24 04:08:29,644 [INFO] ApiDb:668 - CubeFinder database Data Model version=2.1
2024-11-24 04:08:29,644 [INFO] ApiDb:669 - CubeFinder database Configuration version=3.0.39
2024-11-24 04:08:29,645 [INFO] ApiDb:670 - CubeFinder database generation date=2024-10-15 (1729006872)
2024-11-24 04:08:29,645 [INFO] ApiDb:671 - CubeFinder database FW Pack versions=[FP-ATR-ASTRA1_V2.0.0, FP-SNS-FLIGHT1_V5.0.2, FP-SNS-MOTENV1_V5.0.0, FP-SNS-MOTENVWB1_V1.4.0, FP-SNS-SMARTAG2_V1.2.0, FP-SNS-STBOX1_V2.0.0, STM32Cube_FW_C0_V1.2.0, STM32Cube_FW_F4_V1.28.1, STM32Cube_FW_F7_V1.17.2, STM32Cube_FW_G0_V1.6.2, STM32Cube_FW_G4_V1.6.0, STM32Cube_FW_H5_V1.3.0, STM32Cube_FW_H7RS_V1.1.0, STM32Cube_FW_H7_V1.11.2, STM32Cube_FW_L0_V1.12.2, STM32Cube_FW_L5_V1.5.1, STM32Cube_FW_U0_V1.1.0, STM32Cube_FW_U5_V1.6.0, STM32Cube_FW_WB0_V1.0.0, STM32Cube_FW_WBA_V1.4.1, STM32Cube_FW_WB_V1.20.0, STM32Cube_FW_WL_V1.3.0, X-CUBE-ALGOBUILD_V1.4.0, X-CUBE-ALS_V1.0.2, X-CUBE-AZRTOS-F4_V1.1.0, X-CUBE-AZRTOS-F7_V1.1.0, X-CUBE-AZRTOS-G0_V1.1.0, X-CUBE-AZRTOS-G4_V2.0.0, X-CUBE-AZRTOS-H7RS_V1.0.0, X-CUBE-AZRTOS-H7_V3.3.0, X-CUBE-AZRTOS-L4_V2.0.0, X-CUBE-AZRTOS-L5_V2.0.0, X-CUBE-AZRTOS-WB_V2.0.0, X-CUBE-AZRTOS-WL_V2.0.0, X-CUBE-BLE1_V7.0.0, X-CUBE-BLE2_V3.3.0, X-CUBE-BLEMGR_V3.1.0, X-CUBE-EEPRMA1_V5.1.0, X-CUBE-FREERTOS_V1.2.0, X-CUBE-GNSS1_V6.0.0, X-CUBE-MEMS1_V11.0.0, X-CUBE-NFC4_V3.0.0, X-CUBE-NFC7_V1.0.1, X-CUBE-SFXS2LP1_V4.0.0, X-CUBE-SUBG2_V5.0.0, X-CUBE-TOF1_V3.4.2]
2024-11-24 04:08:30,173 [ERROR] DbExamplesSqlite:437 - Missing JSON key: board_cpn
2024-11-24 04:08:30,173 [ERROR] DbExamplesSqlite:437 - Missing JSON key: board_cpn
2024-11-24 04:08:30,173 [ERROR] DbExamplesSqlite:437 - Missing JSON key: board_cpn
2024-11-24 04:08:30,173 [ERROR] DbExamplesSqlite:437 - Missing JSON key: board_cpn
2024-11-24 04:08:30,268 [ERROR] DbExamplesSqlite:437 - Missing JSON key: board_cpn
2024-11-24 04:08:30,268 [ERROR] DbExamplesSqlite:437 - Missing JSON key: board_cpn
2024-11-24 04:08:30,268 [ERROR] DbExamplesSqlite:437 - Missing JSON key: board_cpn
2024-11-24 04:08:30,268 [ERROR] DbExamplesSqlite:437 - Missing JSON key: board_cpn
2024-11-24 04:08:30,268 [ERROR] DbExamplesSqlite:437 - Missing JSON key: board_cpn
2024-11-24 04:08:30,268 [ERROR] DbExamplesSqlite:437 - Missing JSON key: board_cpn
2024-11-24 04:08:30,268 [ERROR] DbExamplesSqlite:437 - Missing JSON key: board_cpn
2024-11-24 04:08:30,268 [ERROR] DbExamplesSqlite:437 - Missing JSON key: board_cpn
2024-11-24 04:08:30,268 [ERROR] DbExamplesSqlite:437 - Missing JSON key: board_cpn
2024-11-24 04:08:30,269 [INFO] DbExamplesSqlite:395 - Ignored 28 examples not supported by CubeIDE
2024-11-24 04:08:30,270 [INFO] DbExamplesSqlite:396 - Found 8617 examples active
2024-11-24 04:08:30,270 [INFO] DbExamplesSqlite:397 - Found 0 examples obsolete
2024-11-24 04:08:30,270 [INFO] DbExamplesSqlite:398 - Found 0 examples under development
2024-11-24 04:08:30,270 [INFO] DbExamplesSqlite:399 - Found 10 examples not building
2024-11-24 04:08:30,271 [INFO] DbExamples:125 - Found 8599 examples
2024-11-24 04:08:30,287 [INFO] DbExamples:222 - Found 108 boards with related examples
2024-11-24 04:08:30,289 [INFO] DbExamples:235 - Found 90 MCUs with related examples
2024-11-24 04:08:30,316 [INFO] ApiDb:414 - User favorites file not found: C:\Users\newto/.stm32cubeide/favorites.examples.txt
2024-11-24 04:08:30,316 [INFO] DbExamples:250 - Set 0 / 0 favorites Examples
2024-11-24 04:08:30,837 [INFO] McuFinderGlobals:76 - Set McuFinderConnectedMode to true
2024-11-24 04:08:30,854 [INFO] MultiScanPanel:200 - Auto-refresh data requested => check proxy status ongoing
2024-11-24 04:08:30,861 [INFO] FinderPluginLoader:95 - Searching for filters in installed packs
2024-11-24 04:08:32,350 [INFO] LoadUrlFilesThread:185 - End of LoadServerUrlFiles without Thread
2024-11-24 04:08:32,389 [INFO] DetailPanel:341 - Set advertising image to C:/Users/newto/STM32Cube/Repository/\en.prom-stm32c071-usb-memories-mcu-finder.png
2024-11-24 04:09:30,545 [INFO] MainUpdater:2873 - connection check result : 10
2024-11-24 04:09:30,545 [INFO] MainUpdater:2873 - connection check result : 10
2024-11-24 04:09:30,601 [INFO] RulesReader:64 - Compatibility file has been processed (297 Rules)
2024-11-24 04:09:30,607 [INFO] RulesReader:64 - Compatibility file has been processed (297 Rules)
2024-11-24 04:09:30,614 [INFO] MicroXplorer:468 - Change Database Path : 
2024-11-24 04:09:30,614 [INFO] MicroXplorer:498 - Change Database Version : DB.6.0.121
2024-11-24 04:09:30,627 [WARN] ThirdParty:871 - waiting for thirdparty lock release [close project]
2024-11-24 04:09:30,627 [INFO] ThirdParty:873 - entering critical section [close project]
2024-11-24 04:09:30,628 [INFO] ThirdParty:883 - exiting critical section [close project]
2024-11-24 04:09:30,632 [INFO] PinOutPanel:1561 - setPackage(No Configuration,No Configuration)
2024-11-24 04:09:30,637 [INFO] UtilMem:75 - Begin LoadConfig() Used Memory: 267340248 Bytes (789577728)
2024-11-24 04:09:30,639 [INFO] MicroXplorer:468 - Change Database Path : 
2024-11-24 04:09:30,639 [INFO] MicroXplorer:498 - Change Database Version : DB.6.0.121
2024-11-24 04:09:30,639 [INFO] OpenFileManager:332 - Change cursor
2024-11-24 04:09:30,866 [INFO] Mcu:2032 - Initializing MCU STM32F446RETx STM32F446RETx STM32F446RET6
2024-11-24 04:09:32,654 [INFO] Context:742 - Trying to add GPIOservice into a context  which must be forbidden
2024-11-24 04:09:33,199 [INFO] ImportTextPane:205 - (OptionalMessage_ERROR) Unable to find key (Mcu.ThirdPartyNb) in loaded IOC file
2024-11-24 04:09:33,199 [INFO] ImportTextPane:205 - (OptionalMessage_ERROR) Unable to find key (Mcu.PinsNb) in loaded IOC file
2024-11-24 04:09:33,199 [INFO] ImportTextPane:205 - (OptionalMessage_ERROR) Unable to find key (Mcu.IPNb) in loaded IOC file
2024-11-24 04:09:33,332 [INFO] RtosManager:555 - Registered RTOS mode: class=CMSIS, group=RTOS, mode=CMSIS_V1, owner=FREERTOS
2024-11-24 04:09:33,332 [INFO] RtosManager:555 - Registered RTOS mode: class=CMSIS, group=RTOS2, mode=CMSIS_V2, owner=FREERTOS
2024-11-24 04:09:33,333 [INFO] RtosManager:555 - Registered RTOS mode: class=RTOS, group=Core, mode=CMSIS_V1, owner=FREERTOS
2024-11-24 04:09:33,333 [INFO] RtosManager:555 - Registered RTOS mode: class=RTOS, group=Core, mode=CMSIS_V2, owner=FREERTOS
2024-11-24 04:09:33,333 [WARN] ModelIntegratedComponent:184 - Missing modes for component STMicroelectronics:FreeRTOS:0.0.1:STMicroelectronics:RTOS:FreeRTOS:Core:::10.2.0:
2024-11-24 04:09:33,345 [WARN] ModelIntegratedComponent:63 - No mode defined for component null
2024-11-24 04:09:33,346 [WARN] ModelIntegratedComponent:63 - No mode defined for component null
2024-11-24 04:09:33,346 [WARN] ModelIntegratedComponent:63 - No mode defined for component null
2024-11-24 04:09:33,346 [WARN] ModelIntegratedComponent:63 - No mode defined for component null
2024-11-24 04:09:33,346 [WARN] ModelIntegratedComponent:63 - No mode defined for component null
2024-11-24 04:09:33,346 [WARN] ModelIntegratedComponent:63 - No mode defined for component null
2024-11-24 04:09:33,346 [WARN] ModelIntegratedComponent:63 - No mode defined for component null
2024-11-24 04:09:33,346 [WARN] ModelIntegratedComponent:63 - No mode defined for component null
2024-11-24 04:09:33,346 [WARN] ModelIntegratedComponent:63 - No mode defined for component null
2024-11-24 04:09:33,346 [WARN] ModelIntegratedComponent:63 - No mode defined for component null
2024-11-24 04:09:33,346 [WARN] ModelIntegratedComponent:63 - No mode defined for component null
2024-11-24 04:09:33,346 [WARN] ModelIntegratedComponent:63 - No mode defined for component null
2024-11-24 04:09:33,346 [WARN] ModelIntegratedComponent:63 - No mode defined for component null
2024-11-24 04:09:33,346 [WARN] ModelIntegratedComponent:63 - No mode defined for component null
2024-11-24 04:09:33,346 [WARN] ModelIntegratedComponent:63 - No mode defined for component null
2024-11-24 04:09:33,346 [WARN] ModelIntegratedComponent:63 - No mode defined for component null
2024-11-24 04:09:33,346 [WARN] ModelIntegratedComponent:63 - No mode defined for component null
2024-11-24 04:09:33,346 [WARN] ModelIntegratedComponent:63 - No mode defined for component null
2024-11-24 04:09:33,346 [WARN] ModelIntegratedComponent:63 - No mode defined for component null
2024-11-24 04:09:33,346 [WARN] ModelIntegratedComponent:63 - No mode defined for component null
2024-11-24 04:09:33,346 [WARN] ModelIntegratedComponent:63 - No mode defined for component null
2024-11-24 04:09:33,346 [WARN] ModelIntegratedComponent:63 - No mode defined for component null
2024-11-24 04:09:33,346 [WARN] ModelIntegratedComponent:63 - No mode defined for component null
2024-11-24 04:09:33,346 [WARN] ModelIntegratedComponent:63 - No mode defined for component null
2024-11-24 04:09:33,346 [WARN] ModelIntegratedComponent:63 - No mode defined for component null
2024-11-24 04:09:33,346 [WARN] ModelIntegratedComponent:63 - No mode defined for component null
2024-11-24 04:09:33,346 [WARN] ModelIntegratedComponent:63 - No mode defined for component null
2024-11-24 04:09:33,346 [WARN] ModelIntegratedComponent:63 - No mode defined for component null
2024-11-24 04:09:33,346 [WARN] ModelIntegratedComponent:63 - No mode defined for component null
2024-11-24 04:09:33,346 [WARN] ModelIntegratedComponent:63 - No mode defined for component null
2024-11-24 04:09:33,346 [WARN] ModelIntegratedComponent:63 - No mode defined for component null
2024-11-24 04:09:33,346 [WARN] ModelIntegratedComponent:63 - No mode defined for component null
2024-11-24 04:09:33,346 [WARN] ModelIntegratedComponent:63 - No mode defined for component null
2024-11-24 04:09:33,346 [WARN] ModelIntegratedComponent:63 - No mode defined for component null
2024-11-24 04:09:33,347 [WARN] ModelIntegratedComponent:63 - No mode defined for component null
2024-11-24 04:09:33,347 [WARN] ModelPack:524 - Component already loaded: STMicroelectronics:HAL Drivers:0.0.0:STMicroelectronics:Device:STMicro_Driver:XSPI:HAL::0.0.1:HAL_XSPI
2024-11-24 04:09:33,366 [INFO] ThirdPartyModel:298 - Start build external matchings
2024-11-24 04:09:33,635 [INFO] ThirdPartyModel:316 - End build external matchings
2024-11-24 04:09:33,978 [INFO] UtilMem:75 - End LoadConfig() Used Memory: 339605064 Bytes (789577728)
2024-11-24 04:09:34,057 [WARN] ThirdParty:833 - waiting for thirdparty lock release [change project]
2024-11-24 04:09:34,059 [INFO] ThirdParty:835 - entering critical section [change project]
2024-11-24 04:09:34,059 [INFO] ThirdParty:1030 - CMSIS Pack Vendor :STMicroelectronics USBPD 4.1
2024-11-24 04:09:34,059 [INFO] ThirdParty:1030 - CMSIS Pack Vendor :STMicroelectronics X-CUBE-AZRTOS-H7 3.3.0
2024-11-24 04:09:34,059 [INFO] ThirdParty:1030 - CMSIS Pack Vendor :STMicroelectronics X-CUBE-NFC9 1.0.0
2024-11-24 04:09:34,059 [INFO] ThirdParty:1030 - CMSIS Pack Vendor :STMicroelectronics X-CUBE-GNSS1 6.0.0
2024-11-24 04:09:34,059 [INFO] ThirdParty:1030 - CMSIS Pack Vendor :STMicroelectronics USB_HOST 2.0.0
2024-11-24 04:09:34,059 [INFO] ThirdParty:1030 - CMSIS Pack Vendor :STMicroelectronics FP-SNS-MOTENVWB1 1.4.0
2024-11-24 04:09:34,059 [INFO] ThirdParty:1030 - CMSIS Pack Vendor :STMicroelectronics X-CUBE-AZRTOS-F4 1.1.0
2024-11-24 04:09:34,059 [INFO] ThirdParty:1030 - CMSIS Pack Vendor :STMicroelectronics LIBJPEG 8.0.0
2024-11-24 04:09:34,059 [INFO] ThirdParty:1030 - CMSIS Pack Vendor :STMicroelectronics FP-ATR-ASTRA1 2.0.1
2024-11-24 04:09:34,059 [INFO] ThirdParty:1030 - CMSIS Pack Vendor :STMicroelectronics X-CUBE-SMBUS 2.1.0
2024-11-24 04:09:34,059 [INFO] ThirdParty:1030 - CMSIS Pack Vendor :STMicroelectronics X-CUBE-WB05N 1.1.0
2024-11-24 04:09:34,059 [INFO] ThirdParty:1030 - CMSIS Pack Vendor :STMicroelectronics USB_DEVICE 3.0.0
2024-11-24 04:09:34,059 [INFO] ThirdParty:1030 - CMSIS Pack Vendor :STMicroelectronics X-CUBE-TCPP 4.1.0
2024-11-24 04:09:34,059 [INFO] ThirdParty:1030 - CMSIS Pack Vendor :STMicroelectronics X-CUBE-ISPU 2.1.0
2024-11-24 04:09:34,059 [INFO] ThirdParty:1030 - CMSIS Pack Vendor :STMicroelectronics X-CUBE-FREERTOS 1.2.0
2024-11-24 04:09:34,059 [INFO] ThirdParty:1030 - CMSIS Pack Vendor :STMicroelectronics X-CUBE-IPS 3.0.0
2024-11-24 04:09:34,059 [INFO] ThirdParty:1030 - CMSIS Pack Vendor :STMicroelectronics X-CUBE-AZRTOS-WB 2.0.0
2024-11-24 04:09:34,059 [INFO] ThirdParty:1030 - CMSIS Pack Vendor :STMicroelectronics X-CUBE-GNSS1 7.0.0
2024-11-24 04:09:34,059 [INFO] ThirdParty:1030 - CMSIS Pack Vendor :STMicroelectronics X-CUBE-AZRTOS-F7 1.1.0
2024-11-24 04:09:34,059 [INFO] ThirdParty:1030 - CMSIS Pack Vendor :STMicroelectronics X-CUBE-AZRTOS-L5 2.0.0
2024-11-24 04:09:34,059 [INFO] ThirdParty:1030 - CMSIS Pack Vendor :STMicroelectronics USB_DEVICE 2.0.0
2024-11-24 04:09:34,059 [INFO] ThirdParty:1030 - CMSIS Pack Vendor :STMicroelectronics X-CUBE-NFC6 3.1.0
2024-11-24 04:09:34,059 [INFO] ThirdParty:1030 - CMSIS Pack Vendor :STMicroelectronics FP-SNS-STBOX1 2.0.0
2024-11-24 04:09:34,059 [INFO] ThirdParty:1030 - CMSIS Pack Vendor :STMicroelectronics X-CUBE-MEMS1 11.0.0
2024-11-24 04:09:34,059 [INFO] ThirdParty:1030 - CMSIS Pack Vendor :STMicroelectronics FreeRTOS 0.0.1
2024-11-24 04:09:34,059 [INFO] ThirdParty:1030 - CMSIS Pack Vendor :STMicroelectronics X-CUBE-AZRTOS-G0 1.1.0
2024-11-24 04:09:34,059 [INFO] ThirdParty:1030 - CMSIS Pack Vendor :STMicroelectronics X-CUBE-SAFEA1 1.2.2
2024-11-24 04:09:34,059 [INFO] ThirdParty:1030 - CMSIS Pack Vendor :STMicroelectronics X-CUBE-NFC4 3.0.0
2024-11-24 04:09:34,059 [INFO] ThirdParty:1030 - CMSIS Pack Vendor :STMicroelectronics X-CUBE-DPower 1.2.0
2024-11-24 04:09:34,059 [INFO] ThirdParty:1030 - CMSIS Pack Vendor :STMicroelectronics X-CUBE-SUBG2 5.0.0
2024-11-24 04:09:34,059 [INFO] ThirdParty:1030 - CMSIS Pack Vendor :STMicroelectronics STM32_WPAN 1.0.0
2024-11-24 04:09:34,059 [INFO] ThirdParty:1030 - CMSIS Pack Vendor :EmbeddedOffice I-CUBE-FS-RTOS 1.0.1
2024-11-24 04:09:34,059 [INFO] ThirdParty:1030 - CMSIS Pack Vendor :STMicroelectronics lwIP 2.0.3
2024-11-24 04:09:34,059 [INFO] ThirdParty:1030 - CMSIS Pack Vendor :STMicroelectronics FP-SNS-FLIGHT1 5.0.2
2024-11-24 04:09:34,059 [INFO] ThirdParty:1030 - CMSIS Pack Vendor :Cesanta I-CUBE-Mongoose 7.13.0
2024-11-24 04:09:34,059 [INFO] ThirdParty:1030 - CMSIS Pack Vendor :STMicroelectronics USB_HOST 1.0.0
2024-11-24 04:09:34,059 [INFO] ThirdParty:1030 - CMSIS Pack Vendor :STMicroelectronics X-CUBE-AI 9.0.0
2024-11-24 04:09:34,059 [INFO] ThirdParty:1030 - CMSIS Pack Vendor :STMicroelectronics X-CUBE-AZRTOS-G4 2.0.0
2024-11-24 04:09:34,059 [INFO] ThirdParty:1030 - CMSIS Pack Vendor :STMicroelectronics PDM2PCM 3.1.0
2024-11-24 04:09:34,059 [INFO] ThirdParty:1030 - CMSIS Pack Vendor :STMicroelectronics PDM2PCM 3.3.0
2024-11-24 04:09:34,059 [INFO] ThirdParty:1030 - CMSIS Pack Vendor :STMicroelectronics X-CUBE-DISPLAY 3.0.0
2024-11-24 04:09:34,060 [INFO] ThirdParty:1030 - CMSIS Pack Vendor :RealThread X-CUBE-RT-Thread_Nano 4.1.1
2024-11-24 04:09:34,060 [INFO] ThirdParty:1030 - CMSIS Pack Vendor :STMicroelectronics X-CUBE-BLE1 7.0.0
2024-11-24 04:09:34,060 [INFO] ThirdParty:1030 - CMSIS Pack Vendor :STMicroelectronics FP-ATR-SIGFOX1 3.2.0
2024-11-24 04:09:34,060 [INFO] ThirdParty:1030 - CMSIS Pack Vendor :STMicroelectronics X-CUBE-NFC10 1.0.0
2024-11-24 04:09:34,060 [INFO] ThirdParty:1030 - CMSIS Pack Vendor :wolfSSL I-CUBE-wolfSSL 5.7.2
2024-11-24 04:09:34,060 [INFO] ThirdParty:1030 - CMSIS Pack Vendor :quantropi X-CUBE-qispace-sdk-base 1.9.3
2024-11-24 04:09:34,060 [INFO] ThirdParty:1030 - CMSIS Pack Vendor :STMicroelectronics X-CUBE-ISPU 2.0.0
2024-11-24 04:09:34,060 [INFO] ThirdParty:1030 - CMSIS Pack Vendor :STMicroelectronics X-CUBE-EEPRMA1 5.1.0
2024-11-24 04:09:34,060 [INFO] ThirdParty:1030 - CMSIS Pack Vendor :STMicroelectronics HAL Drivers 0.0.0
2024-11-24 04:09:34,060 [INFO] ThirdParty:1030 - CMSIS Pack Vendor :STMicroelectronics MBEDTLS 2.16.2
2024-11-24 04:09:34,060 [INFO] ThirdParty:1030 - CMSIS Pack Vendor :STMicroelectronics X-CUBE-ALS 1.0.2
2024-11-24 04:09:34,060 [INFO] ThirdParty:1030 - CMSIS Pack Vendor :emotas I-CUBE-CANOPEN 1.3.0
2024-11-24 04:09:34,060 [INFO] ThirdParty:1030 - CMSIS Pack Vendor :STMicroelectronics X-CUBE-NFC7 1.0.1
2024-11-24 04:09:34,060 [INFO] ThirdParty:1030 - CMSIS Pack Vendor :STMicroelectronics MBEDTLS 2.14.1
2024-11-24 04:09:34,060 [INFO] ThirdParty:1030 - CMSIS Pack Vendor :STMicroelectronics X-CUBE-TOUCHGFX 4.24.0
2024-11-24 04:09:34,060 [INFO] ThirdParty:1030 - CMSIS Pack Vendor :ITTIA_DB I-CUBE-ITTIADB 8.9.0
2024-11-24 04:09:34,060 [INFO] ThirdParty:1030 - CMSIS Pack Vendor :STMicroelectronics X-CUBE-TOUCHGFX 4.24.1
2024-11-24 04:09:34,060 [INFO] ThirdParty:1030 - CMSIS Pack Vendor :wolfSSL I-CUBE-wolfTPM 3.4.0
2024-11-24 04:09:34,061 [INFO] ThirdParty:1030 - CMSIS Pack Vendor :portGmbH I-Cube-SoM-uGOAL 1.1.0
2024-11-24 04:09:34,061 [INFO] ThirdParty:1030 - CMSIS Pack Vendor :STMicroelectronics X-CUBE-BLEMGR 3.1.0
2024-11-24 04:09:34,061 [INFO] ThirdParty:1030 - CMSIS Pack Vendor :STMicroelectronics ThreadX 1.0.0
2024-11-24 04:09:34,061 [INFO] ThirdParty:1030 - CMSIS Pack Vendor :STMicroelectronics FP-SNS-SMARTAG2 1.2.0
2024-11-24 04:09:34,061 [INFO] ThirdParty:1030 - CMSIS Pack Vendor :STMicroelectronics X-CUBE-AZRTOS-WL 2.0.0
2024-11-24 04:09:34,061 [INFO] ThirdParty:1030 - CMSIS Pack Vendor :SEGGER I-CUBE-embOS 1.3.1
2024-11-24 04:09:34,061 [INFO] ThirdParty:1030 - CMSIS Pack Vendor :STMicroelectronics X-CUBE-ALGOBUILD 1.4.0
2024-11-24 04:09:34,061 [INFO] ThirdParty:1030 - CMSIS Pack Vendor :STMicroelectronics FP-SNS-MOTENV1 5.0.0
2024-11-24 04:09:34,061 [INFO] ThirdParty:1030 - CMSIS Pack Vendor :STMicroelectronics USB_DEVICE 1.0.0
2024-11-24 04:09:34,061 [INFO] ThirdParty:1030 - CMSIS Pack Vendor :STMicroelectronics X-CUBE-AZRTOS-H7RS 1.0.0
2024-11-24 04:09:34,061 [INFO] ThirdParty:1030 - CMSIS Pack Vendor :wolfSSL I-CUBE-wolfMQTT 1.19.0
2024-11-24 04:09:34,061 [INFO] ThirdParty:1030 - CMSIS Pack Vendor :STMicroelectronics X-CUBE-AZRTOS-L4 2.0.0
2024-11-24 04:09:34,061 [INFO] ThirdParty:1030 - CMSIS Pack Vendor :STMicroelectronics ThreadX 0.0.2
2024-11-24 04:09:34,061 [INFO] ThirdParty:1030 - CMSIS Pack Vendor :WES I-CUBE-Cesium 1.3.0
2024-11-24 04:09:34,061 [INFO] ThirdParty:1030 - CMSIS Pack Vendor :STMicroelectronics FP-ATR-ASTRA1 2.0.0
2024-11-24 04:09:34,061 [INFO] ThirdParty:1030 - CMSIS Pack Vendor :STMicroelectronics lwIP 2.1.2
2024-11-24 04:09:34,061 [INFO] ThirdParty:1030 - CMSIS Pack Vendor :STMicroelectronics X-CUBE-SFXS2LP1 4.0.0
2024-11-24 04:09:34,061 [INFO] ThirdParty:1030 - CMSIS Pack Vendor :STMicroelectronics X-CUBE-BLE2 3.3.0
2024-11-24 04:09:34,061 [INFO] ThirdParty:1030 - CMSIS Pack Vendor :STMicroelectronics X-CUBE-TOF1 3.4.2
2024-11-24 04:09:34,061 [INFO] ThirdParty:1030 - CMSIS Pack Vendor :STMicroelectronics X-CUBE-AI 9.1.0
2024-11-24 04:09:34,061 [INFO] ThirdParty:1030 - CMSIS Pack Vendor :Infineon AIROC-Wi-Fi-Bluetooth-STM32 1.6.1
2024-11-24 04:09:34,061 [INFO] ThirdParty:1030 - CMSIS Pack Vendor :STMicroelectronics PDM2PCM 3.2.0
2024-11-24 04:09:34,061 [INFO] ThirdParty:1030 - CMSIS Pack Vendor :wolfSSL I-CUBE-wolfSSH 1.4.17
2024-11-24 04:09:34,062 [INFO] ThirdParty:841 - exiting critical section [change project]
2024-11-24 04:09:34,545 [INFO] PinOutPanel:1561 - setPackage(No Configuration,No Configuration)
2024-11-24 04:09:34,549 [INFO] PinOutPanel:1561 - setPackage(STM32F446RETx,LQFP64)
2024-11-24 04:09:35,107 [INFO] UtilMem:75 - Before build in PCC Used Memory: 564400744 Bytes (789577728)
2024-11-24 04:09:36,009 [INFO] UtilMem:75 - After build in PCC Used Memory: 640424552 Bytes (789577728)
2024-11-24 04:09:36,052 [INFO] IPUIPlugin:80 - create IPUIPlugin
2024-11-24 04:09:36,052 [INFO] IPUIPlugin:80 - create IPUIPlugin
2024-11-24 04:09:36,052 [INFO] IPUIPlugin:80 - create IPUIPlugin
2024-11-24 04:09:36,052 [INFO] IPUIPlugin:80 - create IPUIPlugin
2024-11-24 04:09:36,052 [INFO] IPUIPlugin:80 - create IPUIPlugin
2024-11-24 04:09:36,052 [INFO] IPUIPlugin:80 - create IPUIPlugin
2024-11-24 04:09:36,052 [INFO] IPUIPlugin:80 - create IPUIPlugin
2024-11-24 04:09:36,052 [INFO] IPUIPlugin:80 - create IPUIPlugin
2024-11-24 04:09:36,053 [INFO] IPUIPlugin:80 - create IPUIPlugin
2024-11-24 04:09:36,053 [INFO] IPUIPlugin:80 - create IPUIPlugin
2024-11-24 04:09:36,053 [INFO] IPUIPlugin:80 - create IPUIPlugin
2024-11-24 04:09:36,053 [INFO] IPUIPlugin:80 - create IPUIPlugin
2024-11-24 04:09:36,053 [INFO] IPUIPlugin:80 - create IPUIPlugin
2024-11-24 04:09:36,053 [INFO] IPUIPlugin:80 - create IPUIPlugin
2024-11-24 04:09:36,053 [INFO] IPUIPlugin:80 - create IPUIPlugin
2024-11-24 04:09:36,053 [INFO] IPUIPlugin:80 - create IPUIPlugin
2024-11-24 04:09:36,053 [INFO] IPUIPlugin:80 - create IPUIPlugin
2024-11-24 04:09:36,053 [INFO] IPUIPlugin:80 - create IPUIPlugin
2024-11-24 04:09:36,053 [INFO] IPUIPlugin:80 - create IPUIPlugin
2024-11-24 04:09:36,053 [INFO] IPUIPlugin:80 - create IPUIPlugin
2024-11-24 04:09:36,054 [INFO] IPUIPlugin:80 - create IPUIPlugin
2024-11-24 04:09:36,054 [INFO] IPUIPlugin:80 - create IPUIPlugin
2024-11-24 04:09:36,054 [INFO] IPUIPlugin:80 - create IPUIPlugin
2024-11-24 04:09:36,054 [INFO] IPUIPlugin:80 - create IPUIPlugin
2024-11-24 04:09:36,054 [INFO] IPUIPlugin:80 - create IPUIPlugin
2024-11-24 04:09:36,054 [INFO] IPUIPlugin:80 - create IPUIPlugin
2024-11-24 04:09:36,054 [INFO] IPUIPlugin:80 - create IPUIPlugin
2024-11-24 04:09:36,055 [INFO] IPUIPlugin:80 - create IPUIPlugin
2024-11-24 04:09:36,055 [INFO] IPUIPlugin:80 - create IPUIPlugin
2024-11-24 04:09:36,055 [INFO] IPUIPlugin:80 - create IPUIPlugin
2024-11-24 04:09:36,056 [INFO] IPUIPlugin:80 - create IPUIPlugin
2024-11-24 04:09:36,056 [INFO] IPUIPlugin:80 - create IPUIPlugin
2024-11-24 04:09:36,056 [INFO] IPUIPlugin:80 - create IPUIPlugin
2024-11-24 04:09:36,056 [INFO] IPUIPlugin:80 - create IPUIPlugin
2024-11-24 04:09:36,057 [INFO] IPUIPlugin:80 - create IPUIPlugin
2024-11-24 04:09:36,057 [INFO] IPUIPlugin:80 - create IPUIPlugin
2024-11-24 04:09:36,057 [INFO] IPUIPlugin:80 - create IPUIPlugin
2024-11-24 04:09:36,057 [INFO] IPUIPlugin:80 - create IPUIPlugin
2024-11-24 04:09:36,057 [INFO] IPUIPlugin:80 - create IPUIPlugin
2024-11-24 04:09:36,057 [INFO] IPUIPlugin:80 - create IPUIPlugin
2024-11-24 04:09:36,059 [INFO] IPUIPlugin:80 - create IPUIPlugin
2024-11-24 04:09:36,059 [INFO] IPUIPlugin:80 - create IPUIPlugin
2024-11-24 04:09:36,059 [INFO] IPUIPlugin:80 - create IPUIPlugin
2024-11-24 04:09:36,059 [INFO] IPUIPlugin:80 - create IPUIPlugin
2024-11-24 04:09:36,060 [INFO] IPUIPlugin:80 - create IPUIPlugin
2024-11-24 04:09:36,060 [INFO] IPUIPlugin:80 - create IPUIPlugin
2024-11-24 04:09:36,060 [INFO] IPUIPlugin:80 - create IPUIPlugin
2024-11-24 04:09:36,060 [INFO] IPUIPlugin:80 - create IPUIPlugin
2024-11-24 04:09:36,060 [INFO] IPUIPlugin:80 - create IPUIPlugin
2024-11-24 04:09:36,061 [INFO] IPUIPlugin:80 - create IPUIPlugin
2024-11-24 04:09:36,061 [INFO] IPUIPlugin:80 - create IPUIPlugin
2024-11-24 04:09:36,061 [INFO] IPUIPlugin:80 - create IPUIPlugin
2024-11-24 04:09:36,061 [INFO] IPUIPlugin:80 - create IPUIPlugin
2024-11-24 04:09:36,061 [INFO] IPUIPlugin:80 - create IPUIPlugin
2024-11-24 04:09:36,062 [INFO] IPUIPlugin:80 - create IPUIPlugin
2024-11-24 04:09:36,062 [INFO] IPUIPlugin:80 - create IPUIPlugin
2024-11-24 04:09:36,062 [INFO] IPUIPlugin:80 - create IPUIPlugin
2024-11-24 04:09:36,063 [INFO] IPUIPlugin:80 - create IPUIPlugin
2024-11-24 04:09:36,064 [INFO] IPUIPlugin:80 - create IPUIPlugin
2024-11-24 04:09:36,065 [INFO] IPUIPlugin:80 - create IPUIPlugin
2024-11-24 04:09:36,187 [INFO] ApiDbMcu:508 - Load IP Config File for PDM2PCM
2024-11-24 04:09:36,476 [INFO] CADModel:165 - CPN selected for project levelSTM32F446RET6
2024-11-24 04:09:36,477 [INFO] CADModel:114 - Register for checkConnection events
2024-11-24 04:09:36,549 [INFO] OpenFileManager:363 - Restore cursor
2024-11-24 04:09:37,483 [INFO] UtilMem:75 - End SaveConfig() Used Memory: 383500800 Bytes (789577728)
2024-11-24 04:09:37,567 [INFO] UtilMem:75 - End SaveConfig() Used Memory: 407091712 Bytes (789577728)
2024-11-24 04:09:38,052 [INFO] BlockDiagram:2766 - set Specific Code input for plugin: RCC
2024-11-24 04:09:38,052 [INFO] BlockDiagram:2766 - set Specific Code input for plugin: NVIC
2024-11-24 04:09:38,056 [INFO] CodeGenerator:807 - code generatio: config db path: C:\ST\STM32CubeIDE_1.16.0\STM32CubeIDE\plugins\com.st.stm32cube.common.mx_6.12.1.202409122256\\db\
2024-11-24 04:09:38,214 [INFO] CodeEngine:255 - oldGeneratedFile, C:\Users\newto\STM32CubeIDE\workspace_1.16.0\MFRC522_Library_Dev\MXTmpFiles\license.tmp_save
2024-11-24 04:09:38,609 [INFO] CodeEngine:279 - Generated code: C:\Users\newto\STM32CubeIDE\workspace_1.16.0\MFRC522_Library_Dev\MXTmpFiles\license.tmp
2024-11-24 04:09:38,639 [INFO] CodeEngine:255 - oldGeneratedFile, C:\Users\newto\STM32CubeIDE\workspace_1.16.0\MFRC522_Library_Dev\Core\Src\stm32f4xx_it.c_save
2024-11-24 04:09:38,798 [INFO] CodeEngine:279 - Generated code: C:\Users\newto\STM32CubeIDE\workspace_1.16.0\MFRC522_Library_Dev\Core\Src\stm32f4xx_it.c
2024-11-24 04:09:38,813 [INFO] CodeEngine:255 - oldGeneratedFile, C:\Users\newto\STM32CubeIDE\workspace_1.16.0\MFRC522_Library_Dev\Core\Inc\stm32f4xx_it.h_save
2024-11-24 04:09:38,898 [INFO] CodeEngine:279 - Generated code: C:\Users\newto\STM32CubeIDE\workspace_1.16.0\MFRC522_Library_Dev\Core\Inc\stm32f4xx_it.h
2024-11-24 04:09:39,014 [INFO] CodeEngine:255 - oldGeneratedFile, C:\Users\newto\STM32CubeIDE\workspace_1.16.0\MFRC522_Library_Dev\Core\Src\stm32f4xx_hal_msp.c_save
2024-11-24 04:09:39,141 [INFO] CodeEngine:279 - Generated code: C:\Users\newto\STM32CubeIDE\workspace_1.16.0\MFRC522_Library_Dev\Core\Src\stm32f4xx_hal_msp.c
2024-11-24 04:09:39,154 [INFO] CodeEngine:255 - oldGeneratedFile, C:\Users\newto\STM32CubeIDE\workspace_1.16.0\MFRC522_Library_Dev\MXTmpFiles\system.tmp_save
2024-11-24 04:09:39,223 [INFO] CodeEngine:279 - Generated code: C:\Users\newto\STM32CubeIDE\workspace_1.16.0\MFRC522_Library_Dev\MXTmpFiles\system.tmp
2024-11-24 04:09:39,246 [INFO] CodeEngine:311 - oldGeneratedFile, C:\Users\newto\STM32CubeIDE\workspace_1.16.0\MFRC522_Library_Dev\Core\Inc\stm32f4xx_hal_conf.h_save
2024-11-24 04:09:39,353 [INFO] CodeEngine:335 - Generated code: C:\Users\newto\STM32CubeIDE\workspace_1.16.0\MFRC522_Library_Dev\Core\Inc\stm32f4xx_hal_conf.h
2024-11-24 04:09:39,413 [WARN] IPConfigManager:3005 - Warning: the RefConfig PLL2P_FOR_MCO is not available in your config.xml file
2024-11-24 04:09:39,438 [INFO] CodeEngine:255 - oldGeneratedFile, C:\Users\newto\STM32CubeIDE\workspace_1.16.0\MFRC522_Library_Dev\Core\Inc\main.h_save
2024-11-24 04:09:39,550 [INFO] CodeEngine:279 - Generated code: C:\Users\newto\STM32CubeIDE\workspace_1.16.0\MFRC522_Library_Dev\Core\Inc\main.h
2024-11-24 04:09:39,569 [INFO] CodeEngine:255 - oldGeneratedFile, C:\Users\newto\STM32CubeIDE\workspace_1.16.0\MFRC522_Library_Dev\Core\Src\main.c_save
2024-11-24 04:09:39,721 [INFO] CodeEngine:279 - Generated code: C:\Users\newto\STM32CubeIDE\workspace_1.16.0\MFRC522_Library_Dev\Core\Src\main.c
2024-11-24 04:09:40,134 [INFO] ProjectBuilder:3249 - Time for Copy HAL[1] : 236mS.
2024-11-24 04:09:40,141 [INFO] ProjectBuilder:4828 - Project Generator version: 4.5.0-B34
2024-11-24 04:09:40,226 [INFO] ConfigFileManager:1531 - The Die is : DIE421
2024-11-24 04:09:40,254 [INFO] ApiDbMcu:508 - Load IP Config File for FATFS
2024-11-24 04:09:40,275 [INFO] ApiDbMcu:508 - Load IP Config File for FREERTOS
2024-11-24 04:09:40,289 [INFO] ApiDbMcu:508 - Load IP Config File for LIBJPEG
2024-11-24 04:09:40,315 [INFO] ApiDbMcu:508 - Load IP Config File for MBEDTLS
2024-11-24 04:09:40,341 [INFO] ApiDbMcu:508 - Load IP Config File for USB_DEVICE
2024-11-24 04:09:40,357 [INFO] ApiDbMcu:508 - Load IP Config File for USB_HOST
2024-11-24 04:09:41,117 [INFO] LogOutputStream:77 - [STDOUT_REDIRECT] 
2024-11-24 04:09:44,739 [INFO] ProjectBuilder:5097 - Time for Generating toolchain IDE Files: 4597mS.
2024-11-24 04:09:44,742 [INFO] ProjectBuilder:3107 - Time for Copy CMSIS : 2mS.
2024-11-24 04:09:44,749 [INFO] ProjectBuilder:3107 - Time for Copy CMSIS : 0mS.
2024-11-24 04:09:45,681 [INFO] McuFinderGlobals:76 - Set McuFinderConnectedMode to true
2024-11-24 04:09:45,685 [INFO] ApiDb:448 - Save user favorites file C:\Users\newto/.stm32cubeide/favorites.mcus.txt: 0 item(s)
2024-11-24 04:09:45,685 [INFO] ApiDb:452 - User favorites MCUs=[]
2024-11-24 04:11:42,933 [INFO] NvicIntPanel:101 - NVIC parent = com.st.microxplorer.plugins.ip.nvic.MultiNvicIntPanel[,0,0,452x180,layout=javax.swing.BoxLayout,alignmentX=0.0,alignmentY=0.0,border=,flags=9,maximumSize=,minimumSize=,preferredSize=]
2024-11-24 04:19:55,136 [INFO] UtilMem:75 - End SaveConfig() Used Memory: 738942888 Bytes (847249408)
2024-11-24 04:20:00,243 [INFO] UtilMem:75 - End SaveConfig() Used Memory: 268246728 Bytes (847249408)
2024-11-24 04:20:00,615 [INFO] UtilMem:75 - End SaveConfig() Used Memory: 297080520 Bytes (847249408)
2024-11-24 04:20:00,911 [INFO] BlockDiagram:2766 - set Specific Code input for plugin: SPI
2024-11-24 04:20:00,913 [INFO] BlockDiagram:2766 - set Specific Code input for plugin: SYS
2024-11-24 04:20:00,913 [INFO] BlockDiagram:2766 - set Specific Code input for plugin: RCC
2024-11-24 04:20:00,913 [INFO] BlockDiagram:2766 - set Specific Code input for plugin: NVIC
2024-11-24 04:20:00,913 [INFO] BlockDiagram:2766 - set Specific Code input for plugin: USART
2024-11-24 04:20:00,914 [INFO] BlockDiagram:2766 - set Specific Code input for plugin: GPIO
2024-11-24 04:20:00,918 [INFO] CodeGenerator:807 - code generatio: config db path: C:\ST\STM32CubeIDE_1.16.0\STM32CubeIDE\plugins\com.st.stm32cube.common.mx_6.12.1.202409122256\\db\
2024-11-24 04:20:01,022 [INFO] CodeEngine:255 - oldGeneratedFile, C:\Users\newto\STM32CubeIDE\workspace_1.16.0\MFRC522_Library_Dev\MXTmpFiles\license.tmp_save
2024-11-24 04:20:01,099 [INFO] CodeEngine:279 - Generated code: C:\Users\newto\STM32CubeIDE\workspace_1.16.0\MFRC522_Library_Dev\MXTmpFiles\license.tmp
2024-11-24 04:20:01,172 [INFO] CodeEngine:255 - oldGeneratedFile, C:\Users\newto\STM32CubeIDE\workspace_1.16.0\MFRC522_Library_Dev\Core\Src\gpio.c_save
2024-11-24 04:20:01,264 [INFO] CodeEngine:279 - Generated code: C:\Users\newto\STM32CubeIDE\workspace_1.16.0\MFRC522_Library_Dev\Core\Src\gpio.c
2024-11-24 04:20:01,275 [INFO] CodeEngine:255 - oldGeneratedFile, C:\Users\newto\STM32CubeIDE\workspace_1.16.0\MFRC522_Library_Dev\Core\Inc\gpio.h_save
2024-11-24 04:20:01,358 [INFO] CodeEngine:279 - Generated code: C:\Users\newto\STM32CubeIDE\workspace_1.16.0\MFRC522_Library_Dev\Core\Inc\gpio.h
2024-11-24 04:20:01,468 [INFO] CodeEngine:255 - oldGeneratedFile, C:\Users\newto\STM32CubeIDE\workspace_1.16.0\MFRC522_Library_Dev\Core\Src\spi.c_save
2024-11-24 04:20:01,596 [INFO] CodeEngine:279 - Generated code: C:\Users\newto\STM32CubeIDE\workspace_1.16.0\MFRC522_Library_Dev\Core\Src\spi.c
2024-11-24 04:20:01,612 [INFO] CodeEngine:255 - oldGeneratedFile, C:\Users\newto\STM32CubeIDE\workspace_1.16.0\MFRC522_Library_Dev\Core\Inc\spi.h_save
2024-11-24 04:20:01,699 [INFO] CodeEngine:279 - Generated code: C:\Users\newto\STM32CubeIDE\workspace_1.16.0\MFRC522_Library_Dev\Core\Inc\spi.h
2024-11-24 04:20:01,707 [INFO] CodeEngine:255 - oldGeneratedFile, C:\Users\newto\STM32CubeIDE\workspace_1.16.0\MFRC522_Library_Dev\Core\Src\usart.c_save
2024-11-24 04:20:01,799 [INFO] CodeEngine:279 - Generated code: C:\Users\newto\STM32CubeIDE\workspace_1.16.0\MFRC522_Library_Dev\Core\Src\usart.c
2024-11-24 04:20:01,804 [INFO] CodeEngine:255 - oldGeneratedFile, C:\Users\newto\STM32CubeIDE\workspace_1.16.0\MFRC522_Library_Dev\Core\Inc\usart.h_save
2024-11-24 04:20:01,868 [INFO] CodeEngine:279 - Generated code: C:\Users\newto\STM32CubeIDE\workspace_1.16.0\MFRC522_Library_Dev\Core\Inc\usart.h
2024-11-24 04:20:01,891 [INFO] CodeEngine:255 - oldGeneratedFile, C:\Users\newto\STM32CubeIDE\workspace_1.16.0\MFRC522_Library_Dev\Core\Src\stm32f4xx_it.c_save
2024-11-24 04:20:01,962 [INFO] CodeEngine:279 - Generated code: C:\Users\newto\STM32CubeIDE\workspace_1.16.0\MFRC522_Library_Dev\Core\Src\stm32f4xx_it.c
2024-11-24 04:20:01,976 [INFO] CodeEngine:255 - oldGeneratedFile, C:\Users\newto\STM32CubeIDE\workspace_1.16.0\MFRC522_Library_Dev\Core\Inc\stm32f4xx_it.h_save
2024-11-24 04:20:02,031 [INFO] CodeEngine:279 - Generated code: C:\Users\newto\STM32CubeIDE\workspace_1.16.0\MFRC522_Library_Dev\Core\Inc\stm32f4xx_it.h
2024-11-24 04:20:02,056 [INFO] CodeEngine:255 - oldGeneratedFile, C:\Users\newto\STM32CubeIDE\workspace_1.16.0\MFRC522_Library_Dev\Core\Src\stm32f4xx_hal_msp.c_save
2024-11-24 04:20:02,115 [INFO] CodeEngine:279 - Generated code: C:\Users\newto\STM32CubeIDE\workspace_1.16.0\MFRC522_Library_Dev\Core\Src\stm32f4xx_hal_msp.c
2024-11-24 04:20:02,118 [INFO] CodeEngine:255 - oldGeneratedFile, C:\Users\newto\STM32CubeIDE\workspace_1.16.0\MFRC522_Library_Dev\MXTmpFiles\system.tmp_save
2024-11-24 04:20:02,161 [INFO] CodeEngine:279 - Generated code: C:\Users\newto\STM32CubeIDE\workspace_1.16.0\MFRC522_Library_Dev\MXTmpFiles\system.tmp
2024-11-24 04:20:02,179 [INFO] CodeEngine:311 - oldGeneratedFile, C:\Users\newto\STM32CubeIDE\workspace_1.16.0\MFRC522_Library_Dev\Core\Inc\stm32f4xx_hal_conf.h_save
2024-11-24 04:20:02,250 [INFO] CodeEngine:335 - Generated code: C:\Users\newto\STM32CubeIDE\workspace_1.16.0\MFRC522_Library_Dev\Core\Inc\stm32f4xx_hal_conf.h
2024-11-24 04:20:02,279 [WARN] IPConfigManager:3005 - Warning: the RefConfig PLL2P_FOR_MCO is not available in your config.xml file
2024-11-24 04:20:02,300 [INFO] CodeEngine:255 - oldGeneratedFile, C:\Users\newto\STM32CubeIDE\workspace_1.16.0\MFRC522_Library_Dev\Core\Inc\main.h_save
2024-11-24 04:20:02,375 [INFO] CodeEngine:279 - Generated code: C:\Users\newto\STM32CubeIDE\workspace_1.16.0\MFRC522_Library_Dev\Core\Inc\main.h
2024-11-24 04:20:02,391 [INFO] CodeEngine:255 - oldGeneratedFile, C:\Users\newto\STM32CubeIDE\workspace_1.16.0\MFRC522_Library_Dev\Core\Src\main.c_save
2024-11-24 04:20:02,497 [INFO] CodeEngine:279 - Generated code: C:\Users\newto\STM32CubeIDE\workspace_1.16.0\MFRC522_Library_Dev\Core\Src\main.c
2024-11-24 04:20:02,783 [INFO] ProjectBuilder:3249 - Time for Copy HAL[1] : 180mS.
2024-11-24 04:20:02,786 [INFO] ProjectBuilder:4828 - Project Generator version: 4.5.0-B34
2024-11-24 04:20:02,832 [INFO] ConfigFileManager:1531 - The Die is : DIE421
2024-11-24 04:20:04,075 [INFO] ProjectBuilder:5097 - Time for Generating toolchain IDE Files: 1289mS.
2024-11-24 04:20:04,076 [INFO] ProjectBuilder:3107 - Time for Copy CMSIS : 0mS.
2024-11-24 04:20:04,079 [INFO] ProjectBuilder:3107 - Time for Copy CMSIS : 0mS.
2024-11-24 10:09:12,817 [INFO] WebApp:189 - Connection lost
2024-11-24 10:09:12,951 [INFO] WebApp:186 - Connection restablished
2024-11-24 11:50:18,299 [INFO] WebApp:189 - Connection lost
2024-11-24 11:50:18,453 [INFO] WebApp:186 - Connection restablished
2024-11-24 15:06:15,850 [INFO] WebApp:189 - Connection lost
2024-11-24 15:06:21,478 [INFO] WebApp:186 - Connection restablished
2024-11-24 15:08:33,093 [INFO] WebApp:189 - Connection lost
2024-11-24 15:08:33,272 [INFO] WebApp:186 - Connection restablished
2024-11-24 15:08:36,300 [INFO] WebApp:189 - Connection lost
2024-11-24 15:08:36,418 [INFO] WebApp:186 - Connection restablished
2024-11-24 21:15:36,284 [INFO] McuFinderGlobals:63 - Set McuFinder mode to 2 (CubeIDE integrated)
2024-11-24 21:15:36,292 [INFO] UserAuth:417 - Internet connection configuration mode: 1
2024-11-24 21:15:36,300 [INFO] UserAuth:179 - activating auth plugin
2024-11-24 21:15:36,332 [INFO] UserAuth:417 - Internet connection configuration mode: 1
