2024-11-21 08:09:33,732 [INFO] Activator:176 - 


2024-11-21 08:09:33,751 [INFO] Activator:177 - !SESSION log4j initialized
2024-11-21 08:09:43,549 [INFO] LogOutputStream:77 - [STDOUT_REDIRECT] 
2024-11-21 08:09:48,920 [INFO] ApplicationProperties:184 - Using Application install path: C:\ST\STM32CubeIDE_1.16.0\STM32CubeIDE\plugins\com.st.stm32cube.common.mx_6.12.1.202409122256
2024-11-21 08:09:48,957 [INFO] DbMcusXml:78 - Set database path to: C:\ST\STM32CubeIDE_1.16.0\STM32CubeIDE\plugins\com.st.stm32cube.common.mx_6.12.1.202409122256\\db\/mcu/
2024-11-21 08:09:48,958 [INFO] ApiDb:274 - Set plugin database path to: C:\ST\STM32CubeIDE_1.16.0\STM32CubeIDE\plugins\com.st.stm32cube.common.mx_6.12.1.202409122256\\db\/plugins/boardmanager/
2024-11-21 08:09:48,959 [WARN] ApiDb:259 - Overriding images path with different value:  => C:\ST\STM32CubeIDE_1.16.0\STM32CubeIDE\plugins\com.st.stm32cube.common.mx_6.12.1.202409122256\\db\/plugins/mcufinder/images/
2024-11-21 08:09:48,987 [INFO] ApiDb:250 - Set database path to: C:\Users\newto\.stmcufinder\plugins\mcufinder//mcu/
2024-11-21 08:09:48,989 [INFO] DbMcusAds:125 - Set database path to: C:\Users\newto\.stmcufinder\plugins\mcufinder//mcu/
2024-11-21 08:09:48,993 [INFO] CrossReferenceDbSqlite:203 - Set database path to: C:\Users\newto\.stmcufinder\plugins\mcufinder//mcu/cs/
2024-11-21 08:09:49,232 [INFO] RulesReader:64 - Compatibility file has been processed (297 Rules)
2024-11-21 08:09:49,430 [INFO] DbMcusXml:78 - Set database path to: C:\ST\STM32CubeIDE_1.16.0\STM32CubeIDE\plugins\com.st.stm32cube.common.mx_6.12.1.202409122256\\db\/mcu/
2024-11-21 08:09:49,430 [INFO] ApiDb:274 - Set plugin database path to: C:\ST\STM32CubeIDE_1.16.0\STM32CubeIDE\plugins\com.st.stm32cube.common.mx_6.12.1.202409122256\\db\/plugins/boardmanager/
2024-11-21 08:09:49,431 [INFO] ApiDb:261 - Set plugin images path to: C:\ST\STM32CubeIDE_1.16.0\STM32CubeIDE\plugins\com.st.stm32cube.common.mx_6.12.1.202409122256\\db\/plugins/mcufinder/images/
2024-11-21 08:09:49,431 [WARN] DbFile:41 - Overriding database path with different value: C:\Users\newto\.stmcufinder\plugins\mcufinder/ => C:\Users\newto\.stmcufinder\plugins\mcufinder
2024-11-21 08:09:49,431 [INFO] ApiDb:250 - Set database path to: C:\Users\newto\.stmcufinder\plugins\mcufinder//mcu/
2024-11-21 08:09:49,431 [WARN] DbFile:41 - Overriding database path with different value: C:\Users\newto\.stmcufinder\plugins\mcufinder/ => C:\Users\newto\.stmcufinder\plugins\mcufinder
2024-11-21 08:09:49,431 [INFO] DbMcusAds:125 - Set database path to: C:\Users\newto\.stmcufinder\plugins\mcufinder//mcu/
2024-11-21 08:09:49,432 [WARN] DbFile:41 - Overriding database path with different value: C:\Users\newto\.stmcufinder\plugins\mcufinder/ => C:\Users\newto\.stmcufinder\plugins\mcufinder
2024-11-21 08:09:49,432 [WARN] DbFile:41 - Overriding database path with different value: C:\Users\newto\.stmcufinder\plugins\mcufinder/ => C:\Users\newto\.stmcufinder\plugins\mcufinder
2024-11-21 08:09:49,432 [INFO] CrossReferenceDbSqlite:203 - Set database path to: C:\Users\newto\.stmcufinder\plugins\mcufinder//mcu/cs/
2024-11-21 08:09:49,608 [INFO] MainPanel:268 - HeapMemory: 268435456
2024-11-21 08:09:49,939 [INFO] DbMcusXml:78 - Set database path to: C:\ST\STM32CubeIDE_1.16.0\STM32CubeIDE\plugins\com.st.stm32cube.common.mx_6.12.1.202409122256\\db\/mcu/
2024-11-21 08:09:49,940 [INFO] ApiDb:274 - Set plugin database path to: C:\ST\STM32CubeIDE_1.16.0\STM32CubeIDE\plugins\com.st.stm32cube.common.mx_6.12.1.202409122256\\db\/plugins/boardmanager/
2024-11-21 08:09:49,940 [INFO] ApiDb:261 - Set plugin images path to: C:\ST\STM32CubeIDE_1.16.0\STM32CubeIDE\plugins\com.st.stm32cube.common.mx_6.12.1.202409122256\\db\/plugins/mcufinder/images/
2024-11-21 08:09:49,942 [WARN] DbFile:41 - Overriding database path with different value: C:\Users\newto\.stmcufinder\plugins\mcufinder/ => C:\Users\newto\.stmcufinder\plugins\mcufinder
2024-11-21 08:09:49,943 [INFO] ApiDb:250 - Set database path to: C:\Users\newto\.stmcufinder\plugins\mcufinder//mcu/
2024-11-21 08:09:49,943 [WARN] DbFile:41 - Overriding database path with different value: C:\Users\newto\.stmcufinder\plugins\mcufinder/ => C:\Users\newto\.stmcufinder\plugins\mcufinder
2024-11-21 08:09:49,943 [INFO] DbMcusAds:125 - Set database path to: C:\Users\newto\.stmcufinder\plugins\mcufinder//mcu/
2024-11-21 08:09:49,943 [WARN] DbFile:41 - Overriding database path with different value: C:\Users\newto\.stmcufinder\plugins\mcufinder/ => C:\Users\newto\.stmcufinder\plugins\mcufinder
2024-11-21 08:09:49,943 [WARN] DbFile:41 - Overriding database path with different value: C:\Users\newto\.stmcufinder\plugins\mcufinder/ => C:\Users\newto\.stmcufinder\plugins\mcufinder
2024-11-21 08:09:49,943 [INFO] CrossReferenceDbSqlite:203 - Set database path to: C:\Users\newto\.stmcufinder\plugins\mcufinder//mcu/cs/
2024-11-21 08:09:49,984 [INFO] ApplicationProperties:184 - Using Application install path: C:\ST\STM32CubeIDE_1.16.0\STM32CubeIDE\plugins\com.st.stm32cube.common.mx_6.12.1.202409122256
2024-11-21 08:09:49,988 [INFO] PluginManage:196 - Search for loadable plugins [exclusion list=, ]
2024-11-21 08:09:49,992 [INFO] PluginManage:310 - Check plugin analytics
2024-11-21 08:09:50,308 [INFO] AnalyticsPlugin:253 - Accepted Software Licenses: STM32CubeMX.6.9.1
2024-11-21 08:09:50,309 [INFO] AnalyticsPlugin:255 - Accepted CMSIS Pack Licenses: 
2024-11-21 08:09:50,310 [INFO] AnalyticsPlugin:257 - Accepted Firmware Licenses: FW.F4.1.28.0,FW.H7.1.11.0
2024-11-21 08:09:50,314 [INFO] PluginManage:359 - Loaded plugin analytics (category:tool,tabindex:-1)
2024-11-21 08:09:50,315 [INFO] PluginManage:310 - Check plugin cadmodel
2024-11-21 08:09:50,343 [INFO] CADModel:105 - Init CAD model plugin
2024-11-21 08:09:50,344 [INFO] PluginManage:359 - Loaded plugin cadmodel (category:power,tabindex:5)
2024-11-21 08:09:50,344 [INFO] PluginManage:310 - Check plugin clock
2024-11-21 08:09:50,382 [INFO] PluginManage:359 - Loaded plugin clock (category:base,tabindex:2)
2024-11-21 08:09:50,382 [INFO] PluginManage:310 - Check plugin ddr
2024-11-21 08:09:50,388 [INFO] PluginManage:359 - Loaded plugin ddr (category:tool,tabindex:6)
2024-11-21 08:09:50,388 [INFO] PluginManage:310 - Check plugin filemanager
2024-11-21 08:09:50,702 [INFO] PluginManage:359 - Loaded plugin filemanager (category:base,tabindex:10)
2024-11-21 08:09:50,703 [INFO] PluginManage:310 - Check plugin ipmanager
2024-11-21 08:09:50,716 [INFO] PluginManage:359 - Loaded plugin ipmanager (category:base,tabindex:5)
2024-11-21 08:09:50,716 [INFO] PluginManage:310 - Check plugin lpbam
2024-11-21 08:09:50,747 [INFO] PluginManage:359 - Loaded plugin lpbam (category:base,tabindex:0)
2024-11-21 08:09:50,748 [INFO] PluginManage:310 - Check plugin memorymap
2024-11-21 08:09:50,789 [INFO] PluginManage:359 - Loaded plugin memorymap (category:base,tabindex:4)
2024-11-21 08:09:50,790 [INFO] PluginManage:310 - Check plugin pinoutandconfiguration
2024-11-21 08:09:50,821 [INFO] PluginManage:359 - Loaded plugin pinoutandconfiguration (category:base,tabindex:1)
2024-11-21 08:09:50,822 [INFO] PluginManage:310 - Check plugin pinoutconfig
2024-11-21 08:09:51,013 [WARN] SupportedApi:132 - Cannot load RTOS API schema: s4s-elt-must-match.1: The content of 'definitions' must match (annotation?, (simpleType | complexType)?, (unique | key | keyref)*)). A problem was found starting at: attribute.
2024-11-21 08:09:51,279 [INFO] PluginManage:359 - Loaded plugin pinoutconfig (category:base,tabindex:0)
2024-11-21 08:09:51,279 [INFO] PluginManage:310 - Check plugin power
2024-11-21 08:09:51,311 [INFO] PluginManage:359 - Loaded plugin power (category:power,tabindex:4)
2024-11-21 08:09:51,311 [INFO] PluginManage:310 - Check plugin projectmanager
2024-11-21 08:09:51,337 [INFO] PluginManage:359 - Loaded plugin projectmanager (category:projectmanager,tabindex:4)
2024-11-21 08:09:51,338 [INFO] PluginManage:310 - Check plugin rif
2024-11-21 08:09:51,366 [INFO] PluginManage:359 - Loaded plugin rif (category:base,tabindex:3)
2024-11-21 08:09:51,366 [INFO] PluginManage:310 - Check plugin thirdparty
2024-11-21 08:09:51,854 [WARN] IntegrityCheckThread:84 - waiting for thirdparty lock release [integrity check]
2024-11-21 08:09:51,854 [INFO] PluginManage:359 - Loaded plugin thirdparty (category:base,tabindex:-1)
2024-11-21 08:09:51,854 [INFO] IntegrityCheckThread:86 - entering critical section [integrity check]
2024-11-21 08:09:51,854 [INFO] PluginManage:310 - Check plugin tools
2024-11-21 08:09:51,855 [INFO] ThirdPartyUpdaterWithRetryManager:70 - Updater plugin not ready yet. [1/15]
2024-11-21 08:09:51,931 [INFO] PluginManage:359 - Loaded plugin tools (category:base,tabindex:7)
2024-11-21 08:09:51,931 [INFO] PluginManage:310 - Check plugin tutovideos
2024-11-21 08:09:52,250 [INFO] PluginManage:359 - Loaded plugin tutovideos (category:base,tabindex:-1)
2024-11-21 08:09:52,250 [INFO] PluginManage:310 - Check plugin updater
2024-11-21 08:09:52,277 [INFO] PluginManage:359 - Loaded plugin updater (category:base,tabindex:12)
2024-11-21 08:09:52,278 [INFO] PluginManage:310 - Check plugin userauth
2024-11-21 08:09:52,287 [INFO] UserAuth:113 - Init User Auth plugin
2024-11-21 08:09:52,287 [INFO] PluginManage:359 - Loaded plugin userauth (category:base,tabindex:14)
2024-11-21 08:09:52,288 [INFO] PluginManage:283 - PluginManage : Loaded plugins [18]
2024-11-21 08:09:52,658 [INFO] PinOutPanel:1561 - setPackage(No Configuration,No Configuration)
2024-11-21 08:09:52,814 [INFO] CADModel:165 - CPN selected for project level
2024-11-21 08:09:52,815 [INFO] CADModel:114 - Register for checkConnection events
2024-11-21 08:09:52,867 [INFO] IPUIPlugin:80 - create IPUIPlugin
2024-11-21 08:09:52,867 [INFO] PluginManager:220 - loadIPPluginJar : add adc
2024-11-21 08:09:52,945 [INFO] IPUIPlugin:80 - create IPUIPlugin
2024-11-21 08:09:52,945 [INFO] PluginManager:220 - loadIPPluginJar : add aes
2024-11-21 08:09:53,038 [INFO] IPUIPlugin:80 - create IPUIPlugin
2024-11-21 08:09:53,039 [INFO] PluginManager:220 - loadIPPluginJar : add can
2024-11-21 08:09:53,094 [INFO] IPUIPlugin:80 - create IPUIPlugin
2024-11-21 08:09:53,094 [INFO] PluginManager:220 - loadIPPluginJar : add comp
2024-11-21 08:09:53,176 [INFO] IPUIPlugin:80 - create IPUIPlugin
2024-11-21 08:09:53,177 [INFO] PluginManager:220 - loadIPPluginJar : add cryp
2024-11-21 08:09:53,193 [INFO] IPUIPlugin:80 - create IPUIPlugin
2024-11-21 08:09:53,193 [INFO] PluginManager:220 - loadIPPluginJar : add ddr_ctrl_phy
2024-11-21 08:09:53,260 [INFO] IPUIPlugin:80 - create IPUIPlugin
2024-11-21 08:09:53,260 [INFO] PluginManager:220 - loadIPPluginJar : add dfsdm
2024-11-21 08:09:53,285 [INFO] IPUIPlugin:80 - create IPUIPlugin
2024-11-21 08:09:53,286 [INFO] PluginManager:220 - loadIPPluginJar : add dma
2024-11-21 08:09:53,373 [INFO] IPUIPlugin:80 - create IPUIPlugin
2024-11-21 08:09:53,373 [INFO] PluginManager:220 - loadIPPluginJar : add dma3
2024-11-21 08:09:53,469 [INFO] IPUIPlugin:80 - create IPUIPlugin
2024-11-21 08:09:53,469 [INFO] PluginManager:220 - loadIPPluginJar : add extmemmanager
2024-11-21 08:09:53,511 [INFO] IPUIPlugin:80 - create IPUIPlugin
2024-11-21 08:09:53,511 [INFO] PluginManager:220 - loadIPPluginJar : add fatfs
2024-11-21 08:09:53,586 [INFO] IPUIPlugin:80 - create IPUIPlugin
2024-11-21 08:09:53,586 [INFO] PluginManager:220 - loadIPPluginJar : add fmc
2024-11-21 08:09:53,602 [INFO] IPUIPlugin:80 - create IPUIPlugin
2024-11-21 08:09:53,603 [INFO] PluginManager:220 - loadIPPluginJar : add freertos
2024-11-21 08:09:53,643 [INFO] IPUIPlugin:80 - create IPUIPlugin
2024-11-21 08:09:53,644 [INFO] PluginManager:220 - loadIPPluginJar : add genericplugin
2024-11-21 08:09:53,792 [INFO] IPUIPlugin:80 - create IPUIPlugin
2024-11-21 08:09:53,792 [INFO] PluginManager:220 - loadIPPluginJar : add gfxmmu
2024-11-21 08:09:54,030 [INFO] IPUIPlugin:80 - create IPUIPlugin
2024-11-21 08:09:54,031 [INFO] PluginManager:220 - loadIPPluginJar : add gic
2024-11-21 08:09:54,044 [INFO] IPUIPlugin:80 - create IPUIPlugin
2024-11-21 08:09:54,044 [INFO] PluginManager:220 - loadIPPluginJar : add gpio
2024-11-21 08:09:54,241 [INFO] IPUIPlugin:80 - create IPUIPlugin
2024-11-21 08:09:54,241 [INFO] PluginManager:220 - loadIPPluginJar : add gtzc
2024-11-21 08:09:54,278 [INFO] IPUIPlugin:80 - create IPUIPlugin
2024-11-21 08:09:54,278 [INFO] PluginManager:220 - loadIPPluginJar : add hash
2024-11-21 08:09:54,369 [INFO] IPUIPlugin:80 - create IPUIPlugin
2024-11-21 08:09:54,369 [INFO] PluginManager:220 - loadIPPluginJar : add i2c
2024-11-21 08:09:54,445 [INFO] IPUIPlugin:80 - create IPUIPlugin
2024-11-21 08:09:54,445 [INFO] PluginManager:220 - loadIPPluginJar : add i2s
2024-11-21 08:09:54,528 [INFO] IPUIPlugin:80 - create IPUIPlugin
2024-11-21 08:09:54,528 [INFO] PluginManager:220 - loadIPPluginJar : add i3c
2024-11-21 08:09:54,730 [INFO] IPUIPlugin:80 - create IPUIPlugin
2024-11-21 08:09:54,730 [INFO] PluginManager:220 - loadIPPluginJar : add ipddr
2024-11-21 08:09:54,856 [INFO] ThirdPartyUpdaterWithRetryManager:70 - Updater plugin not ready yet. [2/15]
2024-11-21 08:09:54,919 [INFO] IPUIPlugin:80 - create IPUIPlugin
2024-11-21 08:09:54,919 [INFO] PluginManager:220 - loadIPPluginJar : add linkedlist
2024-11-21 08:09:54,982 [INFO] IPUIPlugin:80 - create IPUIPlugin
2024-11-21 08:09:54,982 [INFO] PluginManager:220 - loadIPPluginJar : add lorawan
2024-11-21 08:09:55,058 [INFO] IPUIPlugin:80 - create IPUIPlugin
2024-11-21 08:09:55,058 [INFO] PluginManager:220 - loadIPPluginJar : add ltdc
2024-11-21 08:09:55,085 [INFO] IPUIPlugin:80 - create IPUIPlugin
2024-11-21 08:09:55,085 [INFO] PluginManager:220 - loadIPPluginJar : add mdma
2024-11-21 08:09:55,102 [INFO] IPUIPlugin:80 - create IPUIPlugin
2024-11-21 08:09:55,103 [INFO] PluginManager:220 - loadIPPluginJar : add nvic
2024-11-21 08:09:55,162 [INFO] IPUIPlugin:80 - create IPUIPlugin
2024-11-21 08:09:55,162 [INFO] PluginManager:220 - loadIPPluginJar : add opamp
2024-11-21 08:09:55,259 [INFO] IPUIPlugin:80 - create IPUIPlugin
2024-11-21 08:09:55,259 [INFO] PluginManager:220 - loadIPPluginJar : add openamp
2024-11-21 08:09:55,355 [INFO] IPUIPlugin:80 - create IPUIPlugin
2024-11-21 08:09:55,355 [INFO] PluginManager:220 - loadIPPluginJar : add pdm2pcm
2024-11-21 08:09:55,373 [INFO] IPUIPlugin:80 - create IPUIPlugin
2024-11-21 08:09:55,376 [INFO] PluginManager:220 - loadIPPluginJar : add plateformsettings
2024-11-21 08:09:55,428 [INFO] IPUIPlugin:80 - create IPUIPlugin
2024-11-21 08:09:55,428 [INFO] PluginManager:220 - loadIPPluginJar : add quadspi
2024-11-21 08:09:55,474 [INFO] IPUIPlugin:80 - create IPUIPlugin
2024-11-21 08:09:55,478 [INFO] PluginManager:220 - loadIPPluginJar : add radio
2024-11-21 08:09:55,494 [INFO] IPUIPlugin:80 - create IPUIPlugin
2024-11-21 08:09:55,494 [INFO] PluginManager:220 - loadIPPluginJar : add resmgrutility
2024-11-21 08:09:55,591 [INFO] IPUIPlugin:80 - create IPUIPlugin
2024-11-21 08:09:55,591 [INFO] PluginManager:220 - loadIPPluginJar : add sai
2024-11-21 08:09:55,665 [INFO] IPUIPlugin:80 - create IPUIPlugin
2024-11-21 08:09:55,665 [INFO] PluginManager:220 - loadIPPluginJar : add spi
2024-11-21 08:09:55,812 [INFO] IPUIPlugin:80 - create IPUIPlugin
2024-11-21 08:09:55,812 [INFO] PluginManager:220 - loadIPPluginJar : add stm32_wpan
2024-11-21 08:09:55,861 [INFO] IPUIPlugin:80 - create IPUIPlugin
2024-11-21 08:09:55,861 [INFO] PluginManager:220 - loadIPPluginJar : add tim
2024-11-21 08:09:55,976 [INFO] IPUIPlugin:80 - create IPUIPlugin
2024-11-21 08:09:55,977 [INFO] PluginManager:220 - loadIPPluginJar : add touchsensing
2024-11-21 08:09:56,013 [INFO] IPUIPlugin:80 - create IPUIPlugin
2024-11-21 08:09:56,013 [INFO] PluginManager:220 - loadIPPluginJar : add tracer_emb
2024-11-21 08:09:56,042 [INFO] IPUIPlugin:80 - create IPUIPlugin
2024-11-21 08:09:56,042 [INFO] PluginManager:220 - loadIPPluginJar : add ts
2024-11-21 08:09:56,080 [INFO] IPUIPlugin:80 - create IPUIPlugin
2024-11-21 08:09:56,080 [INFO] PluginManager:220 - loadIPPluginJar : add tsc
2024-11-21 08:09:56,113 [INFO] IPUIPlugin:80 - create IPUIPlugin
2024-11-21 08:09:56,113 [INFO] PluginManager:220 - loadIPPluginJar : add ucpd
2024-11-21 08:09:56,195 [INFO] IPUIPlugin:80 - create IPUIPlugin
2024-11-21 08:09:56,195 [INFO] PluginManager:220 - loadIPPluginJar : add usart
2024-11-21 08:09:56,283 [INFO] IPUIPlugin:80 - create IPUIPlugin
2024-11-21 08:09:56,283 [INFO] PluginManager:220 - loadIPPluginJar : add usbx
2024-11-21 08:09:56,435 [INFO] CADModel:165 - CPN selected for project level
2024-11-21 08:09:56,435 [INFO] CADModel:114 - Register for checkConnection events
2024-11-21 08:09:56,437 [FATAL] Updater:334 - Updater called before beeing initialized
2024-11-21 08:09:56,437 [ERROR] CADModel:125 - Updater not yet initialized, retry later 
2024-11-21 08:09:56,620 [INFO] CADModel:165 - CPN selected for project level
2024-11-21 08:09:56,620 [INFO] CADModel:114 - Register for checkConnection events
2024-11-21 08:09:56,620 [FATAL] Updater:334 - Updater called before beeing initialized
2024-11-21 08:09:56,620 [ERROR] CADModel:125 - Updater not yet initialized, retry later 
2024-11-21 08:09:56,624 [FATAL] Updater:334 - Updater called before beeing initialized
2024-11-21 08:09:56,770 [FATAL] Updater:334 - Updater called before beeing initialized
2024-11-21 08:09:56,781 [INFO] DbMcusAds:53 - JSON generation date=Fri Sep 20 15:04:38 CEST 2024 (1726837478367)
2024-11-21 08:09:56,782 [FATAL] Updater:334 - Updater called before beeing initialized
2024-11-21 08:09:56,845 [WARN] DetailPanel:346 - Failed to get advertising image, set to default
2024-11-21 08:09:56,974 [FATAL] Updater:334 - Updater called before beeing initialized
2024-11-21 08:09:56,976 [FATAL] Updater:334 - Updater called before beeing initialized
2024-11-21 08:09:56,976 [FATAL] Updater:334 - Updater called before beeing initialized
2024-11-21 08:09:56,976 [WARN] DetailPanel:346 - Failed to get advertising image, set to default
2024-11-21 08:09:56,978 [FATAL] Updater:334 - Updater called before beeing initialized
2024-11-21 08:09:57,069 [ERROR] Updater:1164 - MainUpdater not yet initialized. External WinMGr cannot be set.
2024-11-21 08:09:57,084 [INFO] Updater:1100 - Updater Version found : 6.12.1
2024-11-21 08:09:57,113 [INFO] ApplicationProperties:184 - Using Application install path: C:\ST\STM32CubeIDE_1.16.0\STM32CubeIDE\plugins\com.st.stm32cube.common.mx_6.12.1.202409122256
2024-11-21 08:09:57,755 [INFO] MainUpdater:2873 - connection check result : 10
2024-11-21 08:09:57,756 [INFO] MainUpdater:290 - Updater Check For Update Now.
2024-11-21 08:09:57,757 [INFO] MicroXplorer:498 - Change Database Version : DB.6.0.121
2024-11-21 08:09:57,783 [INFO] McuFinderGlobals:63 - Set McuFinder mode to 2 (CubeIDE integrated)
2024-11-21 08:09:57,794 [INFO] UserAuth:417 - Internet connection configuration mode: 1
2024-11-21 08:09:57,844 [INFO] JxBrowserEngine:152 - Initiate JxBrowser Engine with user profile folder
2024-11-21 08:09:57,857 [WARN] MainUpdater:1194 - Updater busy. Cannot search thirdparties
2024-11-21 08:09:57,857 [INFO] ThirdPartyUpdaterWithRetryManager:96 - Updater plugin is busy. [1/15]
2024-11-21 08:09:58,077 [INFO] CheckServerUpdateThread:120 - End of CheckServer Thread
2024-11-21 08:10:01,251 [WARN] PackLoader:240 - Cannot read IP mode file for STMicroelectronics.FP-SNS-MOTENVWB1.1.4.0
2024-11-21 08:10:01,276 [WARN] PackLoader:240 - Cannot read IP mode file for STMicroelectronics.FP-ATR-ASTRA1.2.0.1
2024-11-21 08:10:01,298 [WARN] PackLoader:240 - Cannot read IP mode file for STMicroelectronics.X-CUBE-SMBUS.2.1.0
2024-11-21 08:10:01,335 [WARN] PackLoader:240 - Cannot read IP mode file for STMicroelectronics.X-CUBE-WB05N.1.1.0
2024-11-21 08:10:01,399 [WARN] PackLoader:240 - Cannot read IP mode file for STMicroelectronics.X-CUBE-AZRTOS-F7.1.1.0
2024-11-21 08:10:01,523 [WARN] PackLoader:240 - Cannot read IP mode file for STMicroelectronics.X-CUBE-MEMS1.11.0.0
2024-11-21 08:10:01,780 [WARN] PackLoader:240 - Cannot read IP mode file for STMicroelectronics.FP-SNS-FLIGHT1.5.0.2
2024-11-21 08:10:01,813 [WARN] PackLoader:240 - Cannot read IP mode file for STMicroelectronics.X-CUBE-DISPLAY.3.0.0
2024-11-21 08:10:01,845 [WARN] PackLoader:240 - Cannot read IP mode file for STMicroelectronics.X-CUBE-BLE1.7.0.0
2024-11-21 08:10:01,872 [WARN] PackLoader:240 - Cannot read IP mode file for STMicroelectronics.X-CUBE-NFC10.1.0.0
2024-11-21 08:10:01,910 [WARN] PackLoader:240 - Cannot read IP mode file for emotas.I-CUBE-CANOPEN.1.3.0
2024-11-21 08:10:01,940 [WARN] PackLoader:240 - Cannot read IP mode file for STMicroelectronics.X-CUBE-BLEMGR.3.1.0
2024-11-21 08:10:01,969 [WARN] PackLoader:240 - Cannot read IP mode file for STMicroelectronics.FP-SNS-SMARTAG2.1.2.0
2024-11-21 08:10:02,009 [INFO] LogOutputStream:77 - [STDOUT_REDIRECT] 1 : Invalid condition id : UX_CORESTACK_Condition cause : null
2024-11-21 08:10:02,010 [INFO] LogOutputStream:77 - [STDOUT_REDIRECT] 1 : Invalid condition id : UX_CORESTACK_Condition cause : null
2024-11-21 08:10:02,012 [INFO] LogOutputStream:77 - [STDOUT_REDIRECT] 1 : Invalid condition id : UX_CORESTACK_Condition cause : null
2024-11-21 08:10:02,015 [INFO] LogOutputStream:77 - [STDOUT_REDIRECT] 1 : Invalid condition id : UX_CORESTACK_Condition cause : null
2024-11-21 08:10:02,017 [INFO] LogOutputStream:77 - [STDOUT_REDIRECT] 1 : Invalid condition id : UX_CORESTACK_Condition cause : null
2024-11-21 08:10:02,022 [WARN] PackLoader:240 - Cannot read IP mode file for STMicroelectronics.X-CUBE-AZRTOS-WL.2.0.0
2024-11-21 08:10:02,051 [WARN] PackLoader:240 - Cannot read IP mode file for STMicroelectronics.FP-SNS-MOTENV1.5.0.0
2024-11-21 08:10:02,074 [WARN] PackLoader:240 - Cannot read IP mode file for wolfSSL.I-CUBE-wolfMQTT.1.19.0
2024-11-21 08:10:02,100 [WARN] PackLoader:240 - Cannot read IP mode file for WES.I-CUBE-Cesium.1.3.0
2024-11-21 08:10:02,132 [WARN] PackLoader:240 - Cannot read IP mode file for STMicroelectronics.X-CUBE-BLE2.3.3.0
2024-11-21 08:10:02,159 [WARN] PackLoader:240 - Cannot read IP mode file for STMicroelectronics.X-CUBE-NFC9.1.0.0
2024-11-21 08:10:02,192 [WARN] PackLoader:240 - Cannot read IP mode file for STMicroelectronics.X-CUBE-TCPP.4.1.0
2024-11-21 08:10:02,252 [WARN] PackLoader:240 - Cannot read IP mode file for STMicroelectronics.X-CUBE-AZRTOS-G0.1.1.0
2024-11-21 08:10:02,285 [WARN] PackLoader:240 - Cannot read IP mode file for STMicroelectronics.X-CUBE-SAFEA1.1.2.2
2024-11-21 08:10:02,312 [WARN] PackLoader:240 - Cannot read IP mode file for STMicroelectronics.X-CUBE-NFC4.3.0.0
2024-11-21 08:10:02,348 [WARN] PackLoader:240 - Cannot read IP mode file for EmbeddedOffice.I-CUBE-FS-RTOS.1.0.1
2024-11-21 08:10:02,349 [ERROR] ConditionMgr:805 - Attr not supported : Dmpu
2024-11-21 08:10:02,349 [ERROR] ConditionMgr:805 - Attr not supported : Dmpu
2024-11-21 08:10:02,350 [ERROR] ConditionMgr:805 - Attr not supported : Dmpu
2024-11-21 08:10:02,350 [ERROR] ConditionMgr:805 - Attr not supported : Dmpu
2024-11-21 08:10:02,350 [ERROR] ConditionMgr:805 - Attr not supported : Dmpu
2024-11-21 08:10:02,350 [ERROR] ConditionMgr:805 - Attr not supported : Dmpu
2024-11-21 08:10:02,350 [ERROR] ConditionMgr:805 - Attr not supported : Dmpu
2024-11-21 08:10:02,350 [ERROR] ConditionMgr:805 - Attr not supported : Dmpu
2024-11-21 08:10:02,351 [ERROR] ConditionMgr:805 - Attr not supported : Dmpu
2024-11-21 08:10:02,351 [ERROR] ConditionMgr:805 - Attr not supported : Dmpu
2024-11-21 08:10:02,351 [ERROR] ConditionMgr:805 - Attr not supported : Dmpu
2024-11-21 08:10:02,351 [ERROR] ConditionMgr:805 - Attr not supported : Dmpu
2024-11-21 08:10:02,352 [ERROR] ConditionMgr:805 - Attr not supported : Dmpu
2024-11-21 08:10:02,352 [ERROR] ConditionMgr:805 - Attr not supported : Dmpu
2024-11-21 08:10:02,352 [ERROR] ConditionMgr:805 - Attr not supported : Dmpu
2024-11-21 08:10:02,352 [ERROR] ConditionMgr:805 - Attr not supported : Dmpu
2024-11-21 08:10:02,352 [ERROR] ConditionMgr:805 - Attr not supported : Dmpu
2024-11-21 08:10:02,352 [ERROR] ConditionMgr:805 - Attr not supported : Dmpu
2024-11-21 08:10:02,352 [ERROR] ConditionMgr:805 - Attr not supported : Dmpu
2024-11-21 08:10:02,353 [ERROR] ConditionMgr:805 - Attr not supported : Dmpu
2024-11-21 08:10:02,353 [ERROR] ConditionMgr:805 - Attr not supported : Dmpu
2024-11-21 08:10:02,353 [ERROR] ConditionMgr:805 - Attr not supported : Dmpu
2024-11-21 08:10:02,354 [ERROR] ConditionMgr:805 - Attr not supported : Dmpu
2024-11-21 08:10:02,354 [ERROR] ConditionMgr:805 - Attr not supported : Dmpu
2024-11-21 08:10:02,354 [ERROR] ConditionMgr:805 - Attr not supported : Dmpu
2024-11-21 08:10:02,354 [ERROR] ConditionMgr:805 - Attr not supported : Dmpu
2024-11-21 08:10:02,354 [ERROR] ConditionMgr:805 - Attr not supported : Dmpu
2024-11-21 08:10:02,354 [ERROR] ConditionMgr:805 - Attr not supported : Dmpu
2024-11-21 08:10:02,354 [ERROR] ConditionMgr:805 - Attr not supported : Dmpu
2024-11-21 08:10:02,355 [ERROR] ConditionMgr:805 - Attr not supported : Dmpu
2024-11-21 08:10:02,355 [ERROR] ConditionMgr:805 - Attr not supported : Dmpu
2024-11-21 08:10:02,355 [ERROR] ConditionMgr:805 - Attr not supported : Dmpu
2024-11-21 08:10:02,355 [ERROR] ConditionMgr:805 - Attr not supported : Dmpu
2024-11-21 08:10:02,355 [ERROR] ConditionMgr:805 - Attr not supported : Dmpu
2024-11-21 08:10:02,355 [ERROR] ConditionMgr:805 - Attr not supported : Dmpu
2024-11-21 08:10:02,355 [ERROR] ConditionMgr:805 - Attr not supported : Dmpu
2024-11-21 08:10:02,356 [ERROR] ConditionMgr:805 - Attr not supported : Dmpu
2024-11-21 08:10:02,356 [ERROR] ConditionMgr:805 - Attr not supported : Dmpu
2024-11-21 08:10:02,356 [ERROR] ConditionMgr:805 - Attr not supported : Dmpu
2024-11-21 08:10:02,356 [ERROR] ConditionMgr:805 - Attr not supported : Dmpu
2024-11-21 08:10:02,356 [ERROR] ConditionMgr:805 - Attr not supported : Dmpu
2024-11-21 08:10:02,357 [ERROR] ConditionMgr:805 - Attr not supported : Dmpu
2024-11-21 08:10:02,357 [ERROR] ConditionMgr:805 - Attr not supported : Dmpu
2024-11-21 08:10:02,357 [ERROR] ConditionMgr:805 - Attr not supported : Dmpu
2024-11-21 08:10:02,357 [ERROR] ConditionMgr:805 - Attr not supported : Dmpu
2024-11-21 08:10:02,357 [ERROR] ConditionMgr:805 - Attr not supported : Dmpu
2024-11-21 08:10:02,357 [ERROR] ConditionMgr:805 - Attr not supported : Dmpu
2024-11-21 08:10:02,357 [ERROR] ConditionMgr:805 - Attr not supported : Dmpu
2024-11-21 08:10:02,359 [ERROR] ConditionMgr:805 - Attr not supported : Dmpu
2024-11-21 08:10:02,359 [ERROR] ConditionMgr:805 - Attr not supported : Dmpu
2024-11-21 08:10:02,359 [ERROR] ConditionMgr:805 - Attr not supported : Dmpu
2024-11-21 08:10:02,359 [ERROR] ConditionMgr:805 - Attr not supported : Dmpu
2024-11-21 08:10:02,359 [ERROR] ConditionMgr:805 - Attr not supported : Dmpu
2024-11-21 08:10:02,359 [ERROR] ConditionMgr:805 - Attr not supported : Dmpu
2024-11-21 08:10:02,360 [ERROR] ConditionMgr:805 - Attr not supported : Dmpu
2024-11-21 08:10:02,360 [ERROR] ConditionMgr:805 - Attr not supported : Dmpu
2024-11-21 08:10:02,360 [ERROR] ConditionMgr:805 - Attr not supported : Dmpu
2024-11-21 08:10:02,360 [ERROR] ConditionMgr:805 - Attr not supported : Dmpu
2024-11-21 08:10:02,360 [ERROR] ConditionMgr:805 - Attr not supported : Dmpu
2024-11-21 08:10:02,361 [ERROR] ConditionMgr:805 - Attr not supported : Dmpu
2024-11-21 08:10:02,361 [ERROR] ConditionMgr:805 - Attr not supported : Dmpu
2024-11-21 08:10:02,361 [ERROR] ConditionMgr:805 - Attr not supported : Dmpu
2024-11-21 08:10:02,361 [ERROR] ConditionMgr:805 - Attr not supported : Dmpu
2024-11-21 08:10:02,361 [ERROR] ConditionMgr:805 - Attr not supported : Dmpu
2024-11-21 08:10:02,393 [WARN] PackLoader:240 - Cannot read IP mode file for RealThread.X-CUBE-RT-Thread_Nano.4.1.1
2024-11-21 08:10:02,417 [WARN] PackLoader:240 - Cannot read IP mode file for STMicroelectronics.FP-ATR-SIGFOX1.3.2.0
2024-11-21 08:10:02,442 [WARN] PackLoader:240 - Cannot read IP mode file for wolfSSL.I-CUBE-wolfSSL.5.7.2
2024-11-21 08:10:02,466 [WARN] ConditionMgr:438 - getConditionDescription Invalid condition id : Cortex-A Device cause : null
2024-11-21 08:10:02,513 [WARN] ConditionMgr:1039 - genDependencies : Invalid condition id : Cortex-A Device cause : null
2024-11-21 08:10:02,514 [WARN] ConditionMgr:1039 - genDependencies : Invalid condition id : Cortex-A Device cause : null
2024-11-21 08:10:02,514 [WARN] ConditionMgr:1039 - genDependencies : Invalid condition id : Cortex-A Device cause : null
2024-11-21 08:10:02,552 [WARN] PackLoader:240 - Cannot read IP mode file for STMicroelectronics.X-CUBE-EEPRMA1.5.1.0
2024-11-21 08:10:02,587 [WARN] PackLoader:240 - Cannot read IP mode file for ITTIA_DB.I-CUBE-ITTIADB.8.9.0
2024-11-21 08:10:02,677 [WARN] PackLoader:240 - Cannot read IP mode file for SEGGER.I-CUBE-embOS.1.3.1
2024-11-21 08:10:02,789 [WARN] PackLoader:240 - Cannot read IP mode file for STMicroelectronics.X-CUBE-ALGOBUILD.1.4.0
2024-11-21 08:10:02,819 [WARN] PackLoader:240 - Cannot read IP mode file for STMicroelectronics.X-CUBE-AI.9.1.0
2024-11-21 08:10:02,843 [WARN] PackLoader:240 - Cannot read IP mode file for STMicroelectronics.X-CUBE-GNSS1.6.0.0
2024-11-21 08:10:02,887 [WARN] PackLoader:240 - Cannot read IP mode file for STMicroelectronics.X-CUBE-AZRTOS-F4.1.1.0
2024-11-21 08:10:02,920 [WARN] PackLoader:240 - Cannot read IP mode file for STMicroelectronics.X-CUBE-ISPU.2.1.0
2024-11-21 08:10:02,942 [WARN] PackLoader:240 - Cannot read IP mode file for STMicroelectronics.X-CUBE-FREERTOS.1.2.0
2024-11-21 08:10:02,993 [WARN] PackLoader:240 - Cannot read IP mode file for STMicroelectronics.X-CUBE-AZRTOS-L5.2.0.0
2024-11-21 08:10:03,028 [WARN] PackLoader:240 - Cannot read IP mode file for STMicroelectronics.X-CUBE-NFC6.3.1.0
2024-11-21 08:10:03,058 [WARN] PackLoader:240 - Cannot read IP mode file for STMicroelectronics.X-CUBE-DPower.1.2.0
2024-11-21 08:10:03,083 [WARN] PackLoader:240 - Cannot read IP mode file for STMicroelectronics.X-CUBE-AI.9.0.0
2024-11-21 08:10:03,106 [WARN] PackLoader:240 - Cannot read IP mode file for STMicroelectronics.X-CUBE-NFC7.1.0.1
2024-11-21 08:10:03,151 [WARN] ConditionMgr:438 - getConditionDescription Invalid condition id : LAN8742 Phy interface Condition cause : null
2024-11-21 08:10:03,153 [WARN] PackLoader:240 - Cannot read IP mode file for STMicroelectronics.X-CUBE-AZRTOS-L4.2.0.0
2024-11-21 08:10:03,155 [WARN] ConditionMgr:1039 - genDependencies : Invalid condition id : LAN8742 Phy interface Condition cause : null
2024-11-21 08:10:03,155 [WARN] ConditionMgr:1039 - genDependencies : Invalid condition id : LAN8742 Phy interface Condition cause : null
2024-11-21 08:10:03,156 [WARN] ConditionMgr:1039 - genDependencies : Invalid condition id : LAN8742 Phy interface Condition cause : null
2024-11-21 08:10:03,187 [WARN] PackLoader:240 - Cannot read IP mode file for STMicroelectronics.X-CUBE-SFXS2LP1.4.0.0
2024-11-21 08:10:03,238 [WARN] PackLoader:240 - Cannot read IP mode file for STMicroelectronics.X-CUBE-AZRTOS-H7.3.3.0
2024-11-21 08:10:03,272 [WARN] PackLoader:240 - Cannot read IP mode file for STMicroelectronics.X-CUBE-IPS.3.0.0
2024-11-21 08:10:03,314 [WARN] ConditionMgr:438 - getConditionDescription Invalid condition id : UX DEVICE CLASS RTOS Condition cause : null
2024-11-21 08:10:03,315 [WARN] ConditionMgr:438 - getConditionDescription Invalid condition id : UX DEVICE CLASS RTOS Condition cause : null
2024-11-21 08:10:03,317 [WARN] PackLoader:240 - Cannot read IP mode file for STMicroelectronics.X-CUBE-AZRTOS-WB.2.0.0
2024-11-21 08:10:03,318 [WARN] ConditionMgr:1039 - genDependencies : Invalid condition id : UX DEVICE CLASS RTOS Condition cause : null
2024-11-21 08:10:03,319 [WARN] ConditionMgr:1039 - genDependencies : Invalid condition id : UX DEVICE CLASS RTOS Condition cause : null
2024-11-21 08:10:03,319 [WARN] ConditionMgr:1039 - genDependencies : Invalid condition id : UX DEVICE CLASS RTOS Condition cause : null
2024-11-21 08:10:03,320 [WARN] ConditionMgr:1039 - genDependencies : Invalid condition id : UX DEVICE CLASS RTOS Condition cause : null
2024-11-21 08:10:03,320 [WARN] ConditionMgr:1039 - genDependencies : Invalid condition id : UX DEVICE CLASS RTOS Condition cause : null
2024-11-21 08:10:03,348 [WARN] PackLoader:240 - Cannot read IP mode file for STMicroelectronics.X-CUBE-GNSS1.7.0.0
2024-11-21 08:10:03,383 [WARN] PackLoader:240 - Cannot read IP mode file for STMicroelectronics.FP-SNS-STBOX1.2.0.0
2024-11-21 08:10:03,417 [WARN] PackLoader:240 - Cannot read IP mode file for STMicroelectronics.X-CUBE-SUBG2.5.0.0
2024-11-21 08:10:03,442 [WARN] PackLoader:240 - Cannot read IP mode file for Cesanta.I-CUBE-Mongoose.7.13.0
2024-11-21 08:10:03,476 [WARN] PackLoader:240 - Cannot read IP mode file for STMicroelectronics.X-CUBE-AZRTOS-G4.2.0.0
2024-11-21 08:10:03,501 [WARN] PackLoader:240 - Cannot read IP mode file for STMicroelectronics.X-CUBE-ISPU.2.0.0
2024-11-21 08:10:03,523 [WARN] PackLoader:240 - Cannot read IP mode file for STMicroelectronics.X-CUBE-ALS.1.0.2
2024-11-21 08:10:03,546 [WARN] PackLoader:240 - Cannot read IP mode file for STMicroelectronics.X-CUBE-TOUCHGFX.4.24.0
2024-11-21 08:10:03,567 [WARN] PackLoader:240 - Cannot read IP mode file for STMicroelectronics.X-CUBE-TOUCHGFX.4.24.1
2024-11-21 08:10:03,590 [WARN] PackLoader:240 - Cannot read IP mode file for wolfSSL.I-CUBE-wolfTPM.3.4.0
2024-11-21 08:10:03,611 [WARN] PackLoader:240 - Cannot read IP mode file for portGmbH.I-Cube-SoM-uGOAL.1.1.0
2024-11-21 08:10:03,653 [WARN] PackLoader:240 - Cannot read IP mode file for STMicroelectronics.X-CUBE-AZRTOS-H7RS.1.0.0
2024-11-21 08:10:03,676 [WARN] PackLoader:240 - Cannot read IP mode file for STMicroelectronics.FP-ATR-ASTRA1.2.0.0
2024-11-21 08:10:03,705 [WARN] PackLoader:240 - Cannot read IP mode file for STMicroelectronics.X-CUBE-TOF1.3.4.2
2024-11-21 08:10:03,758 [WARN] PackLoader:240 - Cannot read IP mode file for Infineon.AIROC-Wi-Fi-Bluetooth-STM32.1.6.1
2024-11-21 08:10:03,783 [WARN] PackLoader:240 - Cannot read IP mode file for wolfSSL.I-CUBE-wolfSSH.1.4.17
2024-11-21 08:10:03,784 [INFO] ThirdParty:978 - Integrity check success = true
2024-11-21 08:10:03,784 [INFO] IntegrityCheckThread:100 - exiting critical section [integrity check]
2024-11-21 08:10:03,785 [INFO] IntegrityCheckThread:103 - End integrity checks thread
2024-11-21 08:10:09,447 [INFO] WebApp:167 - Instantiating new browser for Auth
2024-11-21 08:10:11,259 [INFO] WebApp:448 - Apply proxy settings
2024-11-21 08:10:11,260 [INFO] WebApp:533 - Chromium requires no authentication
2024-11-21 08:10:11,282 [INFO] WebApp:476 - Direct internet connection detected
2024-11-21 08:10:11,346 [INFO] WebApp:869 - Register for checkConnection events
2024-11-21 08:10:11,347 [INFO] WebApp:448 - Apply proxy settings
2024-11-21 08:10:11,347 [INFO] WebApp:533 - Chromium requires no authentication
2024-11-21 08:10:11,348 [INFO] WebApp:476 - Direct internet connection detected
2024-11-21 08:10:11,595 [INFO] WebApp:186 - Connection restablished
2024-11-21 08:10:11,894 [INFO] WebApp:220 - Starting web application
2024-11-21 08:10:11,895 [INFO] WebApp:578 - Web application path used C:\ST\STM32CubeIDE_1.16.0\STM32CubeIDE\plugins\com.st.stm32cube.common.mx_6.12.1.202409122256\db\plugins\mcufinder\reactClient1\index.html
2024-11-21 08:10:12,302 [INFO] UserAuth:417 - Internet connection configuration mode: 1
2024-11-21 13:39:50,402 [ERROR] LogOutputStream:75 - [STDERR_REDIRECT] 
