2024-12-09 07:38:34,928 [INFO] LogOutputStream:77 - [STDOUT_REDIRECT] 
2024-12-09 07:38:36,950 [INFO] ProjectBuilder:5097 - Time for Generating toolchain IDE Files: 2854mS.
2024-12-09 07:38:36,951 [INFO] ProjectBuilder:3107 - Time for Copy CMSIS : 1mS.
2024-12-09 07:38:36,956 [INFO] ProjectBuilder:3107 - Time for Copy CMSIS : 0mS.
2024-12-09 16:11:37,865 [INFO] Activator:176 - 


2024-12-09 16:11:37,870 [INFO] Activator:177 - !SESSION log4j initialized
2024-12-09 16:11:46,709 [INFO] LogOutputStream:77 - [STDOUT_REDIRECT] 
2024-12-09 16:11:48,606 [INFO] ApplicationProperties:184 - Using Application install path: C:\ST\STM32CubeIDE_1.16.0\STM32CubeIDE\plugins\com.st.stm32cube.common.mx_6.12.1.202409122256
2024-12-09 16:11:48,631 [INFO] DbMcusXml:78 - Set database path to: C:\ST\STM32CubeIDE_1.16.0\STM32CubeIDE\plugins\com.st.stm32cube.common.mx_6.12.1.202409122256\\db\/mcu/
2024-12-09 16:11:48,632 [INFO] ApiDb:274 - Set plugin database path to: C:\ST\STM32CubeIDE_1.16.0\STM32CubeIDE\plugins\com.st.stm32cube.common.mx_6.12.1.202409122256\\db\/plugins/boardmanager/
2024-12-09 16:11:48,632 [WARN] ApiDb:259 - Overriding images path with different value:  => C:\ST\STM32CubeIDE_1.16.0\STM32CubeIDE\plugins\com.st.stm32cube.common.mx_6.12.1.202409122256\\db\/plugins/mcufinder/images/
2024-12-09 16:11:48,656 [INFO] ApiDb:250 - Set database path to: C:\Users\newto\.stmcufinder\plugins\mcufinder//mcu/
2024-12-09 16:11:48,658 [INFO] DbMcusAds:125 - Set database path to: C:\Users\newto\.stmcufinder\plugins\mcufinder//mcu/
2024-12-09 16:11:48,662 [INFO] CrossReferenceDbSqlite:203 - Set database path to: C:\Users\newto\.stmcufinder\plugins\mcufinder//mcu/cs/
2024-12-09 16:11:48,840 [INFO] RulesReader:64 - Compatibility file has been processed (297 Rules)
2024-12-09 16:11:49,014 [INFO] DbMcusXml:78 - Set database path to: C:\ST\STM32CubeIDE_1.16.0\STM32CubeIDE\plugins\com.st.stm32cube.common.mx_6.12.1.202409122256\\db\/mcu/
2024-12-09 16:11:49,014 [INFO] ApiDb:274 - Set plugin database path to: C:\ST\STM32CubeIDE_1.16.0\STM32CubeIDE\plugins\com.st.stm32cube.common.mx_6.12.1.202409122256\\db\/plugins/boardmanager/
2024-12-09 16:11:49,015 [INFO] ApiDb:261 - Set plugin images path to: C:\ST\STM32CubeIDE_1.16.0\STM32CubeIDE\plugins\com.st.stm32cube.common.mx_6.12.1.202409122256\\db\/plugins/mcufinder/images/
2024-12-09 16:11:49,015 [WARN] DbFile:41 - Overriding database path with different value: C:\Users\newto\.stmcufinder\plugins\mcufinder/ => C:\Users\newto\.stmcufinder\plugins\mcufinder
2024-12-09 16:11:49,015 [INFO] ApiDb:250 - Set database path to: C:\Users\newto\.stmcufinder\plugins\mcufinder//mcu/
2024-12-09 16:11:49,017 [WARN] DbFile:41 - Overriding database path with different value: C:\Users\newto\.stmcufinder\plugins\mcufinder/ => C:\Users\newto\.stmcufinder\plugins\mcufinder
2024-12-09 16:11:49,017 [INFO] DbMcusAds:125 - Set database path to: C:\Users\newto\.stmcufinder\plugins\mcufinder//mcu/
2024-12-09 16:11:49,017 [WARN] DbFile:41 - Overriding database path with different value: C:\Users\newto\.stmcufinder\plugins\mcufinder/ => C:\Users\newto\.stmcufinder\plugins\mcufinder
2024-12-09 16:11:49,017 [WARN] DbFile:41 - Overriding database path with different value: C:\Users\newto\.stmcufinder\plugins\mcufinder/ => C:\Users\newto\.stmcufinder\plugins\mcufinder
2024-12-09 16:11:49,017 [INFO] CrossReferenceDbSqlite:203 - Set database path to: C:\Users\newto\.stmcufinder\plugins\mcufinder//mcu/cs/
2024-12-09 16:11:49,188 [INFO] MainPanel:268 - HeapMemory: 268435456
2024-12-09 16:11:49,500 [INFO] DbMcusXml:78 - Set database path to: C:\ST\STM32CubeIDE_1.16.0\STM32CubeIDE\plugins\com.st.stm32cube.common.mx_6.12.1.202409122256\\db\/mcu/
2024-12-09 16:11:49,500 [INFO] ApiDb:274 - Set plugin database path to: C:\ST\STM32CubeIDE_1.16.0\STM32CubeIDE\plugins\com.st.stm32cube.common.mx_6.12.1.202409122256\\db\/plugins/boardmanager/
2024-12-09 16:11:49,500 [INFO] ApiDb:261 - Set plugin images path to: C:\ST\STM32CubeIDE_1.16.0\STM32CubeIDE\plugins\com.st.stm32cube.common.mx_6.12.1.202409122256\\db\/plugins/mcufinder/images/
2024-12-09 16:11:49,501 [WARN] DbFile:41 - Overriding database path with different value: C:\Users\newto\.stmcufinder\plugins\mcufinder/ => C:\Users\newto\.stmcufinder\plugins\mcufinder
2024-12-09 16:11:49,501 [INFO] ApiDb:250 - Set database path to: C:\Users\newto\.stmcufinder\plugins\mcufinder//mcu/
2024-12-09 16:11:49,501 [WARN] DbFile:41 - Overriding database path with different value: C:\Users\newto\.stmcufinder\plugins\mcufinder/ => C:\Users\newto\.stmcufinder\plugins\mcufinder
2024-12-09 16:11:49,501 [INFO] DbMcusAds:125 - Set database path to: C:\Users\newto\.stmcufinder\plugins\mcufinder//mcu/
2024-12-09 16:11:49,502 [WARN] DbFile:41 - Overriding database path with different value: C:\Users\newto\.stmcufinder\plugins\mcufinder/ => C:\Users\newto\.stmcufinder\plugins\mcufinder
2024-12-09 16:11:49,502 [WARN] DbFile:41 - Overriding database path with different value: C:\Users\newto\.stmcufinder\plugins\mcufinder/ => C:\Users\newto\.stmcufinder\plugins\mcufinder
2024-12-09 16:11:49,502 [INFO] CrossReferenceDbSqlite:203 - Set database path to: C:\Users\newto\.stmcufinder\plugins\mcufinder//mcu/cs/
2024-12-09 16:11:49,553 [INFO] ApplicationProperties:184 - Using Application install path: C:\ST\STM32CubeIDE_1.16.0\STM32CubeIDE\plugins\com.st.stm32cube.common.mx_6.12.1.202409122256
2024-12-09 16:11:49,556 [INFO] PluginManage:196 - Search for loadable plugins [exclusion list=, ]
2024-12-09 16:11:49,560 [INFO] PluginManage:310 - Check plugin analytics
2024-12-09 16:11:49,822 [INFO] AnalyticsPlugin:253 - Accepted Software Licenses: STM32CubeMX.6.9.1
2024-12-09 16:11:49,822 [INFO] AnalyticsPlugin:255 - Accepted CMSIS Pack Licenses: 
2024-12-09 16:11:49,823 [INFO] AnalyticsPlugin:257 - Accepted Firmware Licenses: FW.F4.1.28.0,FW.H7.1.11.0
2024-12-09 16:11:49,827 [INFO] PluginManage:359 - Loaded plugin analytics (category:tool,tabindex:-1)
2024-12-09 16:11:49,828 [INFO] PluginManage:310 - Check plugin cadmodel
2024-12-09 16:11:49,852 [INFO] CADModel:105 - Init CAD model plugin
2024-12-09 16:11:49,852 [INFO] PluginManage:359 - Loaded plugin cadmodel (category:power,tabindex:5)
2024-12-09 16:11:49,853 [INFO] PluginManage:310 - Check plugin clock
2024-12-09 16:11:49,881 [INFO] PluginManage:359 - Loaded plugin clock (category:base,tabindex:2)
2024-12-09 16:11:49,882 [INFO] PluginManage:310 - Check plugin ddr
2024-12-09 16:11:49,887 [INFO] PluginManage:359 - Loaded plugin ddr (category:tool,tabindex:6)
2024-12-09 16:11:49,887 [INFO] PluginManage:310 - Check plugin filemanager
2024-12-09 16:11:50,131 [INFO] PluginManage:359 - Loaded plugin filemanager (category:base,tabindex:10)
2024-12-09 16:11:50,131 [INFO] PluginManage:310 - Check plugin ipmanager
2024-12-09 16:11:50,145 [INFO] PluginManage:359 - Loaded plugin ipmanager (category:base,tabindex:5)
2024-12-09 16:11:50,146 [INFO] PluginManage:310 - Check plugin lpbam
2024-12-09 16:11:50,174 [INFO] PluginManage:359 - Loaded plugin lpbam (category:base,tabindex:0)
2024-12-09 16:11:50,174 [INFO] PluginManage:310 - Check plugin memorymap
2024-12-09 16:11:50,207 [INFO] PluginManage:359 - Loaded plugin memorymap (category:base,tabindex:4)
2024-12-09 16:11:50,207 [INFO] PluginManage:310 - Check plugin pinoutandconfiguration
2024-12-09 16:11:50,233 [INFO] PluginManage:359 - Loaded plugin pinoutandconfiguration (category:base,tabindex:1)
2024-12-09 16:11:50,233 [INFO] PluginManage:310 - Check plugin pinoutconfig
2024-12-09 16:11:50,408 [WARN] SupportedApi:132 - Cannot load RTOS API schema: s4s-elt-must-match.1: The content of 'definitions' must match (annotation?, (simpleType | complexType)?, (unique | key | keyref)*)). A problem was found starting at: attribute.
2024-12-09 16:11:50,647 [INFO] PluginManage:359 - Loaded plugin pinoutconfig (category:base,tabindex:0)
2024-12-09 16:11:50,647 [INFO] PluginManage:310 - Check plugin power
2024-12-09 16:11:50,677 [INFO] PluginManage:359 - Loaded plugin power (category:power,tabindex:4)
2024-12-09 16:11:50,677 [INFO] PluginManage:310 - Check plugin projectmanager
2024-12-09 16:11:50,704 [INFO] PluginManage:359 - Loaded plugin projectmanager (category:projectmanager,tabindex:4)
2024-12-09 16:11:50,704 [INFO] PluginManage:310 - Check plugin rif
2024-12-09 16:11:50,726 [INFO] PluginManage:359 - Loaded plugin rif (category:base,tabindex:3)
2024-12-09 16:11:50,726 [INFO] PluginManage:310 - Check plugin thirdparty
2024-12-09 16:11:51,193 [INFO] PluginManage:359 - Loaded plugin thirdparty (category:base,tabindex:-1)
2024-12-09 16:11:51,193 [WARN] IntegrityCheckThread:84 - waiting for thirdparty lock release [integrity check]
2024-12-09 16:11:51,193 [INFO] PluginManage:310 - Check plugin tools
2024-12-09 16:11:51,193 [INFO] IntegrityCheckThread:86 - entering critical section [integrity check]
2024-12-09 16:11:51,194 [INFO] ThirdPartyUpdaterWithRetryManager:70 - Updater plugin not ready yet. [1/15]
2024-12-09 16:11:51,263 [INFO] PluginManage:359 - Loaded plugin tools (category:base,tabindex:7)
2024-12-09 16:11:51,263 [INFO] PluginManage:310 - Check plugin tutovideos
2024-12-09 16:11:51,608 [INFO] PluginManage:359 - Loaded plugin tutovideos (category:base,tabindex:-1)
2024-12-09 16:11:51,608 [INFO] PluginManage:310 - Check plugin updater
2024-12-09 16:11:51,632 [INFO] PluginManage:359 - Loaded plugin updater (category:base,tabindex:12)
2024-12-09 16:11:51,632 [INFO] PluginManage:310 - Check plugin userauth
2024-12-09 16:11:51,642 [INFO] UserAuth:113 - Init User Auth plugin
2024-12-09 16:11:51,642 [INFO] PluginManage:359 - Loaded plugin userauth (category:base,tabindex:14)
2024-12-09 16:11:51,643 [INFO] PluginManage:283 - PluginManage : Loaded plugins [18]
2024-12-09 16:11:52,052 [INFO] PinOutPanel:1561 - setPackage(No Configuration,No Configuration)
2024-12-09 16:11:52,215 [INFO] CADModel:165 - CPN selected for project level
2024-12-09 16:11:52,215 [INFO] CADModel:114 - Register for checkConnection events
2024-12-09 16:11:52,260 [INFO] IPUIPlugin:80 - create IPUIPlugin
2024-12-09 16:11:52,260 [INFO] PluginManager:220 - loadIPPluginJar : add adc
2024-12-09 16:11:52,324 [INFO] IPUIPlugin:80 - create IPUIPlugin
2024-12-09 16:11:52,325 [INFO] PluginManager:220 - loadIPPluginJar : add aes
2024-12-09 16:11:52,417 [INFO] IPUIPlugin:80 - create IPUIPlugin
2024-12-09 16:11:52,418 [INFO] PluginManager:220 - loadIPPluginJar : add can
2024-12-09 16:11:52,473 [INFO] IPUIPlugin:80 - create IPUIPlugin
2024-12-09 16:11:52,473 [INFO] PluginManager:220 - loadIPPluginJar : add comp
2024-12-09 16:11:52,555 [INFO] IPUIPlugin:80 - create IPUIPlugin
2024-12-09 16:11:52,555 [INFO] PluginManager:220 - loadIPPluginJar : add cryp
2024-12-09 16:11:52,573 [INFO] IPUIPlugin:80 - create IPUIPlugin
2024-12-09 16:11:52,573 [INFO] PluginManager:220 - loadIPPluginJar : add ddr_ctrl_phy
2024-12-09 16:11:52,640 [INFO] IPUIPlugin:80 - create IPUIPlugin
2024-12-09 16:11:52,640 [INFO] PluginManager:220 - loadIPPluginJar : add dfsdm
2024-12-09 16:11:52,668 [INFO] IPUIPlugin:80 - create IPUIPlugin
2024-12-09 16:11:52,669 [INFO] PluginManager:220 - loadIPPluginJar : add dma
2024-12-09 16:11:52,779 [INFO] IPUIPlugin:80 - create IPUIPlugin
2024-12-09 16:11:52,780 [INFO] PluginManager:220 - loadIPPluginJar : add dma3
2024-12-09 16:11:52,877 [INFO] IPUIPlugin:80 - create IPUIPlugin
2024-12-09 16:11:52,877 [INFO] PluginManager:220 - loadIPPluginJar : add extmemmanager
2024-12-09 16:11:52,923 [INFO] IPUIPlugin:80 - create IPUIPlugin
2024-12-09 16:11:52,924 [INFO] PluginManager:220 - loadIPPluginJar : add fatfs
2024-12-09 16:11:53,037 [INFO] IPUIPlugin:80 - create IPUIPlugin
2024-12-09 16:11:53,038 [INFO] PluginManager:220 - loadIPPluginJar : add fmc
2024-12-09 16:11:53,056 [INFO] IPUIPlugin:80 - create IPUIPlugin
2024-12-09 16:11:53,057 [INFO] PluginManager:220 - loadIPPluginJar : add freertos
2024-12-09 16:11:53,096 [INFO] IPUIPlugin:80 - create IPUIPlugin
2024-12-09 16:11:53,097 [INFO] PluginManager:220 - loadIPPluginJar : add genericplugin
2024-12-09 16:11:53,312 [INFO] IPUIPlugin:80 - create IPUIPlugin
2024-12-09 16:11:53,312 [INFO] PluginManager:220 - loadIPPluginJar : add gfxmmu
2024-12-09 16:11:53,604 [INFO] IPUIPlugin:80 - create IPUIPlugin
2024-12-09 16:11:53,605 [INFO] PluginManager:220 - loadIPPluginJar : add gic
2024-12-09 16:11:53,624 [INFO] IPUIPlugin:80 - create IPUIPlugin
2024-12-09 16:11:53,625 [INFO] PluginManager:220 - loadIPPluginJar : add gpio
2024-12-09 16:11:53,854 [INFO] IPUIPlugin:80 - create IPUIPlugin
2024-12-09 16:11:53,854 [INFO] PluginManager:220 - loadIPPluginJar : add gtzc
2024-12-09 16:11:53,924 [INFO] IPUIPlugin:80 - create IPUIPlugin
2024-12-09 16:11:53,925 [INFO] PluginManager:220 - loadIPPluginJar : add hash
2024-12-09 16:11:54,040 [INFO] IPUIPlugin:80 - create IPUIPlugin
2024-12-09 16:11:54,040 [INFO] PluginManager:220 - loadIPPluginJar : add i2c
2024-12-09 16:11:54,131 [INFO] IPUIPlugin:80 - create IPUIPlugin
2024-12-09 16:11:54,131 [INFO] PluginManager:220 - loadIPPluginJar : add i2s
2024-12-09 16:11:54,196 [INFO] ThirdPartyUpdaterWithRetryManager:70 - Updater plugin not ready yet. [2/15]
2024-12-09 16:11:54,227 [INFO] IPUIPlugin:80 - create IPUIPlugin
2024-12-09 16:11:54,227 [INFO] PluginManager:220 - loadIPPluginJar : add i3c
2024-12-09 16:11:54,440 [INFO] IPUIPlugin:80 - create IPUIPlugin
2024-12-09 16:11:54,440 [INFO] PluginManager:220 - loadIPPluginJar : add ipddr
2024-12-09 16:11:54,634 [INFO] IPUIPlugin:80 - create IPUIPlugin
2024-12-09 16:11:54,634 [INFO] PluginManager:220 - loadIPPluginJar : add linkedlist
2024-12-09 16:11:54,715 [INFO] IPUIPlugin:80 - create IPUIPlugin
2024-12-09 16:11:54,716 [INFO] PluginManager:220 - loadIPPluginJar : add lorawan
2024-12-09 16:11:54,794 [INFO] IPUIPlugin:80 - create IPUIPlugin
2024-12-09 16:11:54,794 [INFO] PluginManager:220 - loadIPPluginJar : add ltdc
2024-12-09 16:11:54,820 [INFO] IPUIPlugin:80 - create IPUIPlugin
2024-12-09 16:11:54,820 [INFO] PluginManager:220 - loadIPPluginJar : add mdma
2024-12-09 16:11:54,837 [INFO] IPUIPlugin:80 - create IPUIPlugin
2024-12-09 16:11:54,838 [INFO] PluginManager:220 - loadIPPluginJar : add nvic
2024-12-09 16:11:54,920 [INFO] IPUIPlugin:80 - create IPUIPlugin
2024-12-09 16:11:54,920 [INFO] PluginManager:220 - loadIPPluginJar : add opamp
2024-12-09 16:11:55,068 [INFO] IPUIPlugin:80 - create IPUIPlugin
2024-12-09 16:11:55,069 [INFO] PluginManager:220 - loadIPPluginJar : add openamp
2024-12-09 16:11:55,176 [INFO] IPUIPlugin:80 - create IPUIPlugin
2024-12-09 16:11:55,176 [INFO] PluginManager:220 - loadIPPluginJar : add pdm2pcm
2024-12-09 16:11:55,197 [INFO] IPUIPlugin:80 - create IPUIPlugin
2024-12-09 16:11:55,202 [INFO] PluginManager:220 - loadIPPluginJar : add plateformsettings
2024-12-09 16:11:55,254 [INFO] IPUIPlugin:80 - create IPUIPlugin
2024-12-09 16:11:55,254 [INFO] PluginManager:220 - loadIPPluginJar : add quadspi
2024-12-09 16:11:55,312 [INFO] IPUIPlugin:80 - create IPUIPlugin
2024-12-09 16:11:55,315 [INFO] PluginManager:220 - loadIPPluginJar : add radio
2024-12-09 16:11:55,331 [INFO] IPUIPlugin:80 - create IPUIPlugin
2024-12-09 16:11:55,331 [INFO] PluginManager:220 - loadIPPluginJar : add resmgrutility
2024-12-09 16:11:55,426 [INFO] IPUIPlugin:80 - create IPUIPlugin
2024-12-09 16:11:55,427 [INFO] PluginManager:220 - loadIPPluginJar : add sai
2024-12-09 16:11:55,507 [INFO] IPUIPlugin:80 - create IPUIPlugin
2024-12-09 16:11:55,508 [INFO] PluginManager:220 - loadIPPluginJar : add spi
2024-12-09 16:11:55,635 [INFO] IPUIPlugin:80 - create IPUIPlugin
2024-12-09 16:11:55,636 [INFO] PluginManager:220 - loadIPPluginJar : add stm32_wpan
2024-12-09 16:11:55,687 [INFO] IPUIPlugin:80 - create IPUIPlugin
2024-12-09 16:11:55,687 [INFO] PluginManager:220 - loadIPPluginJar : add tim
2024-12-09 16:11:55,814 [INFO] IPUIPlugin:80 - create IPUIPlugin
2024-12-09 16:11:55,815 [INFO] PluginManager:220 - loadIPPluginJar : add touchsensing
2024-12-09 16:11:55,867 [INFO] IPUIPlugin:80 - create IPUIPlugin
2024-12-09 16:11:55,867 [INFO] PluginManager:220 - loadIPPluginJar : add tracer_emb
2024-12-09 16:11:55,927 [INFO] IPUIPlugin:80 - create IPUIPlugin
2024-12-09 16:11:55,927 [INFO] PluginManager:220 - loadIPPluginJar : add ts
2024-12-09 16:11:55,973 [INFO] IPUIPlugin:80 - create IPUIPlugin
2024-12-09 16:11:55,973 [INFO] PluginManager:220 - loadIPPluginJar : add tsc
2024-12-09 16:11:56,022 [INFO] IPUIPlugin:80 - create IPUIPlugin
2024-12-09 16:11:56,022 [INFO] PluginManager:220 - loadIPPluginJar : add ucpd
2024-12-09 16:11:56,123 [INFO] IPUIPlugin:80 - create IPUIPlugin
2024-12-09 16:11:56,124 [INFO] PluginManager:220 - loadIPPluginJar : add usart
2024-12-09 16:11:56,223 [INFO] IPUIPlugin:80 - create IPUIPlugin
2024-12-09 16:11:56,223 [INFO] PluginManager:220 - loadIPPluginJar : add usbx
2024-12-09 16:11:56,405 [INFO] CADModel:165 - CPN selected for project level
2024-12-09 16:11:56,405 [INFO] CADModel:114 - Register for checkConnection events
2024-12-09 16:11:56,405 [FATAL] Updater:334 - Updater called before beeing initialized
2024-12-09 16:11:56,406 [ERROR] CADModel:125 - Updater not yet initialized, retry later 
2024-12-09 16:11:56,588 [INFO] CADModel:165 - CPN selected for project level
2024-12-09 16:11:56,588 [INFO] CADModel:114 - Register for checkConnection events
2024-12-09 16:11:56,588 [FATAL] Updater:334 - Updater called before beeing initialized
2024-12-09 16:11:56,588 [ERROR] CADModel:125 - Updater not yet initialized, retry later 
2024-12-09 16:11:56,591 [FATAL] Updater:334 - Updater called before beeing initialized
2024-12-09 16:11:56,775 [FATAL] Updater:334 - Updater called before beeing initialized
2024-12-09 16:11:56,792 [INFO] DbMcusAds:53 - JSON generation date=Fri Sep 20 15:04:38 CEST 2024 (1726837478367)
2024-12-09 16:11:56,792 [FATAL] Updater:334 - Updater called before beeing initialized
2024-12-09 16:11:56,869 [WARN] DetailPanel:346 - Failed to get advertising image, set to default
2024-12-09 16:11:57,056 [FATAL] Updater:334 - Updater called before beeing initialized
2024-12-09 16:11:57,059 [FATAL] Updater:334 - Updater called before beeing initialized
2024-12-09 16:11:57,059 [FATAL] Updater:334 - Updater called before beeing initialized
2024-12-09 16:11:57,059 [WARN] DetailPanel:346 - Failed to get advertising image, set to default
2024-12-09 16:11:57,060 [FATAL] Updater:334 - Updater called before beeing initialized
2024-12-09 16:11:57,160 [ERROR] Updater:1164 - MainUpdater not yet initialized. External WinMGr cannot be set.
2024-12-09 16:11:57,178 [INFO] Updater:1100 - Updater Version found : 6.12.1
2024-12-09 16:11:57,197 [INFO] ThirdPartyUpdaterWithRetryManager:70 - Updater plugin not ready yet. [3/15]
2024-12-09 16:11:57,208 [INFO] ApplicationProperties:184 - Using Application install path: C:\ST\STM32CubeIDE_1.16.0\STM32CubeIDE\plugins\com.st.stm32cube.common.mx_6.12.1.202409122256
2024-12-09 16:11:57,770 [INFO] MainUpdater:2873 - connection check result : 10
2024-12-09 16:11:57,770 [INFO] MainUpdater:290 - Updater Check For Update Now.
2024-12-09 16:11:57,771 [INFO] MicroXplorer:498 - Change Database Version : DB.6.0.121
2024-12-09 16:11:57,791 [INFO] McuFinderGlobals:63 - Set McuFinder mode to 2 (CubeIDE integrated)
2024-12-09 16:11:57,791 [INFO] UserAuth:179 - activating auth plugin
2024-12-09 16:11:57,795 [INFO] UserAuth:417 - Internet connection configuration mode: 1
2024-12-09 16:11:57,841 [INFO] JxBrowserEngine:152 - Initiate JxBrowser Engine with user profile folder
2024-12-09 16:11:58,122 [INFO] CheckServerUpdateThread:120 - End of CheckServer Thread
2024-12-09 16:12:00,661 [WARN] PackLoader:240 - Cannot read IP mode file for STMicroelectronics.FP-SNS-MOTENVWB1.1.4.0
2024-12-09 16:12:00,688 [WARN] PackLoader:240 - Cannot read IP mode file for STMicroelectronics.FP-ATR-ASTRA1.2.0.1
2024-12-09 16:12:00,712 [WARN] PackLoader:240 - Cannot read IP mode file for STMicroelectronics.X-CUBE-SMBUS.2.1.0
2024-12-09 16:12:00,741 [WARN] PackLoader:240 - Cannot read IP mode file for STMicroelectronics.X-CUBE-WB05N.1.1.0
2024-12-09 16:12:00,808 [WARN] PackLoader:240 - Cannot read IP mode file for STMicroelectronics.X-CUBE-AZRTOS-F7.1.1.0
2024-12-09 16:12:00,921 [WARN] PackLoader:240 - Cannot read IP mode file for STMicroelectronics.X-CUBE-MEMS1.11.0.0
2024-12-09 16:12:01,149 [WARN] PackLoader:240 - Cannot read IP mode file for STMicroelectronics.FP-SNS-FLIGHT1.5.0.2
2024-12-09 16:12:01,180 [WARN] PackLoader:240 - Cannot read IP mode file for STMicroelectronics.X-CUBE-DISPLAY.3.0.0
2024-12-09 16:12:01,210 [WARN] PackLoader:240 - Cannot read IP mode file for STMicroelectronics.X-CUBE-BLE1.7.0.0
2024-12-09 16:12:01,239 [WARN] PackLoader:240 - Cannot read IP mode file for STMicroelectronics.X-CUBE-NFC10.1.0.0
2024-12-09 16:12:01,278 [WARN] PackLoader:240 - Cannot read IP mode file for STMicroelectronics.X-CUBE-BLEMGR.4.0.0
2024-12-09 16:12:01,311 [WARN] PackLoader:240 - Cannot read IP mode file for emotas.I-CUBE-CANOPEN.1.3.0
2024-12-09 16:12:01,340 [WARN] PackLoader:240 - Cannot read IP mode file for STMicroelectronics.X-CUBE-BLEMGR.3.1.0
2024-12-09 16:12:01,369 [WARN] PackLoader:240 - Cannot read IP mode file for STMicroelectronics.FP-SNS-SMARTAG2.1.2.0
2024-12-09 16:12:01,403 [INFO] LogOutputStream:77 - [STDOUT_REDIRECT] 1 : Invalid condition id : UX_CORESTACK_Condition cause : null
2024-12-09 16:12:01,404 [INFO] LogOutputStream:77 - [STDOUT_REDIRECT] 1 : Invalid condition id : UX_CORESTACK_Condition cause : null
2024-12-09 16:12:01,406 [INFO] LogOutputStream:77 - [STDOUT_REDIRECT] 1 : Invalid condition id : UX_CORESTACK_Condition cause : null
2024-12-09 16:12:01,408 [INFO] LogOutputStream:77 - [STDOUT_REDIRECT] 1 : Invalid condition id : UX_CORESTACK_Condition cause : null
2024-12-09 16:12:01,410 [INFO] LogOutputStream:77 - [STDOUT_REDIRECT] 1 : Invalid condition id : UX_CORESTACK_Condition cause : null
2024-12-09 16:12:01,424 [WARN] PackLoader:240 - Cannot read IP mode file for STMicroelectronics.X-CUBE-AZRTOS-WL.2.0.0
2024-12-09 16:12:01,455 [WARN] PackLoader:240 - Cannot read IP mode file for STMicroelectronics.FP-SNS-MOTENV1.5.0.0
2024-12-09 16:12:01,477 [WARN] PackLoader:240 - Cannot read IP mode file for wolfSSL.I-CUBE-wolfMQTT.1.19.0
2024-12-09 16:12:01,524 [WARN] PackLoader:240 - Cannot read IP mode file for WES.I-CUBE-Cesium.1.3.0
2024-12-09 16:12:01,554 [WARN] PackLoader:240 - Cannot read IP mode file for STMicroelectronics.X-CUBE-BLE2.3.3.0
2024-12-09 16:12:01,581 [WARN] PackLoader:240 - Cannot read IP mode file for STMicroelectronics.X-CUBE-NFC9.1.0.0
2024-12-09 16:12:01,606 [WARN] PackLoader:240 - Cannot read IP mode file for STMicroelectronics.X-CUBE-TCPP.4.1.0
2024-12-09 16:12:01,656 [WARN] PackLoader:240 - Cannot read IP mode file for STMicroelectronics.X-CUBE-AZRTOS-G0.1.1.0
2024-12-09 16:12:01,689 [WARN] PackLoader:240 - Cannot read IP mode file for STMicroelectronics.X-CUBE-SAFEA1.1.2.2
2024-12-09 16:12:01,718 [WARN] PackLoader:240 - Cannot read IP mode file for STMicroelectronics.X-CUBE-NFC4.3.0.0
2024-12-09 16:12:01,752 [WARN] PackLoader:240 - Cannot read IP mode file for EmbeddedOffice.I-CUBE-FS-RTOS.1.0.1
2024-12-09 16:12:01,752 [ERROR] ConditionMgr:805 - Attr not supported : Dmpu
2024-12-09 16:12:01,753 [ERROR] ConditionMgr:805 - Attr not supported : Dmpu
2024-12-09 16:12:01,753 [ERROR] ConditionMgr:805 - Attr not supported : Dmpu
2024-12-09 16:12:01,753 [ERROR] ConditionMgr:805 - Attr not supported : Dmpu
2024-12-09 16:12:01,753 [ERROR] ConditionMgr:805 - Attr not supported : Dmpu
2024-12-09 16:12:01,753 [ERROR] ConditionMgr:805 - Attr not supported : Dmpu
2024-12-09 16:12:01,754 [ERROR] ConditionMgr:805 - Attr not supported : Dmpu
2024-12-09 16:12:01,754 [ERROR] ConditionMgr:805 - Attr not supported : Dmpu
2024-12-09 16:12:01,754 [ERROR] ConditionMgr:805 - Attr not supported : Dmpu
2024-12-09 16:12:01,754 [ERROR] ConditionMgr:805 - Attr not supported : Dmpu
2024-12-09 16:12:01,754 [ERROR] ConditionMgr:805 - Attr not supported : Dmpu
2024-12-09 16:12:01,754 [ERROR] ConditionMgr:805 - Attr not supported : Dmpu
2024-12-09 16:12:01,754 [ERROR] ConditionMgr:805 - Attr not supported : Dmpu
2024-12-09 16:12:01,755 [ERROR] ConditionMgr:805 - Attr not supported : Dmpu
2024-12-09 16:12:01,755 [ERROR] ConditionMgr:805 - Attr not supported : Dmpu
2024-12-09 16:12:01,755 [ERROR] ConditionMgr:805 - Attr not supported : Dmpu
2024-12-09 16:12:01,755 [ERROR] ConditionMgr:805 - Attr not supported : Dmpu
2024-12-09 16:12:01,755 [ERROR] ConditionMgr:805 - Attr not supported : Dmpu
2024-12-09 16:12:01,755 [ERROR] ConditionMgr:805 - Attr not supported : Dmpu
2024-12-09 16:12:01,755 [ERROR] ConditionMgr:805 - Attr not supported : Dmpu
2024-12-09 16:12:01,755 [ERROR] ConditionMgr:805 - Attr not supported : Dmpu
2024-12-09 16:12:01,756 [ERROR] ConditionMgr:805 - Attr not supported : Dmpu
2024-12-09 16:12:01,756 [ERROR] ConditionMgr:805 - Attr not supported : Dmpu
2024-12-09 16:12:01,756 [ERROR] ConditionMgr:805 - Attr not supported : Dmpu
2024-12-09 16:12:01,756 [ERROR] ConditionMgr:805 - Attr not supported : Dmpu
2024-12-09 16:12:01,756 [ERROR] ConditionMgr:805 - Attr not supported : Dmpu
2024-12-09 16:12:01,756 [ERROR] ConditionMgr:805 - Attr not supported : Dmpu
2024-12-09 16:12:01,756 [ERROR] ConditionMgr:805 - Attr not supported : Dmpu
2024-12-09 16:12:01,756 [ERROR] ConditionMgr:805 - Attr not supported : Dmpu
2024-12-09 16:12:01,757 [ERROR] ConditionMgr:805 - Attr not supported : Dmpu
2024-12-09 16:12:01,757 [ERROR] ConditionMgr:805 - Attr not supported : Dmpu
2024-12-09 16:12:01,757 [ERROR] ConditionMgr:805 - Attr not supported : Dmpu
2024-12-09 16:12:01,757 [ERROR] ConditionMgr:805 - Attr not supported : Dmpu
2024-12-09 16:12:01,757 [ERROR] ConditionMgr:805 - Attr not supported : Dmpu
2024-12-09 16:12:01,757 [ERROR] ConditionMgr:805 - Attr not supported : Dmpu
2024-12-09 16:12:01,757 [ERROR] ConditionMgr:805 - Attr not supported : Dmpu
2024-12-09 16:12:01,757 [ERROR] ConditionMgr:805 - Attr not supported : Dmpu
2024-12-09 16:12:01,758 [ERROR] ConditionMgr:805 - Attr not supported : Dmpu
2024-12-09 16:12:01,758 [ERROR] ConditionMgr:805 - Attr not supported : Dmpu
2024-12-09 16:12:01,758 [ERROR] ConditionMgr:805 - Attr not supported : Dmpu
2024-12-09 16:12:01,758 [ERROR] ConditionMgr:805 - Attr not supported : Dmpu
2024-12-09 16:12:01,758 [ERROR] ConditionMgr:805 - Attr not supported : Dmpu
2024-12-09 16:12:01,758 [ERROR] ConditionMgr:805 - Attr not supported : Dmpu
2024-12-09 16:12:01,758 [ERROR] ConditionMgr:805 - Attr not supported : Dmpu
2024-12-09 16:12:01,759 [ERROR] ConditionMgr:805 - Attr not supported : Dmpu
2024-12-09 16:12:01,759 [ERROR] ConditionMgr:805 - Attr not supported : Dmpu
2024-12-09 16:12:01,759 [ERROR] ConditionMgr:805 - Attr not supported : Dmpu
2024-12-09 16:12:01,759 [ERROR] ConditionMgr:805 - Attr not supported : Dmpu
2024-12-09 16:12:01,759 [ERROR] ConditionMgr:805 - Attr not supported : Dmpu
2024-12-09 16:12:01,759 [ERROR] ConditionMgr:805 - Attr not supported : Dmpu
2024-12-09 16:12:01,759 [ERROR] ConditionMgr:805 - Attr not supported : Dmpu
2024-12-09 16:12:01,759 [ERROR] ConditionMgr:805 - Attr not supported : Dmpu
2024-12-09 16:12:01,759 [ERROR] ConditionMgr:805 - Attr not supported : Dmpu
2024-12-09 16:12:01,760 [ERROR] ConditionMgr:805 - Attr not supported : Dmpu
2024-12-09 16:12:01,760 [ERROR] ConditionMgr:805 - Attr not supported : Dmpu
2024-12-09 16:12:01,760 [ERROR] ConditionMgr:805 - Attr not supported : Dmpu
2024-12-09 16:12:01,760 [ERROR] ConditionMgr:805 - Attr not supported : Dmpu
2024-12-09 16:12:01,760 [ERROR] ConditionMgr:805 - Attr not supported : Dmpu
2024-12-09 16:12:01,760 [ERROR] ConditionMgr:805 - Attr not supported : Dmpu
2024-12-09 16:12:01,760 [ERROR] ConditionMgr:805 - Attr not supported : Dmpu
2024-12-09 16:12:01,760 [ERROR] ConditionMgr:805 - Attr not supported : Dmpu
2024-12-09 16:12:01,761 [ERROR] ConditionMgr:805 - Attr not supported : Dmpu
2024-12-09 16:12:01,761 [ERROR] ConditionMgr:805 - Attr not supported : Dmpu
2024-12-09 16:12:01,761 [ERROR] ConditionMgr:805 - Attr not supported : Dmpu
2024-12-09 16:12:01,789 [WARN] PackLoader:240 - Cannot read IP mode file for RealThread.X-CUBE-RT-Thread_Nano.4.1.1
2024-12-09 16:12:01,812 [WARN] PackLoader:240 - Cannot read IP mode file for STMicroelectronics.FP-ATR-SIGFOX1.3.2.0
2024-12-09 16:12:01,836 [WARN] PackLoader:240 - Cannot read IP mode file for wolfSSL.I-CUBE-wolfSSL.5.7.2
2024-12-09 16:12:01,863 [WARN] ConditionMgr:438 - getConditionDescription Invalid condition id : Cortex-A Device cause : null
2024-12-09 16:12:01,903 [WARN] ConditionMgr:1039 - genDependencies : Invalid condition id : Cortex-A Device cause : null
2024-12-09 16:12:01,904 [WARN] ConditionMgr:1039 - genDependencies : Invalid condition id : Cortex-A Device cause : null
2024-12-09 16:12:01,904 [WARN] ConditionMgr:1039 - genDependencies : Invalid condition id : Cortex-A Device cause : null
2024-12-09 16:12:01,933 [WARN] PackLoader:240 - Cannot read IP mode file for STMicroelectronics.X-CUBE-EEPRMA1.5.1.0
2024-12-09 16:12:01,966 [WARN] PackLoader:240 - Cannot read IP mode file for ITTIA_DB.I-CUBE-ITTIADB.8.9.0
2024-12-09 16:12:02,041 [WARN] PackLoader:240 - Cannot read IP mode file for SEGGER.I-CUBE-embOS.1.3.1
2024-12-09 16:12:02,127 [WARN] PackLoader:240 - Cannot read IP mode file for STMicroelectronics.X-CUBE-ALGOBUILD.1.4.0
2024-12-09 16:12:02,160 [WARN] PackLoader:240 - Cannot read IP mode file for STMicroelectronics.X-CUBE-AI.9.1.0
2024-12-09 16:12:02,190 [WARN] PackLoader:240 - Cannot read IP mode file for STMicroelectronics.X-CUBE-GNSS1.6.0.0
2024-12-09 16:12:02,244 [WARN] PackLoader:240 - Cannot read IP mode file for STMicroelectronics.X-CUBE-AZRTOS-F4.1.1.0
2024-12-09 16:12:02,276 [WARN] PackLoader:240 - Cannot read IP mode file for STMicroelectronics.X-CUBE-ISPU.2.1.0
2024-12-09 16:12:02,304 [WARN] PackLoader:240 - Cannot read IP mode file for STMicroelectronics.X-CUBE-FREERTOS.1.2.0
2024-12-09 16:12:02,355 [WARN] PackLoader:240 - Cannot read IP mode file for STMicroelectronics.X-CUBE-AZRTOS-L5.2.0.0
2024-12-09 16:12:02,391 [WARN] PackLoader:240 - Cannot read IP mode file for STMicroelectronics.X-CUBE-NFC6.3.1.0
2024-12-09 16:12:02,418 [WARN] PackLoader:240 - Cannot read IP mode file for STMicroelectronics.X-CUBE-DPower.1.2.0
2024-12-09 16:12:02,447 [WARN] PackLoader:240 - Cannot read IP mode file for STMicroelectronics.X-CUBE-AI.9.0.0
2024-12-09 16:12:02,473 [WARN] PackLoader:240 - Cannot read IP mode file for STMicroelectronics.X-CUBE-NFC7.1.0.1
2024-12-09 16:12:02,520 [WARN] ConditionMgr:438 - getConditionDescription Invalid condition id : LAN8742 Phy interface Condition cause : null
2024-12-09 16:12:02,521 [WARN] PackLoader:240 - Cannot read IP mode file for STMicroelectronics.X-CUBE-AZRTOS-L4.2.0.0
2024-12-09 16:12:02,523 [WARN] ConditionMgr:1039 - genDependencies : Invalid condition id : LAN8742 Phy interface Condition cause : null
2024-12-09 16:12:02,523 [WARN] ConditionMgr:1039 - genDependencies : Invalid condition id : LAN8742 Phy interface Condition cause : null
2024-12-09 16:12:02,524 [WARN] ConditionMgr:1039 - genDependencies : Invalid condition id : LAN8742 Phy interface Condition cause : null
2024-12-09 16:12:02,554 [WARN] PackLoader:240 - Cannot read IP mode file for STMicroelectronics.X-CUBE-SFXS2LP1.4.0.0
2024-12-09 16:12:02,601 [WARN] PackLoader:240 - Cannot read IP mode file for STMicroelectronics.X-CUBE-AZRTOS-H7.3.3.0
2024-12-09 16:12:02,635 [WARN] PackLoader:240 - Cannot read IP mode file for STMicroelectronics.X-CUBE-IPS.3.0.0
2024-12-09 16:12:02,677 [WARN] ConditionMgr:438 - getConditionDescription Invalid condition id : UX DEVICE CLASS RTOS Condition cause : null
2024-12-09 16:12:02,678 [WARN] ConditionMgr:438 - getConditionDescription Invalid condition id : UX DEVICE CLASS RTOS Condition cause : null
2024-12-09 16:12:02,680 [WARN] PackLoader:240 - Cannot read IP mode file for STMicroelectronics.X-CUBE-AZRTOS-WB.2.0.0
2024-12-09 16:12:02,681 [WARN] ConditionMgr:1039 - genDependencies : Invalid condition id : UX DEVICE CLASS RTOS Condition cause : null
2024-12-09 16:12:02,681 [WARN] ConditionMgr:1039 - genDependencies : Invalid condition id : UX DEVICE CLASS RTOS Condition cause : null
2024-12-09 16:12:02,682 [WARN] ConditionMgr:1039 - genDependencies : Invalid condition id : UX DEVICE CLASS RTOS Condition cause : null
2024-12-09 16:12:02,682 [WARN] ConditionMgr:1039 - genDependencies : Invalid condition id : UX DEVICE CLASS RTOS Condition cause : null
2024-12-09 16:12:02,683 [WARN] ConditionMgr:1039 - genDependencies : Invalid condition id : UX DEVICE CLASS RTOS Condition cause : null
2024-12-09 16:12:02,707 [WARN] PackLoader:240 - Cannot read IP mode file for STMicroelectronics.X-CUBE-GNSS1.7.0.0
2024-12-09 16:12:02,738 [WARN] PackLoader:240 - Cannot read IP mode file for STMicroelectronics.FP-SNS-STBOX1.2.0.0
2024-12-09 16:12:02,779 [WARN] PackLoader:240 - Cannot read IP mode file for STMicroelectronics.X-CUBE-SUBG2.5.0.0
2024-12-09 16:12:02,816 [WARN] PackLoader:240 - Cannot read IP mode file for Cesanta.I-CUBE-Mongoose.7.13.0
2024-12-09 16:12:02,858 [WARN] PackLoader:240 - Cannot read IP mode file for STMicroelectronics.X-CUBE-AZRTOS-G4.2.0.0
2024-12-09 16:12:02,881 [WARN] PackLoader:240 - Cannot read IP mode file for STMicroelectronics.X-CUBE-ISPU.2.0.0
2024-12-09 16:12:02,906 [WARN] PackLoader:240 - Cannot read IP mode file for STMicroelectronics.X-CUBE-ALS.1.0.2
2024-12-09 16:12:02,931 [WARN] PackLoader:240 - Cannot read IP mode file for STMicroelectronics.X-CUBE-TOUCHGFX.4.24.0
2024-12-09 16:12:02,953 [WARN] PackLoader:240 - Cannot read IP mode file for STMicroelectronics.X-CUBE-TOUCHGFX.4.24.1
2024-12-09 16:12:02,976 [WARN] PackLoader:240 - Cannot read IP mode file for wolfSSL.I-CUBE-wolfTPM.3.4.0
2024-12-09 16:12:03,002 [WARN] PackLoader:240 - Cannot read IP mode file for portGmbH.I-Cube-SoM-uGOAL.1.1.0
2024-12-09 16:12:03,051 [WARN] PackLoader:240 - Cannot read IP mode file for STMicroelectronics.X-CUBE-AZRTOS-H7RS.1.0.0
2024-12-09 16:12:03,079 [WARN] PackLoader:240 - Cannot read IP mode file for STMicroelectronics.FP-ATR-ASTRA1.2.0.0
2024-12-09 16:12:03,116 [WARN] PackLoader:240 - Cannot read IP mode file for STMicroelectronics.X-CUBE-TOF1.3.4.2
2024-12-09 16:12:03,181 [WARN] PackLoader:240 - Cannot read IP mode file for Infineon.AIROC-Wi-Fi-Bluetooth-STM32.1.6.1
2024-12-09 16:12:03,206 [WARN] PackLoader:240 - Cannot read IP mode file for wolfSSL.I-CUBE-wolfSSH.1.4.17
2024-12-09 16:12:03,207 [INFO] ThirdParty:978 - Integrity check success = true
2024-12-09 16:12:03,207 [INFO] IntegrityCheckThread:100 - exiting critical section [integrity check]
2024-12-09 16:12:03,208 [INFO] IntegrityCheckThread:103 - End integrity checks thread
2024-12-09 16:12:08,781 [INFO] WebApp:167 - Instantiating new browser for Auth
2024-12-09 16:12:10,411 [INFO] WebApp:448 - Apply proxy settings
2024-12-09 16:12:10,412 [INFO] WebApp:533 - Chromium requires no authentication
2024-12-09 16:12:10,431 [INFO] WebApp:476 - Direct internet connection detected
2024-12-09 16:12:10,484 [INFO] WebApp:869 - Register for checkConnection events
2024-12-09 16:12:10,485 [INFO] WebApp:448 - Apply proxy settings
2024-12-09 16:12:10,485 [INFO] WebApp:533 - Chromium requires no authentication
2024-12-09 16:12:10,486 [INFO] WebApp:476 - Direct internet connection detected
2024-12-09 16:12:10,793 [INFO] WebApp:186 - Connection restablished
2024-12-09 16:12:10,909 [INFO] WebApp:220 - Starting web application
2024-12-09 16:12:10,910 [INFO] WebApp:578 - Web application path used C:\ST\STM32CubeIDE_1.16.0\STM32CubeIDE\plugins\com.st.stm32cube.common.mx_6.12.1.202409122256\db\plugins\mcufinder\reactClient1\index.html
2024-12-09 16:33:09,058 [ERROR] LogOutputStream:75 - [STDERR_REDIRECT] 
2024-12-09 17:15:41,407 [INFO] Activator:176 - 


2024-12-09 17:15:41,410 [INFO] Activator:177 - !SESSION log4j initialized
2024-12-09 17:15:48,956 [INFO] LogOutputStream:77 - [STDOUT_REDIRECT] 
