2024-11-11 18:51:27,838 [INFO] Activator:176 - 


2024-11-11 18:51:27,852 [INFO] Activator:177 - !SESSION log4j initialized
2024-11-11 18:51:35,735 [INFO] LogOutputStream:77 - [STDOUT_REDIRECT] 
2024-11-11 18:51:39,294 [INFO] ApplicationProperties:184 - Using Application install path: C:\ST\STM32CubeIDE_1.16.0\STM32CubeIDE\plugins\com.st.stm32cube.common.mx_6.12.1.202409122256
2024-11-11 18:51:39,319 [INFO] DbMcusXml:78 - Set database path to: C:\ST\STM32CubeIDE_1.16.0\STM32CubeIDE\plugins\com.st.stm32cube.common.mx_6.12.1.202409122256\\db\/mcu/
2024-11-11 18:51:39,320 [INFO] ApiDb:274 - Set plugin database path to: C:\ST\STM32CubeIDE_1.16.0\STM32CubeIDE\plugins\com.st.stm32cube.common.mx_6.12.1.202409122256\\db\/plugins/boardmanager/
2024-11-11 18:51:39,321 [WARN] ApiDb:259 - Overriding images path with different value:  => C:\ST\STM32CubeIDE_1.16.0\STM32CubeIDE\plugins\com.st.stm32cube.common.mx_6.12.1.202409122256\\db\/plugins/mcufinder/images/
2024-11-11 18:51:39,346 [INFO] ApiDb:250 - Set database path to: C:\Users\newto\.stmcufinder\plugins\mcufinder//mcu/
2024-11-11 18:51:39,347 [INFO] DbMcusAds:125 - Set database path to: C:\Users\newto\.stmcufinder\plugins\mcufinder//mcu/
2024-11-11 18:51:39,353 [INFO] CrossReferenceDbSqlite:203 - Set database path to: C:\Users\newto\.stmcufinder\plugins\mcufinder//mcu/cs/
2024-11-11 18:51:39,537 [INFO] RulesReader:64 - Compatibility file has been processed (297 Rules)
2024-11-11 18:51:39,698 [INFO] DbMcusXml:78 - Set database path to: C:\ST\STM32CubeIDE_1.16.0\STM32CubeIDE\plugins\com.st.stm32cube.common.mx_6.12.1.202409122256\\db\/mcu/
2024-11-11 18:51:39,699 [INFO] ApiDb:274 - Set plugin database path to: C:\ST\STM32CubeIDE_1.16.0\STM32CubeIDE\plugins\com.st.stm32cube.common.mx_6.12.1.202409122256\\db\/plugins/boardmanager/
2024-11-11 18:51:39,699 [INFO] ApiDb:261 - Set plugin images path to: C:\ST\STM32CubeIDE_1.16.0\STM32CubeIDE\plugins\com.st.stm32cube.common.mx_6.12.1.202409122256\\db\/plugins/mcufinder/images/
2024-11-11 18:51:39,699 [WARN] DbFile:41 - Overriding database path with different value: C:\Users\newto\.stmcufinder\plugins\mcufinder/ => C:\Users\newto\.stmcufinder\plugins\mcufinder
2024-11-11 18:51:39,699 [INFO] ApiDb:250 - Set database path to: C:\Users\newto\.stmcufinder\plugins\mcufinder//mcu/
2024-11-11 18:51:39,699 [WARN] DbFile:41 - Overriding database path with different value: C:\Users\newto\.stmcufinder\plugins\mcufinder/ => C:\Users\newto\.stmcufinder\plugins\mcufinder
2024-11-11 18:51:39,699 [INFO] DbMcusAds:125 - Set database path to: C:\Users\newto\.stmcufinder\plugins\mcufinder//mcu/
2024-11-11 18:51:39,699 [WARN] DbFile:41 - Overriding database path with different value: C:\Users\newto\.stmcufinder\plugins\mcufinder/ => C:\Users\newto\.stmcufinder\plugins\mcufinder
2024-11-11 18:51:39,700 [WARN] DbFile:41 - Overriding database path with different value: C:\Users\newto\.stmcufinder\plugins\mcufinder/ => C:\Users\newto\.stmcufinder\plugins\mcufinder
2024-11-11 18:51:39,700 [INFO] CrossReferenceDbSqlite:203 - Set database path to: C:\Users\newto\.stmcufinder\plugins\mcufinder//mcu/cs/
2024-11-11 18:51:39,839 [INFO] MainPanel:268 - HeapMemory: 268435456
2024-11-11 18:51:40,130 [INFO] DbMcusXml:78 - Set database path to: C:\ST\STM32CubeIDE_1.16.0\STM32CubeIDE\plugins\com.st.stm32cube.common.mx_6.12.1.202409122256\\db\/mcu/
2024-11-11 18:51:40,130 [INFO] ApiDb:274 - Set plugin database path to: C:\ST\STM32CubeIDE_1.16.0\STM32CubeIDE\plugins\com.st.stm32cube.common.mx_6.12.1.202409122256\\db\/plugins/boardmanager/
2024-11-11 18:51:40,130 [INFO] ApiDb:261 - Set plugin images path to: C:\ST\STM32CubeIDE_1.16.0\STM32CubeIDE\plugins\com.st.stm32cube.common.mx_6.12.1.202409122256\\db\/plugins/mcufinder/images/
2024-11-11 18:51:40,130 [WARN] DbFile:41 - Overriding database path with different value: C:\Users\newto\.stmcufinder\plugins\mcufinder/ => C:\Users\newto\.stmcufinder\plugins\mcufinder
2024-11-11 18:51:40,130 [INFO] ApiDb:250 - Set database path to: C:\Users\newto\.stmcufinder\plugins\mcufinder//mcu/
2024-11-11 18:51:40,130 [WARN] DbFile:41 - Overriding database path with different value: C:\Users\newto\.stmcufinder\plugins\mcufinder/ => C:\Users\newto\.stmcufinder\plugins\mcufinder
2024-11-11 18:51:40,131 [INFO] DbMcusAds:125 - Set database path to: C:\Users\newto\.stmcufinder\plugins\mcufinder//mcu/
2024-11-11 18:51:40,131 [WARN] DbFile:41 - Overriding database path with different value: C:\Users\newto\.stmcufinder\plugins\mcufinder/ => C:\Users\newto\.stmcufinder\plugins\mcufinder
2024-11-11 18:51:40,131 [WARN] DbFile:41 - Overriding database path with different value: C:\Users\newto\.stmcufinder\plugins\mcufinder/ => C:\Users\newto\.stmcufinder\plugins\mcufinder
2024-11-11 18:51:40,131 [INFO] CrossReferenceDbSqlite:203 - Set database path to: C:\Users\newto\.stmcufinder\plugins\mcufinder//mcu/cs/
2024-11-11 18:51:40,164 [INFO] ApplicationProperties:184 - Using Application install path: C:\ST\STM32CubeIDE_1.16.0\STM32CubeIDE\plugins\com.st.stm32cube.common.mx_6.12.1.202409122256
2024-11-11 18:51:40,166 [INFO] PluginManage:196 - Search for loadable plugins [exclusion list=, ]
2024-11-11 18:51:40,168 [INFO] PluginManage:310 - Check plugin analytics
2024-11-11 18:51:40,413 [INFO] AnalyticsPlugin:253 - Accepted Software Licenses: STM32CubeMX.6.9.1
2024-11-11 18:51:40,413 [INFO] AnalyticsPlugin:255 - Accepted CMSIS Pack Licenses: 
2024-11-11 18:51:40,413 [INFO] AnalyticsPlugin:257 - Accepted Firmware Licenses: FW.F4.1.28.0,FW.H7.1.11.0
2024-11-11 18:51:40,418 [INFO] PluginManage:359 - Loaded plugin analytics (category:tool,tabindex:-1)
2024-11-11 18:51:40,419 [INFO] PluginManage:310 - Check plugin cadmodel
2024-11-11 18:51:40,438 [INFO] CADModel:105 - Init CAD model plugin
2024-11-11 18:51:40,438 [INFO] PluginManage:359 - Loaded plugin cadmodel (category:power,tabindex:5)
2024-11-11 18:51:40,438 [INFO] PluginManage:310 - Check plugin clock
2024-11-11 18:51:40,460 [INFO] PluginManage:359 - Loaded plugin clock (category:base,tabindex:2)
2024-11-11 18:51:40,461 [INFO] PluginManage:310 - Check plugin ddr
2024-11-11 18:51:40,464 [INFO] PluginManage:359 - Loaded plugin ddr (category:tool,tabindex:6)
2024-11-11 18:51:40,465 [INFO] PluginManage:310 - Check plugin filemanager
2024-11-11 18:51:40,696 [INFO] PluginManage:359 - Loaded plugin filemanager (category:base,tabindex:10)
2024-11-11 18:51:40,696 [INFO] PluginManage:310 - Check plugin ipmanager
2024-11-11 18:51:40,712 [INFO] PluginManage:359 - Loaded plugin ipmanager (category:base,tabindex:5)
2024-11-11 18:51:40,712 [INFO] PluginManage:310 - Check plugin lpbam
2024-11-11 18:51:40,736 [INFO] PluginManage:359 - Loaded plugin lpbam (category:base,tabindex:0)
2024-11-11 18:51:40,736 [INFO] PluginManage:310 - Check plugin memorymap
2024-11-11 18:51:40,773 [INFO] PluginManage:359 - Loaded plugin memorymap (category:base,tabindex:4)
2024-11-11 18:51:40,773 [INFO] PluginManage:310 - Check plugin pinoutandconfiguration
2024-11-11 18:51:40,795 [INFO] PluginManage:359 - Loaded plugin pinoutandconfiguration (category:base,tabindex:1)
2024-11-11 18:51:40,796 [INFO] PluginManage:310 - Check plugin pinoutconfig
2024-11-11 18:51:40,956 [WARN] SupportedApi:132 - Cannot load RTOS API schema: s4s-elt-must-match.1: The content of 'definitions' must match (annotation?, (simpleType | complexType)?, (unique | key | keyref)*)). A problem was found starting at: attribute.
2024-11-11 18:51:41,192 [INFO] PluginManage:359 - Loaded plugin pinoutconfig (category:base,tabindex:0)
2024-11-11 18:51:41,193 [INFO] PluginManage:310 - Check plugin power
2024-11-11 18:51:41,220 [INFO] PluginManage:359 - Loaded plugin power (category:power,tabindex:4)
2024-11-11 18:51:41,220 [INFO] PluginManage:310 - Check plugin projectmanager
2024-11-11 18:51:41,243 [INFO] PluginManage:359 - Loaded plugin projectmanager (category:projectmanager,tabindex:4)
2024-11-11 18:51:41,244 [INFO] PluginManage:310 - Check plugin rif
2024-11-11 18:51:41,263 [INFO] PluginManage:359 - Loaded plugin rif (category:base,tabindex:3)
2024-11-11 18:51:41,263 [INFO] PluginManage:310 - Check plugin thirdparty
2024-11-11 18:51:41,650 [INFO] PluginManage:359 - Loaded plugin thirdparty (category:base,tabindex:-1)
2024-11-11 18:51:41,650 [WARN] IntegrityCheckThread:84 - waiting for thirdparty lock release [integrity check]
2024-11-11 18:51:41,650 [INFO] PluginManage:310 - Check plugin tools
2024-11-11 18:51:41,650 [INFO] IntegrityCheckThread:86 - entering critical section [integrity check]
2024-11-11 18:51:41,650 [INFO] ThirdPartyUpdaterWithRetryManager:70 - Updater plugin not ready yet. [1/15]
2024-11-11 18:51:41,719 [INFO] PluginManage:359 - Loaded plugin tools (category:base,tabindex:7)
2024-11-11 18:51:41,719 [INFO] PluginManage:310 - Check plugin tutovideos
2024-11-11 18:51:42,041 [INFO] PluginManage:359 - Loaded plugin tutovideos (category:base,tabindex:-1)
2024-11-11 18:51:42,041 [INFO] PluginManage:310 - Check plugin updater
2024-11-11 18:51:42,070 [INFO] PluginManage:359 - Loaded plugin updater (category:base,tabindex:12)
2024-11-11 18:51:42,070 [INFO] PluginManage:310 - Check plugin userauth
2024-11-11 18:51:42,080 [INFO] UserAuth:113 - Init User Auth plugin
2024-11-11 18:51:42,081 [INFO] PluginManage:359 - Loaded plugin userauth (category:base,tabindex:14)
2024-11-11 18:51:42,082 [INFO] PluginManage:283 - PluginManage : Loaded plugins [18]
2024-11-11 18:51:42,465 [INFO] PinOutPanel:1561 - setPackage(No Configuration,No Configuration)
2024-11-11 18:51:42,614 [INFO] CADModel:165 - CPN selected for project level
2024-11-11 18:51:42,614 [INFO] CADModel:114 - Register for checkConnection events
2024-11-11 18:51:42,650 [INFO] IPUIPlugin:80 - create IPUIPlugin
2024-11-11 18:51:42,650 [INFO] PluginManager:220 - loadIPPluginJar : add adc
2024-11-11 18:51:42,686 [INFO] IPUIPlugin:80 - create IPUIPlugin
2024-11-11 18:51:42,686 [INFO] PluginManager:220 - loadIPPluginJar : add aes
2024-11-11 18:51:42,755 [INFO] IPUIPlugin:80 - create IPUIPlugin
2024-11-11 18:51:42,755 [INFO] PluginManager:220 - loadIPPluginJar : add can
2024-11-11 18:51:42,793 [INFO] IPUIPlugin:80 - create IPUIPlugin
2024-11-11 18:51:42,793 [INFO] PluginManager:220 - loadIPPluginJar : add comp
2024-11-11 18:51:42,846 [INFO] IPUIPlugin:80 - create IPUIPlugin
2024-11-11 18:51:42,846 [INFO] PluginManager:220 - loadIPPluginJar : add cryp
2024-11-11 18:51:42,859 [INFO] IPUIPlugin:80 - create IPUIPlugin
2024-11-11 18:51:42,859 [INFO] PluginManager:220 - loadIPPluginJar : add ddr_ctrl_phy
2024-11-11 18:51:42,914 [INFO] IPUIPlugin:80 - create IPUIPlugin
2024-11-11 18:51:42,914 [INFO] PluginManager:220 - loadIPPluginJar : add dfsdm
2024-11-11 18:51:42,933 [INFO] IPUIPlugin:80 - create IPUIPlugin
2024-11-11 18:51:42,934 [INFO] PluginManager:220 - loadIPPluginJar : add dma
2024-11-11 18:51:42,972 [INFO] IPUIPlugin:80 - create IPUIPlugin
2024-11-11 18:51:42,972 [INFO] PluginManager:220 - loadIPPluginJar : add dma3
2024-11-11 18:51:43,013 [INFO] IPUIPlugin:80 - create IPUIPlugin
2024-11-11 18:51:43,013 [INFO] PluginManager:220 - loadIPPluginJar : add extmemmanager
2024-11-11 18:51:43,051 [INFO] IPUIPlugin:80 - create IPUIPlugin
2024-11-11 18:51:43,051 [INFO] PluginManager:220 - loadIPPluginJar : add fatfs
2024-11-11 18:51:43,098 [INFO] IPUIPlugin:80 - create IPUIPlugin
2024-11-11 18:51:43,098 [INFO] PluginManager:220 - loadIPPluginJar : add fmc
2024-11-11 18:51:43,115 [INFO] IPUIPlugin:80 - create IPUIPlugin
2024-11-11 18:51:43,115 [INFO] PluginManager:220 - loadIPPluginJar : add freertos
2024-11-11 18:51:43,134 [INFO] IPUIPlugin:80 - create IPUIPlugin
2024-11-11 18:51:43,134 [INFO] PluginManager:220 - loadIPPluginJar : add genericplugin
2024-11-11 18:51:43,269 [INFO] IPUIPlugin:80 - create IPUIPlugin
2024-11-11 18:51:43,269 [INFO] PluginManager:220 - loadIPPluginJar : add gfxmmu
2024-11-11 18:51:43,443 [INFO] IPUIPlugin:80 - create IPUIPlugin
2024-11-11 18:51:43,443 [INFO] PluginManager:220 - loadIPPluginJar : add gic
2024-11-11 18:51:43,458 [INFO] IPUIPlugin:80 - create IPUIPlugin
2024-11-11 18:51:43,458 [INFO] PluginManager:220 - loadIPPluginJar : add gpio
2024-11-11 18:51:43,610 [INFO] IPUIPlugin:80 - create IPUIPlugin
2024-11-11 18:51:43,611 [INFO] PluginManager:220 - loadIPPluginJar : add gtzc
2024-11-11 18:51:43,640 [INFO] IPUIPlugin:80 - create IPUIPlugin
2024-11-11 18:51:43,640 [INFO] PluginManager:220 - loadIPPluginJar : add hash
2024-11-11 18:51:43,735 [INFO] IPUIPlugin:80 - create IPUIPlugin
2024-11-11 18:51:43,735 [INFO] PluginManager:220 - loadIPPluginJar : add i2c
2024-11-11 18:51:43,815 [INFO] IPUIPlugin:80 - create IPUIPlugin
2024-11-11 18:51:43,815 [INFO] PluginManager:220 - loadIPPluginJar : add i2s
2024-11-11 18:51:43,878 [INFO] IPUIPlugin:80 - create IPUIPlugin
2024-11-11 18:51:43,879 [INFO] PluginManager:220 - loadIPPluginJar : add i3c
2024-11-11 18:51:44,048 [INFO] IPUIPlugin:80 - create IPUIPlugin
2024-11-11 18:51:44,048 [INFO] PluginManager:220 - loadIPPluginJar : add ipddr
2024-11-11 18:51:44,190 [INFO] IPUIPlugin:80 - create IPUIPlugin
2024-11-11 18:51:44,190 [INFO] PluginManager:220 - loadIPPluginJar : add linkedlist
2024-11-11 18:51:44,256 [INFO] IPUIPlugin:80 - create IPUIPlugin
2024-11-11 18:51:44,256 [INFO] PluginManager:220 - loadIPPluginJar : add lorawan
2024-11-11 18:51:44,283 [INFO] IPUIPlugin:80 - create IPUIPlugin
2024-11-11 18:51:44,283 [INFO] PluginManager:220 - loadIPPluginJar : add ltdc
2024-11-11 18:51:44,297 [INFO] IPUIPlugin:80 - create IPUIPlugin
2024-11-11 18:51:44,298 [INFO] PluginManager:220 - loadIPPluginJar : add mdma
2024-11-11 18:51:44,312 [INFO] IPUIPlugin:80 - create IPUIPlugin
2024-11-11 18:51:44,313 [INFO] PluginManager:220 - loadIPPluginJar : add nvic
2024-11-11 18:51:44,357 [INFO] IPUIPlugin:80 - create IPUIPlugin
2024-11-11 18:51:44,357 [INFO] PluginManager:220 - loadIPPluginJar : add opamp
2024-11-11 18:51:44,444 [INFO] IPUIPlugin:80 - create IPUIPlugin
2024-11-11 18:51:44,445 [INFO] PluginManager:220 - loadIPPluginJar : add openamp
2024-11-11 18:51:44,513 [INFO] IPUIPlugin:80 - create IPUIPlugin
2024-11-11 18:51:44,513 [INFO] PluginManager:220 - loadIPPluginJar : add pdm2pcm
2024-11-11 18:51:44,531 [INFO] IPUIPlugin:80 - create IPUIPlugin
2024-11-11 18:51:44,533 [INFO] PluginManager:220 - loadIPPluginJar : add plateformsettings
2024-11-11 18:51:44,556 [INFO] IPUIPlugin:80 - create IPUIPlugin
2024-11-11 18:51:44,556 [INFO] PluginManager:220 - loadIPPluginJar : add quadspi
2024-11-11 18:51:44,586 [INFO] IPUIPlugin:80 - create IPUIPlugin
2024-11-11 18:51:44,590 [INFO] PluginManager:220 - loadIPPluginJar : add radio
2024-11-11 18:51:44,605 [INFO] IPUIPlugin:80 - create IPUIPlugin
2024-11-11 18:51:44,605 [INFO] PluginManager:220 - loadIPPluginJar : add resmgrutility
2024-11-11 18:51:44,658 [INFO] ThirdPartyUpdaterWithRetryManager:70 - Updater plugin not ready yet. [2/15]
2024-11-11 18:51:44,682 [INFO] IPUIPlugin:80 - create IPUIPlugin
2024-11-11 18:51:44,682 [INFO] PluginManager:220 - loadIPPluginJar : add sai
2024-11-11 18:51:44,716 [INFO] IPUIPlugin:80 - create IPUIPlugin
2024-11-11 18:51:44,716 [INFO] PluginManager:220 - loadIPPluginJar : add spi
2024-11-11 18:51:44,841 [INFO] IPUIPlugin:80 - create IPUIPlugin
2024-11-11 18:51:44,842 [INFO] PluginManager:220 - loadIPPluginJar : add stm32_wpan
2024-11-11 18:51:44,882 [INFO] IPUIPlugin:80 - create IPUIPlugin
2024-11-11 18:51:44,882 [INFO] PluginManager:220 - loadIPPluginJar : add tim
2024-11-11 18:51:44,983 [INFO] IPUIPlugin:80 - create IPUIPlugin
2024-11-11 18:51:44,983 [INFO] PluginManager:220 - loadIPPluginJar : add touchsensing
2024-11-11 18:51:45,024 [INFO] IPUIPlugin:80 - create IPUIPlugin
2024-11-11 18:51:45,024 [INFO] PluginManager:220 - loadIPPluginJar : add tracer_emb
2024-11-11 18:51:45,061 [INFO] IPUIPlugin:80 - create IPUIPlugin
2024-11-11 18:51:45,061 [INFO] PluginManager:220 - loadIPPluginJar : add ts
2024-11-11 18:51:45,094 [INFO] IPUIPlugin:80 - create IPUIPlugin
2024-11-11 18:51:45,094 [INFO] PluginManager:220 - loadIPPluginJar : add tsc
2024-11-11 18:51:45,123 [INFO] IPUIPlugin:80 - create IPUIPlugin
2024-11-11 18:51:45,123 [INFO] PluginManager:220 - loadIPPluginJar : add ucpd
2024-11-11 18:51:45,183 [INFO] IPUIPlugin:80 - create IPUIPlugin
2024-11-11 18:51:45,184 [INFO] PluginManager:220 - loadIPPluginJar : add usart
2024-11-11 18:51:45,251 [INFO] IPUIPlugin:80 - create IPUIPlugin
2024-11-11 18:51:45,251 [INFO] PluginManager:220 - loadIPPluginJar : add usbx
2024-11-11 18:51:45,415 [INFO] CADModel:165 - CPN selected for project level
2024-11-11 18:51:45,415 [INFO] CADModel:114 - Register for checkConnection events
2024-11-11 18:51:45,416 [FATAL] Updater:334 - Updater called before beeing initialized
2024-11-11 18:51:45,416 [ERROR] CADModel:125 - Updater not yet initialized, retry later 
2024-11-11 18:51:45,603 [INFO] CADModel:165 - CPN selected for project level
2024-11-11 18:51:45,603 [INFO] CADModel:114 - Register for checkConnection events
2024-11-11 18:51:45,603 [FATAL] Updater:334 - Updater called before beeing initialized
2024-11-11 18:51:45,604 [ERROR] CADModel:125 - Updater not yet initialized, retry later 
2024-11-11 18:51:45,608 [FATAL] Updater:334 - Updater called before beeing initialized
2024-11-11 18:51:45,749 [FATAL] Updater:334 - Updater called before beeing initialized
2024-11-11 18:51:45,779 [INFO] DbMcusAds:53 - JSON generation date=Fri Sep 20 15:04:38 CEST 2024 (1726837478367)
2024-11-11 18:51:45,779 [FATAL] Updater:334 - Updater called before beeing initialized
2024-11-11 18:51:45,856 [WARN] DetailPanel:346 - Failed to get advertising image, set to default
2024-11-11 18:51:45,993 [FATAL] Updater:334 - Updater called before beeing initialized
2024-11-11 18:51:46,016 [FATAL] Updater:334 - Updater called before beeing initialized
2024-11-11 18:51:46,016 [FATAL] Updater:334 - Updater called before beeing initialized
2024-11-11 18:51:46,017 [WARN] DetailPanel:346 - Failed to get advertising image, set to default
2024-11-11 18:51:46,019 [FATAL] Updater:334 - Updater called before beeing initialized
2024-11-11 18:51:46,147 [ERROR] Updater:1164 - MainUpdater not yet initialized. External WinMGr cannot be set.
2024-11-11 18:51:46,160 [INFO] Updater:1100 - Updater Version found : 6.12.1
2024-11-11 18:51:46,193 [INFO] ApplicationProperties:184 - Using Application install path: C:\ST\STM32CubeIDE_1.16.0\STM32CubeIDE\plugins\com.st.stm32cube.common.mx_6.12.1.202409122256
2024-11-11 18:51:47,039 [INFO] MainUpdater:2873 - connection check result : 10
2024-11-11 18:51:47,039 [INFO] MainUpdater:3567 - Updater definition file requires update
2024-11-11 18:51:47,041 [INFO] MainUpdater:290 - Updater Check For Update Now.
2024-11-11 18:51:47,042 [INFO] MicroXplorer:498 - Change Database Version : DB.6.0.121
2024-11-11 18:51:47,057 [INFO] McuFinderGlobals:63 - Set McuFinder mode to 2 (CubeIDE integrated)
2024-11-11 18:51:47,064 [INFO] UserAuth:417 - Internet connection configuration mode: 1
2024-11-11 18:51:47,094 [INFO] JxBrowserEngine:152 - Initiate JxBrowser Engine with user profile folder
2024-11-11 18:51:47,435 [INFO] ServerAccessManage:473 - Download File updaters.zip
2024-11-11 18:51:47,667 [WARN] MainUpdater:1194 - Updater busy. Cannot search thirdparties
2024-11-11 18:51:47,668 [INFO] ThirdPartyUpdaterWithRetryManager:96 - Updater plugin is busy. [1/15]
2024-11-11 18:51:47,683 [INFO] FileExtend:240 - Unzip File : updaters.zip
2024-11-11 18:51:47,683 [INFO] FileExtend:255 - Standard Zip Deflate
2024-11-11 18:51:49,019 [INFO] ServerAccessManage:473 - Download File PacksControlFlags.xml
2024-11-11 18:51:49,332 [INFO] ServerAccessManage:473 - Download File cubemx.pidx
2024-11-11 18:51:50,672 [WARN] MainUpdater:1194 - Updater busy. Cannot search thirdparties
2024-11-11 18:51:50,672 [INFO] ThirdPartyUpdaterWithRetryManager:96 - Updater plugin is busy. [2/15]
2024-11-11 18:51:53,190 [INFO] ServerAccessManage:473 - Download File quantropi.X-CUBE-qispace-sdk-base.pdsc
2024-11-11 18:51:53,533 [WARN] ConditionMgr:438 - getConditionDescription Invalid condition id : Cortex-A Device cause : null
2024-11-11 18:51:53,560 [WARN] ConditionMgr:1039 - genDependencies : Invalid condition id : Cortex-A Device cause : null
2024-11-11 18:51:53,560 [WARN] ConditionMgr:1039 - genDependencies : Invalid condition id : Cortex-A Device cause : null
2024-11-11 18:51:53,560 [WARN] ConditionMgr:1039 - genDependencies : Invalid condition id : Cortex-A Device cause : null
2024-11-11 18:51:53,561 [INFO] PopulateThirdPartyThread:66 - Ending populate Thread
2024-11-11 18:51:53,562 [INFO] ThirdParty:1030 - CMSIS Pack Vendor :quantropi X-CUBE-qispace-sdk-base 1.9.3
2024-11-11 18:51:53,562 [INFO] LoadServerUpdatesThread:375 - End of LoadServerUpdate Thread
2024-11-11 18:51:53,678 [WARN] MainUpdater:1194 - Updater busy. Cannot search thirdparties
2024-11-11 18:51:53,678 [INFO] ThirdPartyUpdaterWithRetryManager:96 - Updater plugin is busy. [3/15]
2024-11-11 18:51:53,760 [INFO] CheckServerUpdateThread:120 - End of CheckServer Thread
2024-11-11 18:51:56,959 [WARN] PackLoader:240 - Cannot read IP mode file for STMicroelectronics.FP-SNS-MOTENVWB1.1.4.0
2024-11-11 18:51:56,989 [WARN] PackLoader:240 - Cannot read IP mode file for STMicroelectronics.X-CUBE-SMBUS.2.1.0
2024-11-11 18:51:57,021 [WARN] PackLoader:240 - Cannot read IP mode file for STMicroelectronics.X-CUBE-WB05N.1.1.0
2024-11-11 18:51:57,068 [WARN] PackLoader:240 - Cannot read IP mode file for STMicroelectronics.X-CUBE-AZRTOS-F7.1.1.0
2024-11-11 18:51:57,211 [WARN] PackLoader:240 - Cannot read IP mode file for STMicroelectronics.X-CUBE-MEMS1.11.0.0
2024-11-11 18:51:57,455 [WARN] PackLoader:240 - Cannot read IP mode file for STMicroelectronics.FP-SNS-FLIGHT1.5.0.2
2024-11-11 18:51:57,477 [WARN] PackLoader:240 - Cannot read IP mode file for STMicroelectronics.X-CUBE-DISPLAY.3.0.0
2024-11-11 18:51:57,507 [WARN] PackLoader:240 - Cannot read IP mode file for STMicroelectronics.X-CUBE-BLE1.7.0.0
2024-11-11 18:51:57,541 [WARN] PackLoader:240 - Cannot read IP mode file for STMicroelectronics.X-CUBE-NFC10.1.0.0
2024-11-11 18:51:57,564 [WARN] PackLoader:240 - Cannot read IP mode file for emotas.I-CUBE-CANOPEN.1.3.0
2024-11-11 18:51:57,594 [WARN] PackLoader:240 - Cannot read IP mode file for STMicroelectronics.X-CUBE-BLEMGR.3.1.0
2024-11-11 18:51:57,614 [WARN] PackLoader:240 - Cannot read IP mode file for STMicroelectronics.FP-SNS-SMARTAG2.1.2.0
2024-11-11 18:51:57,640 [INFO] LogOutputStream:77 - [STDOUT_REDIRECT] 1 : Invalid condition id : UX_CORESTACK_Condition cause : null
2024-11-11 18:51:57,641 [INFO] LogOutputStream:77 - [STDOUT_REDIRECT] 1 : Invalid condition id : UX_CORESTACK_Condition cause : null
2024-11-11 18:51:57,642 [INFO] LogOutputStream:77 - [STDOUT_REDIRECT] 1 : Invalid condition id : UX_CORESTACK_Condition cause : null
2024-11-11 18:51:57,644 [INFO] LogOutputStream:77 - [STDOUT_REDIRECT] 1 : Invalid condition id : UX_CORESTACK_Condition cause : null
2024-11-11 18:51:57,645 [INFO] LogOutputStream:77 - [STDOUT_REDIRECT] 1 : Invalid condition id : UX_CORESTACK_Condition cause : null
2024-11-11 18:51:57,652 [WARN] PackLoader:240 - Cannot read IP mode file for STMicroelectronics.X-CUBE-AZRTOS-WL.2.0.0
2024-11-11 18:51:57,680 [WARN] PackLoader:240 - Cannot read IP mode file for STMicroelectronics.FP-SNS-MOTENV1.5.0.0
2024-11-11 18:51:57,689 [WARN] PackLoader:240 - Cannot read IP mode file for wolfSSL.I-CUBE-wolfMQTT.1.19.0
2024-11-11 18:51:57,714 [WARN] PackLoader:240 - Cannot read IP mode file for WES.I-CUBE-Cesium.1.3.0
2024-11-11 18:51:57,733 [WARN] PackLoader:240 - Cannot read IP mode file for STMicroelectronics.X-CUBE-BLE2.3.3.0
2024-11-11 18:51:57,768 [WARN] PackLoader:240 - Cannot read IP mode file for STMicroelectronics.X-CUBE-NFC9.1.0.0
2024-11-11 18:51:57,795 [WARN] PackLoader:240 - Cannot read IP mode file for STMicroelectronics.X-CUBE-TCPP.4.1.0
2024-11-11 18:51:57,851 [WARN] PackLoader:240 - Cannot read IP mode file for STMicroelectronics.X-CUBE-AZRTOS-G0.1.1.0
2024-11-11 18:51:57,894 [WARN] PackLoader:240 - Cannot read IP mode file for STMicroelectronics.X-CUBE-SAFEA1.1.2.2
2024-11-11 18:51:57,925 [WARN] PackLoader:240 - Cannot read IP mode file for STMicroelectronics.X-CUBE-NFC4.3.0.0
2024-11-11 18:51:57,968 [WARN] PackLoader:240 - Cannot read IP mode file for EmbeddedOffice.I-CUBE-FS-RTOS.1.0.1
2024-11-11 18:51:57,969 [ERROR] ConditionMgr:805 - Attr not supported : Dmpu
2024-11-11 18:51:57,969 [ERROR] ConditionMgr:805 - Attr not supported : Dmpu
2024-11-11 18:51:57,969 [ERROR] ConditionMgr:805 - Attr not supported : Dmpu
2024-11-11 18:51:57,970 [ERROR] ConditionMgr:805 - Attr not supported : Dmpu
2024-11-11 18:51:57,970 [ERROR] ConditionMgr:805 - Attr not supported : Dmpu
2024-11-11 18:51:57,970 [ERROR] ConditionMgr:805 - Attr not supported : Dmpu
2024-11-11 18:51:57,970 [ERROR] ConditionMgr:805 - Attr not supported : Dmpu
2024-11-11 18:51:57,970 [ERROR] ConditionMgr:805 - Attr not supported : Dmpu
2024-11-11 18:51:57,970 [ERROR] ConditionMgr:805 - Attr not supported : Dmpu
2024-11-11 18:51:57,970 [ERROR] ConditionMgr:805 - Attr not supported : Dmpu
2024-11-11 18:51:57,970 [ERROR] ConditionMgr:805 - Attr not supported : Dmpu
2024-11-11 18:51:57,970 [ERROR] ConditionMgr:805 - Attr not supported : Dmpu
2024-11-11 18:51:57,970 [ERROR] ConditionMgr:805 - Attr not supported : Dmpu
2024-11-11 18:51:57,971 [ERROR] ConditionMgr:805 - Attr not supported : Dmpu
2024-11-11 18:51:57,971 [ERROR] ConditionMgr:805 - Attr not supported : Dmpu
2024-11-11 18:51:57,971 [ERROR] ConditionMgr:805 - Attr not supported : Dmpu
2024-11-11 18:51:57,971 [ERROR] ConditionMgr:805 - Attr not supported : Dmpu
2024-11-11 18:51:57,971 [ERROR] ConditionMgr:805 - Attr not supported : Dmpu
2024-11-11 18:51:57,971 [ERROR] ConditionMgr:805 - Attr not supported : Dmpu
2024-11-11 18:51:57,971 [ERROR] ConditionMgr:805 - Attr not supported : Dmpu
2024-11-11 18:51:57,971 [ERROR] ConditionMgr:805 - Attr not supported : Dmpu
2024-11-11 18:51:57,971 [ERROR] ConditionMgr:805 - Attr not supported : Dmpu
2024-11-11 18:51:57,971 [ERROR] ConditionMgr:805 - Attr not supported : Dmpu
2024-11-11 18:51:57,971 [ERROR] ConditionMgr:805 - Attr not supported : Dmpu
2024-11-11 18:51:57,971 [ERROR] ConditionMgr:805 - Attr not supported : Dmpu
2024-11-11 18:51:57,972 [ERROR] ConditionMgr:805 - Attr not supported : Dmpu
2024-11-11 18:51:57,972 [ERROR] ConditionMgr:805 - Attr not supported : Dmpu
2024-11-11 18:51:57,972 [ERROR] ConditionMgr:805 - Attr not supported : Dmpu
2024-11-11 18:51:57,972 [ERROR] ConditionMgr:805 - Attr not supported : Dmpu
2024-11-11 18:51:57,972 [ERROR] ConditionMgr:805 - Attr not supported : Dmpu
2024-11-11 18:51:57,972 [ERROR] ConditionMgr:805 - Attr not supported : Dmpu
2024-11-11 18:51:57,972 [ERROR] ConditionMgr:805 - Attr not supported : Dmpu
2024-11-11 18:51:57,972 [ERROR] ConditionMgr:805 - Attr not supported : Dmpu
2024-11-11 18:51:57,972 [ERROR] ConditionMgr:805 - Attr not supported : Dmpu
2024-11-11 18:51:57,972 [ERROR] ConditionMgr:805 - Attr not supported : Dmpu
2024-11-11 18:51:57,973 [ERROR] ConditionMgr:805 - Attr not supported : Dmpu
2024-11-11 18:51:57,973 [ERROR] ConditionMgr:805 - Attr not supported : Dmpu
2024-11-11 18:51:57,973 [ERROR] ConditionMgr:805 - Attr not supported : Dmpu
2024-11-11 18:51:57,973 [ERROR] ConditionMgr:805 - Attr not supported : Dmpu
2024-11-11 18:51:57,973 [ERROR] ConditionMgr:805 - Attr not supported : Dmpu
2024-11-11 18:51:57,973 [ERROR] ConditionMgr:805 - Attr not supported : Dmpu
2024-11-11 18:51:57,973 [ERROR] ConditionMgr:805 - Attr not supported : Dmpu
2024-11-11 18:51:57,973 [ERROR] ConditionMgr:805 - Attr not supported : Dmpu
2024-11-11 18:51:57,974 [ERROR] ConditionMgr:805 - Attr not supported : Dmpu
2024-11-11 18:51:57,974 [ERROR] ConditionMgr:805 - Attr not supported : Dmpu
2024-11-11 18:51:57,974 [ERROR] ConditionMgr:805 - Attr not supported : Dmpu
2024-11-11 18:51:57,974 [ERROR] ConditionMgr:805 - Attr not supported : Dmpu
2024-11-11 18:51:57,974 [ERROR] ConditionMgr:805 - Attr not supported : Dmpu
2024-11-11 18:51:57,974 [ERROR] ConditionMgr:805 - Attr not supported : Dmpu
2024-11-11 18:51:57,974 [ERROR] ConditionMgr:805 - Attr not supported : Dmpu
2024-11-11 18:51:57,974 [ERROR] ConditionMgr:805 - Attr not supported : Dmpu
2024-11-11 18:51:57,974 [ERROR] ConditionMgr:805 - Attr not supported : Dmpu
2024-11-11 18:51:57,974 [ERROR] ConditionMgr:805 - Attr not supported : Dmpu
2024-11-11 18:51:57,974 [ERROR] ConditionMgr:805 - Attr not supported : Dmpu
2024-11-11 18:51:57,975 [ERROR] ConditionMgr:805 - Attr not supported : Dmpu
2024-11-11 18:51:57,975 [ERROR] ConditionMgr:805 - Attr not supported : Dmpu
2024-11-11 18:51:57,975 [ERROR] ConditionMgr:805 - Attr not supported : Dmpu
2024-11-11 18:51:57,975 [ERROR] ConditionMgr:805 - Attr not supported : Dmpu
2024-11-11 18:51:57,975 [ERROR] ConditionMgr:805 - Attr not supported : Dmpu
2024-11-11 18:51:57,975 [ERROR] ConditionMgr:805 - Attr not supported : Dmpu
2024-11-11 18:51:57,975 [ERROR] ConditionMgr:805 - Attr not supported : Dmpu
2024-11-11 18:51:57,975 [ERROR] ConditionMgr:805 - Attr not supported : Dmpu
2024-11-11 18:51:57,976 [ERROR] ConditionMgr:805 - Attr not supported : Dmpu
2024-11-11 18:51:57,976 [ERROR] ConditionMgr:805 - Attr not supported : Dmpu
2024-11-11 18:51:57,996 [WARN] PackLoader:240 - Cannot read IP mode file for RealThread.X-CUBE-RT-Thread_Nano.4.1.1
2024-11-11 18:51:58,005 [WARN] PackLoader:240 - Cannot read IP mode file for STMicroelectronics.FP-ATR-SIGFOX1.3.2.0
2024-11-11 18:51:58,023 [WARN] PackLoader:240 - Cannot read IP mode file for wolfSSL.I-CUBE-wolfSSL.5.7.2
2024-11-11 18:51:58,031 [WARN] ConditionMgr:438 - getConditionDescription Invalid condition id : Cortex-A Device cause : null
2024-11-11 18:51:58,041 [WARN] ConditionMgr:1039 - genDependencies : Invalid condition id : Cortex-A Device cause : null
2024-11-11 18:51:58,041 [WARN] ConditionMgr:1039 - genDependencies : Invalid condition id : Cortex-A Device cause : null
2024-11-11 18:51:58,042 [WARN] ConditionMgr:1039 - genDependencies : Invalid condition id : Cortex-A Device cause : null
2024-11-11 18:51:58,066 [WARN] PackLoader:240 - Cannot read IP mode file for STMicroelectronics.X-CUBE-EEPRMA1.5.1.0
2024-11-11 18:51:58,089 [WARN] PackLoader:240 - Cannot read IP mode file for ITTIA_DB.I-CUBE-ITTIADB.8.9.0
2024-11-11 18:51:58,150 [WARN] PackLoader:240 - Cannot read IP mode file for SEGGER.I-CUBE-embOS.1.3.1
2024-11-11 18:51:58,282 [WARN] PackLoader:240 - Cannot read IP mode file for STMicroelectronics.X-CUBE-ALGOBUILD.1.4.0
2024-11-11 18:51:58,346 [WARN] PackLoader:240 - Cannot read IP mode file for STMicroelectronics.X-CUBE-AI.9.1.0
2024-11-11 18:51:58,376 [WARN] PackLoader:240 - Cannot read IP mode file for STMicroelectronics.X-CUBE-GNSS1.6.0.0
2024-11-11 18:51:58,438 [WARN] PackLoader:240 - Cannot read IP mode file for STMicroelectronics.X-CUBE-AZRTOS-F4.1.1.0
2024-11-11 18:51:58,477 [WARN] PackLoader:240 - Cannot read IP mode file for STMicroelectronics.X-CUBE-ISPU.2.1.0
2024-11-11 18:51:58,506 [WARN] PackLoader:240 - Cannot read IP mode file for STMicroelectronics.X-CUBE-FREERTOS.1.2.0
2024-11-11 18:51:58,598 [WARN] PackLoader:240 - Cannot read IP mode file for STMicroelectronics.X-CUBE-AZRTOS-L5.2.0.0
2024-11-11 18:51:58,707 [WARN] PackLoader:240 - Cannot read IP mode file for STMicroelectronics.X-CUBE-NFC6.3.1.0
2024-11-11 18:51:58,757 [WARN] PackLoader:240 - Cannot read IP mode file for STMicroelectronics.X-CUBE-DPower.1.2.0
2024-11-11 18:51:58,787 [WARN] PackLoader:240 - Cannot read IP mode file for STMicroelectronics.X-CUBE-AI.9.0.0
2024-11-11 18:51:58,821 [WARN] PackLoader:240 - Cannot read IP mode file for STMicroelectronics.X-CUBE-NFC7.1.0.1
2024-11-11 18:51:58,890 [WARN] ConditionMgr:438 - getConditionDescription Invalid condition id : LAN8742 Phy interface Condition cause : null
2024-11-11 18:51:58,891 [WARN] PackLoader:240 - Cannot read IP mode file for STMicroelectronics.X-CUBE-AZRTOS-L4.2.0.0
2024-11-11 18:51:58,893 [WARN] ConditionMgr:1039 - genDependencies : Invalid condition id : LAN8742 Phy interface Condition cause : null
2024-11-11 18:51:58,893 [WARN] ConditionMgr:1039 - genDependencies : Invalid condition id : LAN8742 Phy interface Condition cause : null
2024-11-11 18:51:58,894 [WARN] ConditionMgr:1039 - genDependencies : Invalid condition id : LAN8742 Phy interface Condition cause : null
2024-11-11 18:51:58,931 [WARN] PackLoader:240 - Cannot read IP mode file for STMicroelectronics.X-CUBE-SFXS2LP1.4.0.0
2024-11-11 18:51:59,014 [WARN] PackLoader:240 - Cannot read IP mode file for STMicroelectronics.X-CUBE-AZRTOS-H7.3.3.0
2024-11-11 18:51:59,089 [WARN] PackLoader:240 - Cannot read IP mode file for STMicroelectronics.X-CUBE-IPS.3.0.0
2024-11-11 18:51:59,178 [WARN] ConditionMgr:438 - getConditionDescription Invalid condition id : UX DEVICE CLASS RTOS Condition cause : null
2024-11-11 18:51:59,179 [WARN] ConditionMgr:438 - getConditionDescription Invalid condition id : UX DEVICE CLASS RTOS Condition cause : null
2024-11-11 18:51:59,182 [WARN] PackLoader:240 - Cannot read IP mode file for STMicroelectronics.X-CUBE-AZRTOS-WB.2.0.0
2024-11-11 18:51:59,184 [WARN] ConditionMgr:1039 - genDependencies : Invalid condition id : UX DEVICE CLASS RTOS Condition cause : null
2024-11-11 18:51:59,184 [WARN] ConditionMgr:1039 - genDependencies : Invalid condition id : UX DEVICE CLASS RTOS Condition cause : null
2024-11-11 18:51:59,185 [WARN] ConditionMgr:1039 - genDependencies : Invalid condition id : UX DEVICE CLASS RTOS Condition cause : null
2024-11-11 18:51:59,185 [WARN] ConditionMgr:1039 - genDependencies : Invalid condition id : UX DEVICE CLASS RTOS Condition cause : null
2024-11-11 18:51:59,186 [WARN] ConditionMgr:1039 - genDependencies : Invalid condition id : UX DEVICE CLASS RTOS Condition cause : null
2024-11-11 18:51:59,238 [WARN] PackLoader:240 - Cannot read IP mode file for STMicroelectronics.X-CUBE-GNSS1.7.0.0
2024-11-11 18:51:59,255 [INFO] WebApp:167 - Instantiating new browser for Auth
2024-11-11 18:51:59,277 [WARN] PackLoader:240 - Cannot read IP mode file for STMicroelectronics.FP-SNS-STBOX1.2.0.0
2024-11-11 18:51:59,378 [WARN] PackLoader:240 - Cannot read IP mode file for STMicroelectronics.X-CUBE-SUBG2.5.0.0
2024-11-11 18:51:59,511 [WARN] PackLoader:240 - Cannot read IP mode file for Cesanta.I-CUBE-Mongoose.7.13.0
2024-11-11 18:51:59,682 [WARN] PackLoader:240 - Cannot read IP mode file for STMicroelectronics.X-CUBE-AZRTOS-G4.2.0.0
2024-11-11 18:51:59,734 [WARN] PackLoader:240 - Cannot read IP mode file for STMicroelectronics.X-CUBE-ISPU.2.0.0
2024-11-11 18:51:59,764 [WARN] PackLoader:240 - Cannot read IP mode file for STMicroelectronics.X-CUBE-ALS.1.0.2
2024-11-11 18:51:59,800 [WARN] PackLoader:240 - Cannot read IP mode file for STMicroelectronics.X-CUBE-TOUCHGFX.4.24.0
2024-11-11 18:51:59,836 [WARN] PackLoader:240 - Cannot read IP mode file for STMicroelectronics.X-CUBE-TOUCHGFX.4.24.1
2024-11-11 18:51:59,849 [WARN] PackLoader:240 - Cannot read IP mode file for wolfSSL.I-CUBE-wolfTPM.3.4.0
2024-11-11 18:51:59,875 [WARN] PackLoader:240 - Cannot read IP mode file for portGmbH.I-Cube-SoM-uGOAL.1.1.0
2024-11-11 18:51:59,953 [WARN] PackLoader:240 - Cannot read IP mode file for STMicroelectronics.X-CUBE-AZRTOS-H7RS.1.0.0
2024-11-11 18:51:59,970 [WARN] PackLoader:240 - Cannot read IP mode file for STMicroelectronics.FP-ATR-ASTRA1.2.0.0
2024-11-11 18:52:00,021 [WARN] PackLoader:240 - Cannot read IP mode file for STMicroelectronics.X-CUBE-TOF1.3.4.2
2024-11-11 18:52:00,137 [WARN] PackLoader:240 - Cannot read IP mode file for Infineon.AIROC-Wi-Fi-Bluetooth-STM32.1.6.1
2024-11-11 18:52:00,158 [WARN] PackLoader:240 - Cannot read IP mode file for wolfSSL.I-CUBE-wolfSSH.1.4.17
2024-11-11 18:52:00,159 [INFO] ThirdParty:978 - Integrity check success = true
2024-11-11 18:52:00,160 [INFO] IntegrityCheckThread:100 - exiting critical section [integrity check]
2024-11-11 18:52:00,160 [INFO] IntegrityCheckThread:103 - End integrity checks thread
2024-11-11 18:52:01,209 [INFO] WebApp:448 - Apply proxy settings
2024-11-11 18:52:01,209 [INFO] WebApp:533 - Chromium requires no authentication
2024-11-11 18:52:01,233 [INFO] WebApp:476 - Direct internet connection detected
2024-11-11 18:52:01,294 [INFO] WebApp:869 - Register for checkConnection events
2024-11-11 18:52:01,294 [INFO] WebApp:448 - Apply proxy settings
2024-11-11 18:52:01,295 [INFO] WebApp:533 - Chromium requires no authentication
2024-11-11 18:52:01,296 [INFO] WebApp:476 - Direct internet connection detected
2024-11-11 18:52:01,776 [INFO] WebApp:220 - Starting web application
2024-11-11 18:52:01,777 [INFO] WebApp:578 - Web application path used C:\ST\STM32CubeIDE_1.16.0\STM32CubeIDE\plugins\com.st.stm32cube.common.mx_6.12.1.202409122256\db\plugins\mcufinder\reactClient1\index.html
2024-11-11 18:52:02,004 [INFO] WebApp:186 - Connection restablished
2024-11-11 18:52:02,115 [INFO] UserAuth:417 - Internet connection configuration mode: 1
2024-11-11 21:01:21,766 [INFO] WebApp:189 - Connection lost
2024-11-11 21:03:02,712 [INFO] WebApp:186 - Connection restablished
2024-11-11 21:03:05,701 [INFO] WebApp:189 - Connection lost
2024-11-11 21:03:05,904 [INFO] WebApp:186 - Connection restablished
