2024-11-29 10:44:31,246 [ERROR] LogOutputStream:75 - [STDERR_REDIRECT] 
2024-11-29 20:30:39,839 [INFO] Activator:176 - 


2024-11-29 20:30:39,842 [INFO] Activator:177 - !SESSION log4j initialized
2024-11-29 20:30:43,722 [INFO] LogOutputStream:77 - [STDOUT_REDIRECT] 
2024-11-29 20:30:45,119 [INFO] ApplicationProperties:184 - Using Application install path: C:\ST\STM32CubeIDE_1.16.0\STM32CubeIDE\plugins\com.st.stm32cube.common.mx_6.12.1.202409122256
2024-11-29 20:30:45,135 [INFO] DbMcusXml:78 - Set database path to: C:\ST\STM32CubeIDE_1.16.0\STM32CubeIDE\plugins\com.st.stm32cube.common.mx_6.12.1.202409122256\\db\/mcu/
2024-11-29 20:30:45,135 [INFO] ApiDb:274 - Set plugin database path to: C:\ST\STM32CubeIDE_1.16.0\STM32CubeIDE\plugins\com.st.stm32cube.common.mx_6.12.1.202409122256\\db\/plugins/boardmanager/
2024-11-29 20:30:45,135 [WARN] ApiDb:259 - Overriding images path with different value:  => C:\ST\STM32CubeIDE_1.16.0\STM32CubeIDE\plugins\com.st.stm32cube.common.mx_6.12.1.202409122256\\db\/plugins/mcufinder/images/
2024-11-29 20:30:45,150 [INFO] ApiDb:250 - Set database path to: C:\Users\newto\.stmcufinder\plugins\mcufinder//mcu/
2024-11-29 20:30:45,151 [INFO] DbMcusAds:125 - Set database path to: C:\Users\newto\.stmcufinder\plugins\mcufinder//mcu/
2024-11-29 20:30:45,153 [INFO] CrossReferenceDbSqlite:203 - Set database path to: C:\Users\newto\.stmcufinder\plugins\mcufinder//mcu/cs/
2024-11-29 20:30:45,248 [INFO] RulesReader:64 - Compatibility file has been processed (297 Rules)
2024-11-29 20:30:45,335 [INFO] DbMcusXml:78 - Set database path to: C:\ST\STM32CubeIDE_1.16.0\STM32CubeIDE\plugins\com.st.stm32cube.common.mx_6.12.1.202409122256\\db\/mcu/
2024-11-29 20:30:45,335 [INFO] ApiDb:274 - Set plugin database path to: C:\ST\STM32CubeIDE_1.16.0\STM32CubeIDE\plugins\com.st.stm32cube.common.mx_6.12.1.202409122256\\db\/plugins/boardmanager/
2024-11-29 20:30:45,335 [INFO] ApiDb:261 - Set plugin images path to: C:\ST\STM32CubeIDE_1.16.0\STM32CubeIDE\plugins\com.st.stm32cube.common.mx_6.12.1.202409122256\\db\/plugins/mcufinder/images/
2024-11-29 20:30:45,335 [WARN] DbFile:41 - Overriding database path with different value: C:\Users\newto\.stmcufinder\plugins\mcufinder/ => C:\Users\newto\.stmcufinder\plugins\mcufinder
2024-11-29 20:30:45,335 [INFO] ApiDb:250 - Set database path to: C:\Users\newto\.stmcufinder\plugins\mcufinder//mcu/
2024-11-29 20:30:45,335 [WARN] DbFile:41 - Overriding database path with different value: C:\Users\newto\.stmcufinder\plugins\mcufinder/ => C:\Users\newto\.stmcufinder\plugins\mcufinder
2024-11-29 20:30:45,335 [INFO] DbMcusAds:125 - Set database path to: C:\Users\newto\.stmcufinder\plugins\mcufinder//mcu/
2024-11-29 20:30:45,335 [WARN] DbFile:41 - Overriding database path with different value: C:\Users\newto\.stmcufinder\plugins\mcufinder/ => C:\Users\newto\.stmcufinder\plugins\mcufinder
2024-11-29 20:30:45,335 [WARN] DbFile:41 - Overriding database path with different value: C:\Users\newto\.stmcufinder\plugins\mcufinder/ => C:\Users\newto\.stmcufinder\plugins\mcufinder
2024-11-29 20:30:45,335 [INFO] CrossReferenceDbSqlite:203 - Set database path to: C:\Users\newto\.stmcufinder\plugins\mcufinder//mcu/cs/
2024-11-29 20:30:45,426 [INFO] MainPanel:268 - HeapMemory: 268435456
2024-11-29 20:30:45,590 [INFO] DbMcusXml:78 - Set database path to: C:\ST\STM32CubeIDE_1.16.0\STM32CubeIDE\plugins\com.st.stm32cube.common.mx_6.12.1.202409122256\\db\/mcu/
2024-11-29 20:30:45,590 [INFO] ApiDb:274 - Set plugin database path to: C:\ST\STM32CubeIDE_1.16.0\STM32CubeIDE\plugins\com.st.stm32cube.common.mx_6.12.1.202409122256\\db\/plugins/boardmanager/
2024-11-29 20:30:45,590 [INFO] ApiDb:261 - Set plugin images path to: C:\ST\STM32CubeIDE_1.16.0\STM32CubeIDE\plugins\com.st.stm32cube.common.mx_6.12.1.202409122256\\db\/plugins/mcufinder/images/
2024-11-29 20:30:45,590 [WARN] DbFile:41 - Overriding database path with different value: C:\Users\newto\.stmcufinder\plugins\mcufinder/ => C:\Users\newto\.stmcufinder\plugins\mcufinder
2024-11-29 20:30:45,590 [INFO] ApiDb:250 - Set database path to: C:\Users\newto\.stmcufinder\plugins\mcufinder//mcu/
2024-11-29 20:30:45,591 [WARN] DbFile:41 - Overriding database path with different value: C:\Users\newto\.stmcufinder\plugins\mcufinder/ => C:\Users\newto\.stmcufinder\plugins\mcufinder
2024-11-29 20:30:45,591 [INFO] DbMcusAds:125 - Set database path to: C:\Users\newto\.stmcufinder\plugins\mcufinder//mcu/
2024-11-29 20:30:45,591 [WARN] DbFile:41 - Overriding database path with different value: C:\Users\newto\.stmcufinder\plugins\mcufinder/ => C:\Users\newto\.stmcufinder\plugins\mcufinder
2024-11-29 20:30:45,591 [WARN] DbFile:41 - Overriding database path with different value: C:\Users\newto\.stmcufinder\plugins\mcufinder/ => C:\Users\newto\.stmcufinder\plugins\mcufinder
2024-11-29 20:30:45,591 [INFO] CrossReferenceDbSqlite:203 - Set database path to: C:\Users\newto\.stmcufinder\plugins\mcufinder//mcu/cs/
2024-11-29 20:30:45,613 [INFO] ApplicationProperties:184 - Using Application install path: C:\ST\STM32CubeIDE_1.16.0\STM32CubeIDE\plugins\com.st.stm32cube.common.mx_6.12.1.202409122256
2024-11-29 20:30:45,616 [INFO] PluginManage:196 - Search for loadable plugins [exclusion list=, ]
2024-11-29 20:30:45,618 [INFO] PluginManage:310 - Check plugin analytics
2024-11-29 20:30:45,777 [INFO] AnalyticsPlugin:253 - Accepted Software Licenses: STM32CubeMX.6.9.1
2024-11-29 20:30:45,777 [INFO] AnalyticsPlugin:255 - Accepted CMSIS Pack Licenses: 
2024-11-29 20:30:45,778 [INFO] AnalyticsPlugin:257 - Accepted Firmware Licenses: FW.F4.1.28.0,FW.H7.1.11.0
2024-11-29 20:30:45,780 [INFO] PluginManage:359 - Loaded plugin analytics (category:tool,tabindex:-1)
2024-11-29 20:30:45,781 [INFO] PluginManage:310 - Check plugin cadmodel
2024-11-29 20:30:45,799 [INFO] CADModel:105 - Init CAD model plugin
2024-11-29 20:30:45,799 [INFO] PluginManage:359 - Loaded plugin cadmodel (category:power,tabindex:5)
2024-11-29 20:30:45,799 [INFO] PluginManage:310 - Check plugin clock
2024-11-29 20:30:45,821 [INFO] PluginManage:359 - Loaded plugin clock (category:base,tabindex:2)
2024-11-29 20:30:45,821 [INFO] PluginManage:310 - Check plugin ddr
2024-11-29 20:30:45,823 [INFO] PluginManage:359 - Loaded plugin ddr (category:tool,tabindex:6)
2024-11-29 20:30:45,824 [INFO] PluginManage:310 - Check plugin filemanager
2024-11-29 20:30:46,006 [INFO] PluginManage:359 - Loaded plugin filemanager (category:base,tabindex:10)
2024-11-29 20:30:46,007 [INFO] PluginManage:310 - Check plugin ipmanager
2024-11-29 20:30:46,015 [INFO] PluginManage:359 - Loaded plugin ipmanager (category:base,tabindex:5)
2024-11-29 20:30:46,015 [INFO] PluginManage:310 - Check plugin lpbam
2024-11-29 20:30:46,033 [INFO] PluginManage:359 - Loaded plugin lpbam (category:base,tabindex:0)
2024-11-29 20:30:46,034 [INFO] PluginManage:310 - Check plugin memorymap
2024-11-29 20:30:46,055 [INFO] PluginManage:359 - Loaded plugin memorymap (category:base,tabindex:4)
2024-11-29 20:30:46,055 [INFO] PluginManage:310 - Check plugin pinoutandconfiguration
2024-11-29 20:30:46,070 [INFO] PluginManage:359 - Loaded plugin pinoutandconfiguration (category:base,tabindex:1)
2024-11-29 20:30:46,070 [INFO] PluginManage:310 - Check plugin pinoutconfig
2024-11-29 20:30:46,160 [WARN] SupportedApi:132 - Cannot load RTOS API schema: s4s-elt-must-match.1: The content of 'definitions' must match (annotation?, (simpleType | complexType)?, (unique | key | keyref)*)). A problem was found starting at: attribute.
2024-11-29 20:30:46,275 [INFO] PluginManage:359 - Loaded plugin pinoutconfig (category:base,tabindex:0)
2024-11-29 20:30:46,275 [INFO] PluginManage:310 - Check plugin power
2024-11-29 20:30:46,294 [INFO] PluginManage:359 - Loaded plugin power (category:power,tabindex:4)
2024-11-29 20:30:46,294 [INFO] PluginManage:310 - Check plugin projectmanager
2024-11-29 20:30:46,308 [INFO] PluginManage:359 - Loaded plugin projectmanager (category:projectmanager,tabindex:4)
2024-11-29 20:30:46,308 [INFO] PluginManage:310 - Check plugin rif
2024-11-29 20:30:46,325 [INFO] PluginManage:359 - Loaded plugin rif (category:base,tabindex:3)
2024-11-29 20:30:46,325 [INFO] PluginManage:310 - Check plugin thirdparty
2024-11-29 20:30:46,577 [INFO] PluginManage:359 - Loaded plugin thirdparty (category:base,tabindex:-1)
2024-11-29 20:30:46,577 [INFO] PluginManage:310 - Check plugin tools
2024-11-29 20:30:46,577 [WARN] IntegrityCheckThread:84 - waiting for thirdparty lock release [integrity check]
2024-11-29 20:30:46,577 [INFO] IntegrityCheckThread:86 - entering critical section [integrity check]
2024-11-29 20:30:46,577 [INFO] ThirdPartyUpdaterWithRetryManager:70 - Updater plugin not ready yet. [1/15]
2024-11-29 20:30:46,606 [INFO] PluginManage:359 - Loaded plugin tools (category:base,tabindex:7)
2024-11-29 20:30:46,607 [INFO] PluginManage:310 - Check plugin tutovideos
2024-11-29 20:30:46,761 [INFO] PluginManage:359 - Loaded plugin tutovideos (category:base,tabindex:-1)
2024-11-29 20:30:46,762 [INFO] PluginManage:310 - Check plugin updater
2024-11-29 20:30:46,778 [INFO] PluginManage:359 - Loaded plugin updater (category:base,tabindex:12)
2024-11-29 20:30:46,778 [INFO] PluginManage:310 - Check plugin userauth
2024-11-29 20:30:46,783 [INFO] UserAuth:113 - Init User Auth plugin
2024-11-29 20:30:46,783 [INFO] PluginManage:359 - Loaded plugin userauth (category:base,tabindex:14)
2024-11-29 20:30:46,784 [INFO] PluginManage:283 - PluginManage : Loaded plugins [18]
2024-11-29 20:30:47,013 [INFO] PinOutPanel:1561 - setPackage(No Configuration,No Configuration)
2024-11-29 20:30:47,089 [INFO] CADModel:165 - CPN selected for project level
2024-11-29 20:30:47,090 [INFO] CADModel:114 - Register for checkConnection events
2024-11-29 20:30:47,117 [INFO] IPUIPlugin:80 - create IPUIPlugin
2024-11-29 20:30:47,117 [INFO] PluginManager:220 - loadIPPluginJar : add adc
2024-11-29 20:30:47,148 [INFO] IPUIPlugin:80 - create IPUIPlugin
2024-11-29 20:30:47,148 [INFO] PluginManager:220 - loadIPPluginJar : add aes
2024-11-29 20:30:47,182 [INFO] IPUIPlugin:80 - create IPUIPlugin
2024-11-29 20:30:47,182 [INFO] PluginManager:220 - loadIPPluginJar : add can
2024-11-29 20:30:47,203 [INFO] IPUIPlugin:80 - create IPUIPlugin
2024-11-29 20:30:47,203 [INFO] PluginManager:220 - loadIPPluginJar : add comp
2024-11-29 20:30:47,230 [INFO] IPUIPlugin:80 - create IPUIPlugin
2024-11-29 20:30:47,231 [INFO] PluginManager:220 - loadIPPluginJar : add cryp
2024-11-29 20:30:47,243 [INFO] IPUIPlugin:80 - create IPUIPlugin
2024-11-29 20:30:47,243 [INFO] PluginManager:220 - loadIPPluginJar : add ddr_ctrl_phy
2024-11-29 20:30:47,275 [INFO] IPUIPlugin:80 - create IPUIPlugin
2024-11-29 20:30:47,275 [INFO] PluginManager:220 - loadIPPluginJar : add dfsdm
2024-11-29 20:30:47,290 [INFO] IPUIPlugin:80 - create IPUIPlugin
2024-11-29 20:30:47,291 [INFO] PluginManager:220 - loadIPPluginJar : add dma
2024-11-29 20:30:47,349 [INFO] IPUIPlugin:80 - create IPUIPlugin
2024-11-29 20:30:47,349 [INFO] PluginManager:220 - loadIPPluginJar : add dma3
2024-11-29 20:30:47,406 [INFO] IPUIPlugin:80 - create IPUIPlugin
2024-11-29 20:30:47,407 [INFO] PluginManager:220 - loadIPPluginJar : add extmemmanager
2024-11-29 20:30:47,437 [INFO] IPUIPlugin:80 - create IPUIPlugin
2024-11-29 20:30:47,437 [INFO] PluginManager:220 - loadIPPluginJar : add fatfs
2024-11-29 20:30:47,500 [INFO] IPUIPlugin:80 - create IPUIPlugin
2024-11-29 20:30:47,500 [INFO] PluginManager:220 - loadIPPluginJar : add fmc
2024-11-29 20:30:47,519 [INFO] IPUIPlugin:80 - create IPUIPlugin
2024-11-29 20:30:47,520 [INFO] PluginManager:220 - loadIPPluginJar : add freertos
2024-11-29 20:30:47,546 [INFO] IPUIPlugin:80 - create IPUIPlugin
2024-11-29 20:30:47,546 [INFO] PluginManager:220 - loadIPPluginJar : add genericplugin
2024-11-29 20:30:47,662 [INFO] IPUIPlugin:80 - create IPUIPlugin
2024-11-29 20:30:47,663 [INFO] PluginManager:220 - loadIPPluginJar : add gfxmmu
2024-11-29 20:30:47,819 [INFO] IPUIPlugin:80 - create IPUIPlugin
2024-11-29 20:30:47,819 [INFO] PluginManager:220 - loadIPPluginJar : add gic
2024-11-29 20:30:47,832 [INFO] IPUIPlugin:80 - create IPUIPlugin
2024-11-29 20:30:47,832 [INFO] PluginManager:220 - loadIPPluginJar : add gpio
2024-11-29 20:30:47,925 [INFO] IPUIPlugin:80 - create IPUIPlugin
2024-11-29 20:30:47,926 [INFO] PluginManager:220 - loadIPPluginJar : add gtzc
2024-11-29 20:30:47,961 [INFO] IPUIPlugin:80 - create IPUIPlugin
2024-11-29 20:30:47,961 [INFO] PluginManager:220 - loadIPPluginJar : add hash
2024-11-29 20:30:48,017 [INFO] IPUIPlugin:80 - create IPUIPlugin
2024-11-29 20:30:48,017 [INFO] PluginManager:220 - loadIPPluginJar : add i2c
2024-11-29 20:30:48,057 [INFO] IPUIPlugin:80 - create IPUIPlugin
2024-11-29 20:30:48,057 [INFO] PluginManager:220 - loadIPPluginJar : add i2s
2024-11-29 20:30:48,095 [INFO] IPUIPlugin:80 - create IPUIPlugin
2024-11-29 20:30:48,095 [INFO] PluginManager:220 - loadIPPluginJar : add i3c
2024-11-29 20:30:48,191 [INFO] IPUIPlugin:80 - create IPUIPlugin
2024-11-29 20:30:48,191 [INFO] PluginManager:220 - loadIPPluginJar : add ipddr
2024-11-29 20:30:48,287 [INFO] IPUIPlugin:80 - create IPUIPlugin
2024-11-29 20:30:48,287 [INFO] PluginManager:220 - loadIPPluginJar : add linkedlist
2024-11-29 20:30:48,330 [INFO] IPUIPlugin:80 - create IPUIPlugin
2024-11-29 20:30:48,330 [INFO] PluginManager:220 - loadIPPluginJar : add lorawan
2024-11-29 20:30:48,368 [INFO] IPUIPlugin:80 - create IPUIPlugin
2024-11-29 20:30:48,369 [INFO] PluginManager:220 - loadIPPluginJar : add ltdc
2024-11-29 20:30:48,382 [INFO] IPUIPlugin:80 - create IPUIPlugin
2024-11-29 20:30:48,382 [INFO] PluginManager:220 - loadIPPluginJar : add mdma
2024-11-29 20:30:48,394 [INFO] IPUIPlugin:80 - create IPUIPlugin
2024-11-29 20:30:48,394 [INFO] PluginManager:220 - loadIPPluginJar : add nvic
2024-11-29 20:30:48,430 [INFO] IPUIPlugin:80 - create IPUIPlugin
2024-11-29 20:30:48,430 [INFO] PluginManager:220 - loadIPPluginJar : add opamp
2024-11-29 20:30:48,492 [INFO] IPUIPlugin:80 - create IPUIPlugin
2024-11-29 20:30:48,492 [INFO] PluginManager:220 - loadIPPluginJar : add openamp
2024-11-29 20:30:48,531 [INFO] IPUIPlugin:80 - create IPUIPlugin
2024-11-29 20:30:48,531 [INFO] PluginManager:220 - loadIPPluginJar : add pdm2pcm
2024-11-29 20:30:48,544 [INFO] IPUIPlugin:80 - create IPUIPlugin
2024-11-29 20:30:48,546 [INFO] PluginManager:220 - loadIPPluginJar : add plateformsettings
2024-11-29 20:30:48,567 [INFO] IPUIPlugin:80 - create IPUIPlugin
2024-11-29 20:30:48,567 [INFO] PluginManager:220 - loadIPPluginJar : add quadspi
2024-11-29 20:30:48,590 [INFO] IPUIPlugin:80 - create IPUIPlugin
2024-11-29 20:30:48,592 [INFO] PluginManager:220 - loadIPPluginJar : add radio
2024-11-29 20:30:48,605 [INFO] IPUIPlugin:80 - create IPUIPlugin
2024-11-29 20:30:48,605 [INFO] PluginManager:220 - loadIPPluginJar : add resmgrutility
2024-11-29 20:30:48,647 [INFO] IPUIPlugin:80 - create IPUIPlugin
2024-11-29 20:30:48,647 [INFO] PluginManager:220 - loadIPPluginJar : add sai
2024-11-29 20:30:48,679 [INFO] IPUIPlugin:80 - create IPUIPlugin
2024-11-29 20:30:48,679 [INFO] PluginManager:220 - loadIPPluginJar : add spi
2024-11-29 20:30:48,760 [INFO] IPUIPlugin:80 - create IPUIPlugin
2024-11-29 20:30:48,761 [INFO] PluginManager:220 - loadIPPluginJar : add stm32_wpan
2024-11-29 20:30:48,788 [INFO] IPUIPlugin:80 - create IPUIPlugin
2024-11-29 20:30:48,788 [INFO] PluginManager:220 - loadIPPluginJar : add tim
2024-11-29 20:30:48,847 [INFO] IPUIPlugin:80 - create IPUIPlugin
2024-11-29 20:30:48,847 [INFO] PluginManager:220 - loadIPPluginJar : add touchsensing
2024-11-29 20:30:48,871 [INFO] IPUIPlugin:80 - create IPUIPlugin
2024-11-29 20:30:48,871 [INFO] PluginManager:220 - loadIPPluginJar : add tracer_emb
2024-11-29 20:30:48,894 [INFO] IPUIPlugin:80 - create IPUIPlugin
2024-11-29 20:30:48,895 [INFO] PluginManager:220 - loadIPPluginJar : add ts
2024-11-29 20:30:48,920 [INFO] IPUIPlugin:80 - create IPUIPlugin
2024-11-29 20:30:48,920 [INFO] PluginManager:220 - loadIPPluginJar : add tsc
2024-11-29 20:30:48,943 [INFO] IPUIPlugin:80 - create IPUIPlugin
2024-11-29 20:30:48,943 [INFO] PluginManager:220 - loadIPPluginJar : add ucpd
2024-11-29 20:30:48,986 [INFO] IPUIPlugin:80 - create IPUIPlugin
2024-11-29 20:30:48,986 [INFO] PluginManager:220 - loadIPPluginJar : add usart
2024-11-29 20:30:49,029 [INFO] IPUIPlugin:80 - create IPUIPlugin
2024-11-29 20:30:49,029 [INFO] PluginManager:220 - loadIPPluginJar : add usbx
2024-11-29 20:30:49,142 [INFO] CADModel:165 - CPN selected for project level
2024-11-29 20:30:49,143 [INFO] CADModel:114 - Register for checkConnection events
2024-11-29 20:30:49,143 [FATAL] Updater:334 - Updater called before beeing initialized
2024-11-29 20:30:49,143 [ERROR] CADModel:125 - Updater not yet initialized, retry later 
2024-11-29 20:30:49,281 [INFO] CADModel:165 - CPN selected for project level
2024-11-29 20:30:49,282 [INFO] CADModel:114 - Register for checkConnection events
2024-11-29 20:30:49,282 [FATAL] Updater:334 - Updater called before beeing initialized
2024-11-29 20:30:49,282 [ERROR] CADModel:125 - Updater not yet initialized, retry later 
2024-11-29 20:30:49,285 [FATAL] Updater:334 - Updater called before beeing initialized
2024-11-29 20:30:49,400 [FATAL] Updater:334 - Updater called before beeing initialized
2024-11-29 20:30:49,410 [INFO] DbMcusAds:53 - JSON generation date=Fri Sep 20 15:04:38 CEST 2024 (1726837478367)
2024-11-29 20:30:49,410 [FATAL] Updater:334 - Updater called before beeing initialized
2024-11-29 20:30:49,445 [WARN] DetailPanel:346 - Failed to get advertising image, set to default
2024-11-29 20:30:49,510 [FATAL] Updater:334 - Updater called before beeing initialized
2024-11-29 20:30:49,512 [FATAL] Updater:334 - Updater called before beeing initialized
2024-11-29 20:30:49,512 [FATAL] Updater:334 - Updater called before beeing initialized
2024-11-29 20:30:49,512 [WARN] DetailPanel:346 - Failed to get advertising image, set to default
2024-11-29 20:30:49,513 [FATAL] Updater:334 - Updater called before beeing initialized
2024-11-29 20:30:49,568 [ERROR] Updater:1164 - MainUpdater not yet initialized. External WinMGr cannot be set.
2024-11-29 20:30:49,578 [INFO] ThirdPartyUpdaterWithRetryManager:70 - Updater plugin not ready yet. [2/15]
2024-11-29 20:30:49,578 [INFO] Updater:1100 - Updater Version found : 6.12.1
2024-11-29 20:30:49,600 [INFO] ApplicationProperties:184 - Using Application install path: C:\ST\STM32CubeIDE_1.16.0\STM32CubeIDE\plugins\com.st.stm32cube.common.mx_6.12.1.202409122256
2024-11-29 20:30:50,184 [INFO] MainUpdater:2873 - connection check result : 10
2024-11-29 20:30:50,184 [INFO] MainUpdater:3567 - Updater definition file requires update
2024-11-29 20:30:50,185 [INFO] MainUpdater:290 - Updater Check For Update Now.
2024-11-29 20:30:50,185 [INFO] MicroXplorer:498 - Change Database Version : DB.6.0.121
2024-11-29 20:30:50,202 [INFO] McuFinderGlobals:63 - Set McuFinder mode to 2 (CubeIDE integrated)
2024-11-29 20:30:50,202 [INFO] UserAuth:179 - activating auth plugin
2024-11-29 20:30:50,204 [INFO] UserAuth:417 - Internet connection configuration mode: 1
2024-11-29 20:30:50,229 [INFO] JxBrowserEngine:152 - Initiate JxBrowser Engine with user profile folder
2024-11-29 20:30:50,341 [INFO] ServerAccessManage:473 - Download File updaters.zip
2024-11-29 20:30:50,401 [INFO] FileExtend:240 - Unzip File : updaters.zip
2024-11-29 20:30:50,401 [INFO] FileExtend:255 - Standard Zip Deflate
2024-11-29 20:30:51,300 [INFO] ServerAccessManage:473 - Download File PacksControlFlags.xml
2024-11-29 20:30:51,418 [INFO] ServerAccessManage:473 - Download File cubemx.pidx
2024-11-29 20:30:51,552 [INFO] LoadServerUpdatesThread:375 - End of LoadServerUpdate Thread
2024-11-29 20:30:51,769 [INFO] CheckServerUpdateThread:120 - End of CheckServer Thread
2024-11-29 20:30:52,887 [WARN] PackLoader:240 - Cannot read IP mode file for STMicroelectronics.FP-SNS-MOTENVWB1.1.4.0
2024-11-29 20:30:52,905 [WARN] PackLoader:240 - Cannot read IP mode file for STMicroelectronics.FP-ATR-ASTRA1.2.0.1
2024-11-29 20:30:52,921 [WARN] PackLoader:240 - Cannot read IP mode file for STMicroelectronics.X-CUBE-SMBUS.2.1.0
2024-11-29 20:30:52,938 [WARN] PackLoader:240 - Cannot read IP mode file for STMicroelectronics.X-CUBE-WB05N.1.1.0
2024-11-29 20:30:52,978 [WARN] PackLoader:240 - Cannot read IP mode file for STMicroelectronics.X-CUBE-AZRTOS-F7.1.1.0
2024-11-29 20:30:53,059 [WARN] PackLoader:240 - Cannot read IP mode file for STMicroelectronics.X-CUBE-MEMS1.11.0.0
2024-11-29 20:30:53,156 [WARN] PackLoader:240 - Cannot read IP mode file for STMicroelectronics.FP-SNS-FLIGHT1.5.0.2
2024-11-29 20:30:53,176 [WARN] PackLoader:240 - Cannot read IP mode file for STMicroelectronics.X-CUBE-DISPLAY.3.0.0
2024-11-29 20:30:53,193 [WARN] PackLoader:240 - Cannot read IP mode file for STMicroelectronics.X-CUBE-BLE1.7.0.0
2024-11-29 20:30:53,209 [WARN] PackLoader:240 - Cannot read IP mode file for STMicroelectronics.X-CUBE-NFC10.1.0.0
2024-11-29 20:30:53,225 [WARN] PackLoader:240 - Cannot read IP mode file for emotas.I-CUBE-CANOPEN.1.3.0
2024-11-29 20:30:53,246 [WARN] PackLoader:240 - Cannot read IP mode file for STMicroelectronics.X-CUBE-BLEMGR.3.1.0
2024-11-29 20:30:53,267 [WARN] PackLoader:240 - Cannot read IP mode file for STMicroelectronics.FP-SNS-SMARTAG2.1.2.0
2024-11-29 20:30:53,290 [INFO] LogOutputStream:77 - [STDOUT_REDIRECT] 1 : Invalid condition id : UX_CORESTACK_Condition cause : null
2024-11-29 20:30:53,291 [INFO] LogOutputStream:77 - [STDOUT_REDIRECT] 1 : Invalid condition id : UX_CORESTACK_Condition cause : null
2024-11-29 20:30:53,291 [INFO] LogOutputStream:77 - [STDOUT_REDIRECT] 1 : Invalid condition id : UX_CORESTACK_Condition cause : null
2024-11-29 20:30:53,292 [INFO] LogOutputStream:77 - [STDOUT_REDIRECT] 1 : Invalid condition id : UX_CORESTACK_Condition cause : null
2024-11-29 20:30:53,294 [INFO] LogOutputStream:77 - [STDOUT_REDIRECT] 1 : Invalid condition id : UX_CORESTACK_Condition cause : null
2024-11-29 20:30:53,297 [WARN] PackLoader:240 - Cannot read IP mode file for STMicroelectronics.X-CUBE-AZRTOS-WL.2.0.0
2024-11-29 20:30:53,314 [WARN] PackLoader:240 - Cannot read IP mode file for STMicroelectronics.FP-SNS-MOTENV1.5.0.0
2024-11-29 20:30:53,334 [WARN] PackLoader:240 - Cannot read IP mode file for wolfSSL.I-CUBE-wolfMQTT.1.19.0
2024-11-29 20:30:53,356 [WARN] PackLoader:240 - Cannot read IP mode file for WES.I-CUBE-Cesium.1.3.0
2024-11-29 20:30:53,378 [WARN] PackLoader:240 - Cannot read IP mode file for STMicroelectronics.X-CUBE-BLE2.3.3.0
2024-11-29 20:30:53,399 [WARN] PackLoader:240 - Cannot read IP mode file for STMicroelectronics.X-CUBE-NFC9.1.0.0
2024-11-29 20:30:53,416 [WARN] PackLoader:240 - Cannot read IP mode file for STMicroelectronics.X-CUBE-TCPP.4.1.0
2024-11-29 20:30:53,456 [WARN] PackLoader:240 - Cannot read IP mode file for STMicroelectronics.X-CUBE-AZRTOS-G0.1.1.0
2024-11-29 20:30:53,481 [WARN] PackLoader:240 - Cannot read IP mode file for STMicroelectronics.X-CUBE-SAFEA1.1.2.2
2024-11-29 20:30:53,501 [WARN] PackLoader:240 - Cannot read IP mode file for STMicroelectronics.X-CUBE-NFC4.3.0.0
2024-11-29 20:30:53,523 [WARN] PackLoader:240 - Cannot read IP mode file for EmbeddedOffice.I-CUBE-FS-RTOS.1.0.1
2024-11-29 20:30:53,523 [ERROR] ConditionMgr:805 - Attr not supported : Dmpu
2024-11-29 20:30:53,523 [ERROR] ConditionMgr:805 - Attr not supported : Dmpu
2024-11-29 20:30:53,523 [ERROR] ConditionMgr:805 - Attr not supported : Dmpu
2024-11-29 20:30:53,523 [ERROR] ConditionMgr:805 - Attr not supported : Dmpu
2024-11-29 20:30:53,524 [ERROR] ConditionMgr:805 - Attr not supported : Dmpu
2024-11-29 20:30:53,524 [ERROR] ConditionMgr:805 - Attr not supported : Dmpu
2024-11-29 20:30:53,524 [ERROR] ConditionMgr:805 - Attr not supported : Dmpu
2024-11-29 20:30:53,524 [ERROR] ConditionMgr:805 - Attr not supported : Dmpu
2024-11-29 20:30:53,524 [ERROR] ConditionMgr:805 - Attr not supported : Dmpu
2024-11-29 20:30:53,524 [ERROR] ConditionMgr:805 - Attr not supported : Dmpu
2024-11-29 20:30:53,524 [ERROR] ConditionMgr:805 - Attr not supported : Dmpu
2024-11-29 20:30:53,524 [ERROR] ConditionMgr:805 - Attr not supported : Dmpu
2024-11-29 20:30:53,524 [ERROR] ConditionMgr:805 - Attr not supported : Dmpu
2024-11-29 20:30:53,524 [ERROR] ConditionMgr:805 - Attr not supported : Dmpu
2024-11-29 20:30:53,524 [ERROR] ConditionMgr:805 - Attr not supported : Dmpu
2024-11-29 20:30:53,524 [ERROR] ConditionMgr:805 - Attr not supported : Dmpu
2024-11-29 20:30:53,524 [ERROR] ConditionMgr:805 - Attr not supported : Dmpu
2024-11-29 20:30:53,524 [ERROR] ConditionMgr:805 - Attr not supported : Dmpu
2024-11-29 20:30:53,524 [ERROR] ConditionMgr:805 - Attr not supported : Dmpu
2024-11-29 20:30:53,524 [ERROR] ConditionMgr:805 - Attr not supported : Dmpu
2024-11-29 20:30:53,524 [ERROR] ConditionMgr:805 - Attr not supported : Dmpu
2024-11-29 20:30:53,524 [ERROR] ConditionMgr:805 - Attr not supported : Dmpu
2024-11-29 20:30:53,524 [ERROR] ConditionMgr:805 - Attr not supported : Dmpu
2024-11-29 20:30:53,524 [ERROR] ConditionMgr:805 - Attr not supported : Dmpu
2024-11-29 20:30:53,524 [ERROR] ConditionMgr:805 - Attr not supported : Dmpu
2024-11-29 20:30:53,524 [ERROR] ConditionMgr:805 - Attr not supported : Dmpu
2024-11-29 20:30:53,524 [ERROR] ConditionMgr:805 - Attr not supported : Dmpu
2024-11-29 20:30:53,524 [ERROR] ConditionMgr:805 - Attr not supported : Dmpu
2024-11-29 20:30:53,524 [ERROR] ConditionMgr:805 - Attr not supported : Dmpu
2024-11-29 20:30:53,524 [ERROR] ConditionMgr:805 - Attr not supported : Dmpu
2024-11-29 20:30:53,524 [ERROR] ConditionMgr:805 - Attr not supported : Dmpu
2024-11-29 20:30:53,524 [ERROR] ConditionMgr:805 - Attr not supported : Dmpu
2024-11-29 20:30:53,524 [ERROR] ConditionMgr:805 - Attr not supported : Dmpu
2024-11-29 20:30:53,524 [ERROR] ConditionMgr:805 - Attr not supported : Dmpu
2024-11-29 20:30:53,525 [ERROR] ConditionMgr:805 - Attr not supported : Dmpu
2024-11-29 20:30:53,525 [ERROR] ConditionMgr:805 - Attr not supported : Dmpu
2024-11-29 20:30:53,525 [ERROR] ConditionMgr:805 - Attr not supported : Dmpu
2024-11-29 20:30:53,525 [ERROR] ConditionMgr:805 - Attr not supported : Dmpu
2024-11-29 20:30:53,525 [ERROR] ConditionMgr:805 - Attr not supported : Dmpu
2024-11-29 20:30:53,525 [ERROR] ConditionMgr:805 - Attr not supported : Dmpu
2024-11-29 20:30:53,525 [ERROR] ConditionMgr:805 - Attr not supported : Dmpu
2024-11-29 20:30:53,525 [ERROR] ConditionMgr:805 - Attr not supported : Dmpu
2024-11-29 20:30:53,525 [ERROR] ConditionMgr:805 - Attr not supported : Dmpu
2024-11-29 20:30:53,525 [ERROR] ConditionMgr:805 - Attr not supported : Dmpu
2024-11-29 20:30:53,525 [ERROR] ConditionMgr:805 - Attr not supported : Dmpu
2024-11-29 20:30:53,525 [ERROR] ConditionMgr:805 - Attr not supported : Dmpu
2024-11-29 20:30:53,525 [ERROR] ConditionMgr:805 - Attr not supported : Dmpu
2024-11-29 20:30:53,525 [ERROR] ConditionMgr:805 - Attr not supported : Dmpu
2024-11-29 20:30:53,525 [ERROR] ConditionMgr:805 - Attr not supported : Dmpu
2024-11-29 20:30:53,525 [ERROR] ConditionMgr:805 - Attr not supported : Dmpu
2024-11-29 20:30:53,525 [ERROR] ConditionMgr:805 - Attr not supported : Dmpu
2024-11-29 20:30:53,525 [ERROR] ConditionMgr:805 - Attr not supported : Dmpu
2024-11-29 20:30:53,525 [ERROR] ConditionMgr:805 - Attr not supported : Dmpu
2024-11-29 20:30:53,525 [ERROR] ConditionMgr:805 - Attr not supported : Dmpu
2024-11-29 20:30:53,525 [ERROR] ConditionMgr:805 - Attr not supported : Dmpu
2024-11-29 20:30:53,525 [ERROR] ConditionMgr:805 - Attr not supported : Dmpu
2024-11-29 20:30:53,525 [ERROR] ConditionMgr:805 - Attr not supported : Dmpu
2024-11-29 20:30:53,525 [ERROR] ConditionMgr:805 - Attr not supported : Dmpu
2024-11-29 20:30:53,525 [ERROR] ConditionMgr:805 - Attr not supported : Dmpu
2024-11-29 20:30:53,525 [ERROR] ConditionMgr:805 - Attr not supported : Dmpu
2024-11-29 20:30:53,525 [ERROR] ConditionMgr:805 - Attr not supported : Dmpu
2024-11-29 20:30:53,525 [ERROR] ConditionMgr:805 - Attr not supported : Dmpu
2024-11-29 20:30:53,526 [ERROR] ConditionMgr:805 - Attr not supported : Dmpu
2024-11-29 20:30:53,526 [ERROR] ConditionMgr:805 - Attr not supported : Dmpu
2024-11-29 20:30:53,542 [WARN] PackLoader:240 - Cannot read IP mode file for RealThread.X-CUBE-RT-Thread_Nano.4.1.1
2024-11-29 20:30:53,559 [WARN] PackLoader:240 - Cannot read IP mode file for STMicroelectronics.FP-ATR-SIGFOX1.3.2.0
2024-11-29 20:30:53,572 [WARN] PackLoader:240 - Cannot read IP mode file for wolfSSL.I-CUBE-wolfSSL.5.7.2
2024-11-29 20:30:53,589 [WARN] ConditionMgr:438 - getConditionDescription Invalid condition id : Cortex-A Device cause : null
2024-11-29 20:30:53,621 [WARN] ConditionMgr:1039 - genDependencies : Invalid condition id : Cortex-A Device cause : null
2024-11-29 20:30:53,621 [WARN] ConditionMgr:1039 - genDependencies : Invalid condition id : Cortex-A Device cause : null
2024-11-29 20:30:53,621 [WARN] ConditionMgr:1039 - genDependencies : Invalid condition id : Cortex-A Device cause : null
2024-11-29 20:30:53,642 [WARN] PackLoader:240 - Cannot read IP mode file for STMicroelectronics.X-CUBE-EEPRMA1.5.1.0
2024-11-29 20:30:53,661 [WARN] PackLoader:240 - Cannot read IP mode file for ITTIA_DB.I-CUBE-ITTIADB.8.9.0
2024-11-29 20:30:53,703 [WARN] PackLoader:240 - Cannot read IP mode file for SEGGER.I-CUBE-embOS.1.3.1
2024-11-29 20:30:53,751 [WARN] PackLoader:240 - Cannot read IP mode file for STMicroelectronics.X-CUBE-ALGOBUILD.1.4.0
2024-11-29 20:30:53,771 [WARN] PackLoader:240 - Cannot read IP mode file for STMicroelectronics.X-CUBE-AI.9.1.0
2024-11-29 20:30:53,789 [WARN] PackLoader:240 - Cannot read IP mode file for STMicroelectronics.X-CUBE-GNSS1.6.0.0
2024-11-29 20:30:53,818 [WARN] PackLoader:240 - Cannot read IP mode file for STMicroelectronics.X-CUBE-AZRTOS-F4.1.1.0
2024-11-29 20:30:53,837 [WARN] PackLoader:240 - Cannot read IP mode file for STMicroelectronics.X-CUBE-ISPU.2.1.0
2024-11-29 20:30:53,855 [WARN] PackLoader:240 - Cannot read IP mode file for STMicroelectronics.X-CUBE-FREERTOS.1.2.0
2024-11-29 20:30:53,888 [WARN] PackLoader:240 - Cannot read IP mode file for STMicroelectronics.X-CUBE-AZRTOS-L5.2.0.0
2024-11-29 20:30:53,911 [WARN] PackLoader:240 - Cannot read IP mode file for STMicroelectronics.X-CUBE-NFC6.3.1.0
2024-11-29 20:30:53,933 [WARN] PackLoader:240 - Cannot read IP mode file for STMicroelectronics.X-CUBE-DPower.1.2.0
2024-11-29 20:30:53,953 [WARN] PackLoader:240 - Cannot read IP mode file for STMicroelectronics.X-CUBE-AI.9.0.0
2024-11-29 20:30:53,974 [WARN] PackLoader:240 - Cannot read IP mode file for STMicroelectronics.X-CUBE-NFC7.1.0.1
2024-11-29 20:30:54,004 [WARN] ConditionMgr:438 - getConditionDescription Invalid condition id : LAN8742 Phy interface Condition cause : null
2024-11-29 20:30:54,005 [WARN] PackLoader:240 - Cannot read IP mode file for STMicroelectronics.X-CUBE-AZRTOS-L4.2.0.0
2024-11-29 20:30:54,006 [WARN] ConditionMgr:1039 - genDependencies : Invalid condition id : LAN8742 Phy interface Condition cause : null
2024-11-29 20:30:54,007 [WARN] ConditionMgr:1039 - genDependencies : Invalid condition id : LAN8742 Phy interface Condition cause : null
2024-11-29 20:30:54,007 [WARN] ConditionMgr:1039 - genDependencies : Invalid condition id : LAN8742 Phy interface Condition cause : null
2024-11-29 20:30:54,028 [WARN] PackLoader:240 - Cannot read IP mode file for STMicroelectronics.X-CUBE-SFXS2LP1.4.0.0
2024-11-29 20:30:54,060 [WARN] PackLoader:240 - Cannot read IP mode file for STMicroelectronics.X-CUBE-AZRTOS-H7.3.3.0
2024-11-29 20:30:54,086 [WARN] PackLoader:240 - Cannot read IP mode file for STMicroelectronics.X-CUBE-IPS.3.0.0
2024-11-29 20:30:54,118 [WARN] ConditionMgr:438 - getConditionDescription Invalid condition id : UX DEVICE CLASS RTOS Condition cause : null
2024-11-29 20:30:54,118 [WARN] ConditionMgr:438 - getConditionDescription Invalid condition id : UX DEVICE CLASS RTOS Condition cause : null
2024-11-29 20:30:54,119 [WARN] PackLoader:240 - Cannot read IP mode file for STMicroelectronics.X-CUBE-AZRTOS-WB.2.0.0
2024-11-29 20:30:54,120 [WARN] ConditionMgr:1039 - genDependencies : Invalid condition id : UX DEVICE CLASS RTOS Condition cause : null
2024-11-29 20:30:54,120 [WARN] ConditionMgr:1039 - genDependencies : Invalid condition id : UX DEVICE CLASS RTOS Condition cause : null
2024-11-29 20:30:54,120 [WARN] ConditionMgr:1039 - genDependencies : Invalid condition id : UX DEVICE CLASS RTOS Condition cause : null
2024-11-29 20:30:54,120 [WARN] ConditionMgr:1039 - genDependencies : Invalid condition id : UX DEVICE CLASS RTOS Condition cause : null
2024-11-29 20:30:54,120 [WARN] ConditionMgr:1039 - genDependencies : Invalid condition id : UX DEVICE CLASS RTOS Condition cause : null
2024-11-29 20:30:54,138 [WARN] PackLoader:240 - Cannot read IP mode file for STMicroelectronics.X-CUBE-GNSS1.7.0.0
2024-11-29 20:30:54,158 [WARN] PackLoader:240 - Cannot read IP mode file for STMicroelectronics.FP-SNS-STBOX1.2.0.0
2024-11-29 20:30:54,180 [WARN] PackLoader:240 - Cannot read IP mode file for STMicroelectronics.X-CUBE-SUBG2.5.0.0
2024-11-29 20:30:54,199 [WARN] PackLoader:240 - Cannot read IP mode file for Cesanta.I-CUBE-Mongoose.7.13.0
2024-11-29 20:30:54,224 [WARN] PackLoader:240 - Cannot read IP mode file for STMicroelectronics.X-CUBE-AZRTOS-G4.2.0.0
2024-11-29 20:30:54,239 [WARN] PackLoader:240 - Cannot read IP mode file for STMicroelectronics.X-CUBE-ISPU.2.0.0
2024-11-29 20:30:54,253 [WARN] PackLoader:240 - Cannot read IP mode file for STMicroelectronics.X-CUBE-ALS.1.0.2
2024-11-29 20:30:54,270 [WARN] PackLoader:240 - Cannot read IP mode file for STMicroelectronics.X-CUBE-TOUCHGFX.4.24.0
2024-11-29 20:30:54,283 [WARN] PackLoader:240 - Cannot read IP mode file for STMicroelectronics.X-CUBE-TOUCHGFX.4.24.1
2024-11-29 20:30:54,298 [WARN] PackLoader:240 - Cannot read IP mode file for wolfSSL.I-CUBE-wolfTPM.3.4.0
2024-11-29 20:30:54,314 [WARN] PackLoader:240 - Cannot read IP mode file for portGmbH.I-Cube-SoM-uGOAL.1.1.0
2024-11-29 20:30:54,341 [WARN] PackLoader:240 - Cannot read IP mode file for STMicroelectronics.X-CUBE-AZRTOS-H7RS.1.0.0
2024-11-29 20:30:54,353 [WARN] PackLoader:240 - Cannot read IP mode file for STMicroelectronics.FP-ATR-ASTRA1.2.0.0
2024-11-29 20:30:54,373 [WARN] PackLoader:240 - Cannot read IP mode file for STMicroelectronics.X-CUBE-TOF1.3.4.2
2024-11-29 20:30:54,407 [WARN] PackLoader:240 - Cannot read IP mode file for Infineon.AIROC-Wi-Fi-Bluetooth-STM32.1.6.1
2024-11-29 20:30:54,423 [WARN] PackLoader:240 - Cannot read IP mode file for wolfSSL.I-CUBE-wolfSSH.1.4.17
2024-11-29 20:30:54,424 [INFO] ThirdParty:978 - Integrity check success = true
2024-11-29 20:30:54,424 [INFO] IntegrityCheckThread:100 - exiting critical section [integrity check]
2024-11-29 20:30:54,424 [INFO] IntegrityCheckThread:103 - End integrity checks thread
2024-11-29 20:30:56,340 [INFO] WebApp:167 - Instantiating new browser for Auth
2024-11-29 20:30:57,319 [INFO] WebApp:448 - Apply proxy settings
2024-11-29 20:30:57,320 [INFO] WebApp:533 - Chromium requires no authentication
2024-11-29 20:30:57,336 [INFO] WebApp:476 - Direct internet connection detected
2024-11-29 20:30:57,397 [INFO] WebApp:869 - Register for checkConnection events
2024-11-29 20:30:57,398 [INFO] WebApp:448 - Apply proxy settings
2024-11-29 20:30:57,398 [INFO] WebApp:533 - Chromium requires no authentication
2024-11-29 20:30:57,398 [INFO] WebApp:476 - Direct internet connection detected
2024-11-29 20:30:57,627 [INFO] WebApp:186 - Connection restablished
2024-11-29 20:30:57,696 [INFO] WebApp:220 - Starting web application
2024-11-29 20:30:57,697 [INFO] WebApp:578 - Web application path used C:\ST\STM32CubeIDE_1.16.0\STM32CubeIDE\plugins\com.st.stm32cube.common.mx_6.12.1.202409122256\db\plugins\mcufinder\reactClient1\index.html
2024-11-29 22:35:44,900 [INFO] WebApp:388 - JxBrowser engine has been closed 
