2024-08-27 08:15:25,329 [INFO] Activator:176 - 


2024-08-27 08:15:25,334 [INFO] Activator:177 - !SESSION log4j initialized
2024-08-27 08:15:30,617 [INFO] LogOutputStream:77 - [STDOUT_REDIRECT] 
2024-08-27 08:15:41,218 [INFO] ApplicationProperties:184 - Using Application install path: C:\ST\STM32CubeIDE_1.16.0\STM32CubeIDE\plugins\com.st.stm32cube.common.mx_6.12.0.202406281431
2024-08-27 08:15:41,264 [INFO] DbMcusXml:78 - Set database path to: C:\ST\STM32CubeIDE_1.16.0\STM32CubeIDE\plugins\com.st.stm32cube.common.mx_6.12.0.202406281431\\db\/mcu/
2024-08-27 08:15:41,265 [INFO] ApiDb:274 - Set plugin database path to: C:\ST\STM32CubeIDE_1.16.0\STM32CubeIDE\plugins\com.st.stm32cube.common.mx_6.12.0.202406281431\\db\/plugins/boardmanager/
2024-08-27 08:15:41,266 [WARN] ApiDb:259 - Overriding images path with different value:  => C:\ST\STM32CubeIDE_1.16.0\STM32CubeIDE\plugins\com.st.stm32cube.common.mx_6.12.0.202406281431\\db\/plugins/mcufinder/images/
2024-08-27 08:15:41,285 [INFO] ApiDb:250 - Set database path to: C:\Users\newto\.stmcufinder\plugins\mcufinder//mcu/
2024-08-27 08:15:41,287 [INFO] DbMcusAds:125 - Set database path to: C:\Users\newto\.stmcufinder\plugins\mcufinder//mcu/
2024-08-27 08:15:41,305 [INFO] CrossReferenceDbSqlite:203 - Set database path to: C:\Users\newto\.stmcufinder\plugins\mcufinder//mcu/cs/
2024-08-27 08:15:41,543 [INFO] RulesReader:64 - Compatibility file has been processed (297 Rules)
2024-08-27 08:15:41,742 [INFO] DbMcusXml:78 - Set database path to: C:\ST\STM32CubeIDE_1.16.0\STM32CubeIDE\plugins\com.st.stm32cube.common.mx_6.12.0.202406281431\\db\/mcu/
2024-08-27 08:15:41,742 [INFO] ApiDb:274 - Set plugin database path to: C:\ST\STM32CubeIDE_1.16.0\STM32CubeIDE\plugins\com.st.stm32cube.common.mx_6.12.0.202406281431\\db\/plugins/boardmanager/
2024-08-27 08:15:41,743 [INFO] ApiDb:261 - Set plugin images path to: C:\ST\STM32CubeIDE_1.16.0\STM32CubeIDE\plugins\com.st.stm32cube.common.mx_6.12.0.202406281431\\db\/plugins/mcufinder/images/
2024-08-27 08:15:41,743 [WARN] DbFile:41 - Overriding database path with different value: C:\Users\newto\.stmcufinder\plugins\mcufinder/ => C:\Users\newto\.stmcufinder\plugins\mcufinder
2024-08-27 08:15:41,743 [INFO] ApiDb:250 - Set database path to: C:\Users\newto\.stmcufinder\plugins\mcufinder//mcu/
2024-08-27 08:15:41,743 [WARN] DbFile:41 - Overriding database path with different value: C:\Users\newto\.stmcufinder\plugins\mcufinder/ => C:\Users\newto\.stmcufinder\plugins\mcufinder
2024-08-27 08:15:41,743 [INFO] DbMcusAds:125 - Set database path to: C:\Users\newto\.stmcufinder\plugins\mcufinder//mcu/
2024-08-27 08:15:41,744 [WARN] DbFile:41 - Overriding database path with different value: C:\Users\newto\.stmcufinder\plugins\mcufinder/ => C:\Users\newto\.stmcufinder\plugins\mcufinder
2024-08-27 08:15:41,744 [WARN] DbFile:41 - Overriding database path with different value: C:\Users\newto\.stmcufinder\plugins\mcufinder/ => C:\Users\newto\.stmcufinder\plugins\mcufinder
2024-08-27 08:15:41,744 [INFO] CrossReferenceDbSqlite:203 - Set database path to: C:\Users\newto\.stmcufinder\plugins\mcufinder//mcu/cs/
2024-08-27 08:15:41,890 [INFO] MainPanel:268 - HeapMemory: 283115520
2024-08-27 08:15:42,092 [INFO] DbMcusXml:78 - Set database path to: C:\ST\STM32CubeIDE_1.16.0\STM32CubeIDE\plugins\com.st.stm32cube.common.mx_6.12.0.202406281431\\db\/mcu/
2024-08-27 08:15:42,092 [INFO] ApiDb:274 - Set plugin database path to: C:\ST\STM32CubeIDE_1.16.0\STM32CubeIDE\plugins\com.st.stm32cube.common.mx_6.12.0.202406281431\\db\/plugins/boardmanager/
2024-08-27 08:15:42,092 [INFO] ApiDb:261 - Set plugin images path to: C:\ST\STM32CubeIDE_1.16.0\STM32CubeIDE\plugins\com.st.stm32cube.common.mx_6.12.0.202406281431\\db\/plugins/mcufinder/images/
2024-08-27 08:15:42,093 [WARN] DbFile:41 - Overriding database path with different value: C:\Users\newto\.stmcufinder\plugins\mcufinder/ => C:\Users\newto\.stmcufinder\plugins\mcufinder
2024-08-27 08:15:42,093 [INFO] ApiDb:250 - Set database path to: C:\Users\newto\.stmcufinder\plugins\mcufinder//mcu/
2024-08-27 08:15:42,093 [WARN] DbFile:41 - Overriding database path with different value: C:\Users\newto\.stmcufinder\plugins\mcufinder/ => C:\Users\newto\.stmcufinder\plugins\mcufinder
2024-08-27 08:15:42,093 [INFO] DbMcusAds:125 - Set database path to: C:\Users\newto\.stmcufinder\plugins\mcufinder//mcu/
2024-08-27 08:15:42,094 [WARN] DbFile:41 - Overriding database path with different value: C:\Users\newto\.stmcufinder\plugins\mcufinder/ => C:\Users\newto\.stmcufinder\plugins\mcufinder
2024-08-27 08:15:42,094 [WARN] DbFile:41 - Overriding database path with different value: C:\Users\newto\.stmcufinder\plugins\mcufinder/ => C:\Users\newto\.stmcufinder\plugins\mcufinder
2024-08-27 08:15:42,094 [INFO] CrossReferenceDbSqlite:203 - Set database path to: C:\Users\newto\.stmcufinder\plugins\mcufinder//mcu/cs/
2024-08-27 08:15:42,126 [INFO] ApplicationProperties:184 - Using Application install path: C:\ST\STM32CubeIDE_1.16.0\STM32CubeIDE\plugins\com.st.stm32cube.common.mx_6.12.0.202406281431
2024-08-27 08:15:42,129 [INFO] PluginManage:196 - Search for loadable plugins [exclusion list=, ]
2024-08-27 08:15:42,131 [INFO] PluginManage:310 - Check plugin analytics
2024-08-27 08:15:42,488 [INFO] AnalyticsPlugin:253 - Accepted Software Licenses: STM32CubeMX.6.9.1
2024-08-27 08:15:42,488 [INFO] AnalyticsPlugin:255 - Accepted CMSIS Pack Licenses: 
2024-08-27 08:15:42,488 [INFO] AnalyticsPlugin:257 - Accepted Firmware Licenses: FW.F4.1.28.0,FW.H7.1.11.0
2024-08-27 08:15:42,492 [INFO] PluginManage:359 - Loaded plugin analytics (category:tool,tabindex:-1)
2024-08-27 08:15:42,493 [INFO] PluginManage:310 - Check plugin cadmodel
2024-08-27 08:15:42,513 [INFO] CADModel:105 - Init CAD model plugin
2024-08-27 08:15:42,514 [INFO] PluginManage:359 - Loaded plugin cadmodel (category:power,tabindex:5)
2024-08-27 08:15:42,514 [INFO] PluginManage:310 - Check plugin clock
2024-08-27 08:15:42,546 [INFO] PluginManage:359 - Loaded plugin clock (category:base,tabindex:2)
2024-08-27 08:15:42,547 [INFO] PluginManage:310 - Check plugin ddr
2024-08-27 08:15:42,550 [INFO] PluginManage:359 - Loaded plugin ddr (category:tool,tabindex:6)
2024-08-27 08:15:42,550 [INFO] PluginManage:310 - Check plugin filemanager
2024-08-27 08:15:42,815 [INFO] PluginManage:359 - Loaded plugin filemanager (category:base,tabindex:10)
2024-08-27 08:15:42,815 [INFO] PluginManage:310 - Check plugin ipmanager
2024-08-27 08:15:42,825 [INFO] PluginManage:359 - Loaded plugin ipmanager (category:base,tabindex:5)
2024-08-27 08:15:42,826 [INFO] PluginManage:310 - Check plugin lpbam
2024-08-27 08:15:42,873 [INFO] PluginManage:359 - Loaded plugin lpbam (category:base,tabindex:0)
2024-08-27 08:15:42,873 [INFO] PluginManage:310 - Check plugin memorymap
2024-08-27 08:15:42,925 [INFO] PluginManage:359 - Loaded plugin memorymap (category:base,tabindex:4)
2024-08-27 08:15:42,925 [INFO] PluginManage:310 - Check plugin pinoutandconfiguration
2024-08-27 08:15:42,961 [INFO] PluginManage:359 - Loaded plugin pinoutandconfiguration (category:base,tabindex:1)
2024-08-27 08:15:42,961 [INFO] PluginManage:310 - Check plugin pinoutconfig
2024-08-27 08:15:43,137 [WARN] SupportedApi:132 - Cannot load RTOS API schema: s4s-elt-must-match.1: The content of 'definitions' must match (annotation?, (simpleType | complexType)?, (unique | key | keyref)*)). A problem was found starting at: attribute.
2024-08-27 08:15:43,430 [INFO] PluginManage:359 - Loaded plugin pinoutconfig (category:base,tabindex:0)
2024-08-27 08:15:43,430 [INFO] PluginManage:310 - Check plugin power
2024-08-27 08:15:43,467 [INFO] PluginManage:359 - Loaded plugin power (category:power,tabindex:4)
2024-08-27 08:15:43,467 [INFO] PluginManage:310 - Check plugin projectmanager
2024-08-27 08:15:43,496 [INFO] PluginManage:359 - Loaded plugin projectmanager (category:projectmanager,tabindex:4)
2024-08-27 08:15:43,496 [INFO] PluginManage:310 - Check plugin rif
2024-08-27 08:15:43,521 [INFO] PluginManage:359 - Loaded plugin rif (category:base,tabindex:3)
2024-08-27 08:15:43,521 [INFO] PluginManage:310 - Check plugin thirdparty
2024-08-27 08:15:43,947 [INFO] PluginManage:359 - Loaded plugin thirdparty (category:base,tabindex:-1)
2024-08-27 08:15:43,947 [WARN] IntegrityCheckThread:84 - waiting for thirdparty lock release [integrity check]
2024-08-27 08:15:43,947 [INFO] PluginManage:310 - Check plugin tools
2024-08-27 08:15:43,947 [INFO] IntegrityCheckThread:86 - entering critical section [integrity check]
2024-08-27 08:15:43,948 [INFO] ThirdPartyUpdaterWithRetryManager:70 - Updater plugin not ready yet. [1/15]
2024-08-27 08:15:44,012 [INFO] PluginManage:359 - Loaded plugin tools (category:base,tabindex:7)
2024-08-27 08:15:44,012 [INFO] PluginManage:310 - Check plugin tutovideos
2024-08-27 08:15:44,395 [INFO] PluginManage:359 - Loaded plugin tutovideos (category:base,tabindex:-1)
2024-08-27 08:15:44,396 [INFO] PluginManage:310 - Check plugin updater
2024-08-27 08:15:44,423 [INFO] PluginManage:359 - Loaded plugin updater (category:base,tabindex:12)
2024-08-27 08:15:44,424 [INFO] PluginManage:310 - Check plugin userauth
2024-08-27 08:15:44,434 [INFO] UserAuth:113 - Init User Auth plugin
2024-08-27 08:15:44,434 [INFO] PluginManage:359 - Loaded plugin userauth (category:base,tabindex:14)
2024-08-27 08:15:44,435 [INFO] PluginManage:283 - PluginManage : Loaded plugins [18]
2024-08-27 08:15:44,844 [INFO] PinOutPanel:1561 - setPackage(No Configuration,No Configuration)
2024-08-27 08:15:45,001 [INFO] CADModel:165 - CPN selected for project level
2024-08-27 08:15:45,001 [INFO] CADModel:114 - Register for checkConnection events
2024-08-27 08:15:45,042 [INFO] IPUIPlugin:80 - create IPUIPlugin
2024-08-27 08:15:45,043 [INFO] PluginManager:220 - loadIPPluginJar : add adc
2024-08-27 08:15:45,092 [INFO] IPUIPlugin:80 - create IPUIPlugin
2024-08-27 08:15:45,092 [INFO] PluginManager:220 - loadIPPluginJar : add aes
2024-08-27 08:15:45,153 [INFO] IPUIPlugin:80 - create IPUIPlugin
2024-08-27 08:15:45,153 [INFO] PluginManager:220 - loadIPPluginJar : add can
2024-08-27 08:15:45,183 [INFO] IPUIPlugin:80 - create IPUIPlugin
2024-08-27 08:15:45,183 [INFO] PluginManager:220 - loadIPPluginJar : add comp
2024-08-27 08:15:45,232 [INFO] IPUIPlugin:80 - create IPUIPlugin
2024-08-27 08:15:45,232 [INFO] PluginManager:220 - loadIPPluginJar : add cryp
2024-08-27 08:15:45,249 [INFO] IPUIPlugin:80 - create IPUIPlugin
2024-08-27 08:15:45,249 [INFO] PluginManager:220 - loadIPPluginJar : add ddr_ctrl_phy
2024-08-27 08:15:45,304 [INFO] IPUIPlugin:80 - create IPUIPlugin
2024-08-27 08:15:45,304 [INFO] PluginManager:220 - loadIPPluginJar : add dfsdm
2024-08-27 08:15:45,324 [INFO] IPUIPlugin:80 - create IPUIPlugin
2024-08-27 08:15:45,325 [INFO] PluginManager:220 - loadIPPluginJar : add dma
2024-08-27 08:15:45,406 [INFO] IPUIPlugin:80 - create IPUIPlugin
2024-08-27 08:15:45,406 [INFO] PluginManager:220 - loadIPPluginJar : add dma3
2024-08-27 08:15:45,476 [INFO] IPUIPlugin:80 - create IPUIPlugin
2024-08-27 08:15:45,476 [INFO] PluginManager:220 - loadIPPluginJar : add extmemmanager
2024-08-27 08:15:45,503 [INFO] IPUIPlugin:80 - create IPUIPlugin
2024-08-27 08:15:45,504 [INFO] PluginManager:220 - loadIPPluginJar : add fatfs
2024-08-27 08:15:45,579 [INFO] IPUIPlugin:80 - create IPUIPlugin
2024-08-27 08:15:45,579 [INFO] PluginManager:220 - loadIPPluginJar : add fmc
2024-08-27 08:15:45,605 [INFO] IPUIPlugin:80 - create IPUIPlugin
2024-08-27 08:15:45,605 [INFO] PluginManager:220 - loadIPPluginJar : add freertos
2024-08-27 08:15:45,639 [INFO] IPUIPlugin:80 - create IPUIPlugin
2024-08-27 08:15:45,639 [INFO] PluginManager:220 - loadIPPluginJar : add genericplugin
2024-08-27 08:15:45,784 [INFO] IPUIPlugin:80 - create IPUIPlugin
2024-08-27 08:15:45,784 [INFO] PluginManager:220 - loadIPPluginJar : add gfxmmu
2024-08-27 08:15:46,010 [INFO] IPUIPlugin:80 - create IPUIPlugin
2024-08-27 08:15:46,010 [INFO] PluginManager:220 - loadIPPluginJar : add gic
2024-08-27 08:15:46,030 [INFO] IPUIPlugin:80 - create IPUIPlugin
2024-08-27 08:15:46,030 [INFO] PluginManager:220 - loadIPPluginJar : add gpio
2024-08-27 08:15:46,174 [INFO] IPUIPlugin:80 - create IPUIPlugin
2024-08-27 08:15:46,174 [INFO] PluginManager:220 - loadIPPluginJar : add gtzc
2024-08-27 08:15:46,222 [INFO] IPUIPlugin:80 - create IPUIPlugin
2024-08-27 08:15:46,223 [INFO] PluginManager:220 - loadIPPluginJar : add hash
2024-08-27 08:15:46,309 [INFO] IPUIPlugin:80 - create IPUIPlugin
2024-08-27 08:15:46,310 [INFO] PluginManager:220 - loadIPPluginJar : add i2c
2024-08-27 08:15:46,370 [INFO] IPUIPlugin:80 - create IPUIPlugin
2024-08-27 08:15:46,370 [INFO] PluginManager:220 - loadIPPluginJar : add i2s
2024-08-27 08:15:46,438 [INFO] IPUIPlugin:80 - create IPUIPlugin
2024-08-27 08:15:46,438 [INFO] PluginManager:220 - loadIPPluginJar : add i3c
2024-08-27 08:15:46,588 [INFO] IPUIPlugin:80 - create IPUIPlugin
2024-08-27 08:15:46,588 [INFO] PluginManager:220 - loadIPPluginJar : add ipddr
2024-08-27 08:15:46,704 [INFO] IPUIPlugin:80 - create IPUIPlugin
2024-08-27 08:15:46,705 [INFO] PluginManager:220 - loadIPPluginJar : add linkedlist
2024-08-27 08:15:46,765 [INFO] IPUIPlugin:80 - create IPUIPlugin
2024-08-27 08:15:46,766 [INFO] PluginManager:220 - loadIPPluginJar : add lorawan
2024-08-27 08:15:46,817 [INFO] IPUIPlugin:80 - create IPUIPlugin
2024-08-27 08:15:46,817 [INFO] PluginManager:220 - loadIPPluginJar : add ltdc
2024-08-27 08:15:46,834 [INFO] IPUIPlugin:80 - create IPUIPlugin
2024-08-27 08:15:46,835 [INFO] PluginManager:220 - loadIPPluginJar : add mdma
2024-08-27 08:15:46,866 [INFO] IPUIPlugin:80 - create IPUIPlugin
2024-08-27 08:15:46,866 [INFO] PluginManager:220 - loadIPPluginJar : add nvic
2024-08-27 08:15:46,913 [INFO] IPUIPlugin:80 - create IPUIPlugin
2024-08-27 08:15:46,914 [INFO] PluginManager:220 - loadIPPluginJar : add opamp
2024-08-27 08:15:46,951 [INFO] ThirdPartyUpdaterWithRetryManager:70 - Updater plugin not ready yet. [2/15]
2024-08-27 08:15:47,010 [INFO] IPUIPlugin:80 - create IPUIPlugin
2024-08-27 08:15:47,010 [INFO] PluginManager:220 - loadIPPluginJar : add openamp
2024-08-27 08:15:47,073 [INFO] IPUIPlugin:80 - create IPUIPlugin
2024-08-27 08:15:47,073 [INFO] PluginManager:220 - loadIPPluginJar : add pdm2pcm
2024-08-27 08:15:47,092 [INFO] IPUIPlugin:80 - create IPUIPlugin
2024-08-27 08:15:47,096 [INFO] PluginManager:220 - loadIPPluginJar : add plateformsettings
2024-08-27 08:15:47,127 [INFO] IPUIPlugin:80 - create IPUIPlugin
2024-08-27 08:15:47,127 [INFO] PluginManager:220 - loadIPPluginJar : add quadspi
2024-08-27 08:15:47,166 [INFO] IPUIPlugin:80 - create IPUIPlugin
2024-08-27 08:15:47,168 [INFO] PluginManager:220 - loadIPPluginJar : add radio
2024-08-27 08:15:47,184 [INFO] IPUIPlugin:80 - create IPUIPlugin
2024-08-27 08:15:47,184 [INFO] PluginManager:220 - loadIPPluginJar : add resmgrutility
2024-08-27 08:15:47,266 [INFO] IPUIPlugin:80 - create IPUIPlugin
2024-08-27 08:15:47,266 [INFO] PluginManager:220 - loadIPPluginJar : add sai
2024-08-27 08:15:47,326 [INFO] IPUIPlugin:80 - create IPUIPlugin
2024-08-27 08:15:47,327 [INFO] PluginManager:220 - loadIPPluginJar : add spi
2024-08-27 08:15:47,442 [INFO] IPUIPlugin:80 - create IPUIPlugin
2024-08-27 08:15:47,442 [INFO] PluginManager:220 - loadIPPluginJar : add stm32_wpan
2024-08-27 08:15:47,489 [INFO] IPUIPlugin:80 - create IPUIPlugin
2024-08-27 08:15:47,489 [INFO] PluginManager:220 - loadIPPluginJar : add tim
2024-08-27 08:15:47,578 [INFO] IPUIPlugin:80 - create IPUIPlugin
2024-08-27 08:15:47,579 [INFO] PluginManager:220 - loadIPPluginJar : add touchsensing
2024-08-27 08:15:47,624 [INFO] IPUIPlugin:80 - create IPUIPlugin
2024-08-27 08:15:47,624 [INFO] PluginManager:220 - loadIPPluginJar : add tracer_emb
2024-08-27 08:15:47,662 [INFO] IPUIPlugin:80 - create IPUIPlugin
2024-08-27 08:15:47,663 [INFO] PluginManager:220 - loadIPPluginJar : add ts
2024-08-27 08:15:47,696 [INFO] IPUIPlugin:80 - create IPUIPlugin
2024-08-27 08:15:47,696 [INFO] PluginManager:220 - loadIPPluginJar : add tsc
2024-08-27 08:15:47,732 [INFO] IPUIPlugin:80 - create IPUIPlugin
2024-08-27 08:15:47,732 [INFO] PluginManager:220 - loadIPPluginJar : add ucpd
2024-08-27 08:15:47,801 [INFO] IPUIPlugin:80 - create IPUIPlugin
2024-08-27 08:15:47,801 [INFO] PluginManager:220 - loadIPPluginJar : add usart
2024-08-27 08:15:47,858 [INFO] IPUIPlugin:80 - create IPUIPlugin
2024-08-27 08:15:47,858 [INFO] PluginManager:220 - loadIPPluginJar : add usbx
2024-08-27 08:15:48,030 [INFO] CADModel:165 - CPN selected for project level
2024-08-27 08:15:48,030 [INFO] CADModel:114 - Register for checkConnection events
2024-08-27 08:15:48,031 [FATAL] Updater:334 - Updater called before beeing initialized
2024-08-27 08:15:48,031 [ERROR] CADModel:125 - Updater not yet initialized, retry later 
2024-08-27 08:15:48,442 [INFO] CADModel:165 - CPN selected for project level
2024-08-27 08:15:48,443 [INFO] CADModel:114 - Register for checkConnection events
2024-08-27 08:15:48,443 [FATAL] Updater:334 - Updater called before beeing initialized
2024-08-27 08:15:48,443 [ERROR] CADModel:125 - Updater not yet initialized, retry later 
2024-08-27 08:15:48,447 [FATAL] Updater:334 - Updater called before beeing initialized
2024-08-27 08:15:48,654 [FATAL] Updater:334 - Updater called before beeing initialized
2024-08-27 08:15:48,661 [INFO] DbMcusAds:53 - JSON generation date=Thu May 16 11:22:00 CEST 2024 (1715851320667)
2024-08-27 08:15:48,661 [FATAL] Updater:334 - Updater called before beeing initialized
2024-08-27 08:15:48,705 [WARN] DetailPanel:346 - Failed to get advertising image, set to default
2024-08-27 08:15:48,808 [FATAL] Updater:334 - Updater called before beeing initialized
2024-08-27 08:15:48,811 [FATAL] Updater:334 - Updater called before beeing initialized
2024-08-27 08:15:48,811 [FATAL] Updater:334 - Updater called before beeing initialized
2024-08-27 08:15:48,811 [WARN] DetailPanel:346 - Failed to get advertising image, set to default
2024-08-27 08:15:48,813 [FATAL] Updater:334 - Updater called before beeing initialized
2024-08-27 08:15:48,925 [ERROR] Updater:1164 - MainUpdater not yet initialized. External WinMGr cannot be set.
2024-08-27 08:15:48,937 [INFO] Updater:1100 - Updater Version found : 6.12.0
2024-08-27 08:15:48,960 [INFO] ApplicationProperties:184 - Using Application install path: C:\ST\STM32CubeIDE_1.16.0\STM32CubeIDE\plugins\com.st.stm32cube.common.mx_6.12.0.202406281431
2024-08-27 08:15:49,426 [INFO] MainUpdater:2873 - connection check result : 10
2024-08-27 08:15:49,427 [INFO] MainUpdater:290 - Updater Check For Update Now.
2024-08-27 08:15:49,427 [INFO] MicroXplorer:498 - Change Database Version : DB.6.0.120
2024-08-27 08:15:49,448 [INFO] McuFinderGlobals:63 - Set McuFinder mode to 2 (CubeIDE integrated)
2024-08-27 08:15:49,450 [INFO] UserAuth:417 - Internet connection configuration mode: 1
2024-08-27 08:15:49,486 [INFO] JxBrowserEngine:152 - Initiate JxBrowser Engine with user profile folder
2024-08-27 08:15:49,636 [INFO] CheckServerUpdateThread:120 - End of CheckServer Thread
2024-08-27 08:15:50,281 [WARN] PackLoader:240 - Cannot read IP mode file for STMicroelectronics.FP-SNS-MOTENVWB1.1.4.0
2024-08-27 08:15:50,301 [WARN] PackLoader:240 - Cannot read IP mode file for STMicroelectronics.X-CUBE-SMBUS.2.1.0
2024-08-27 08:15:50,360 [WARN] PackLoader:240 - Cannot read IP mode file for STMicroelectronics.X-CUBE-AZRTOS-F7.1.1.0
2024-08-27 08:15:50,460 [WARN] PackLoader:240 - Cannot read IP mode file for STMicroelectronics.X-CUBE-MEMS1.11.0.0
2024-08-27 08:15:50,632 [WARN] PackLoader:240 - Cannot read IP mode file for STMicroelectronics.FP-SNS-FLIGHT1.5.0.2
2024-08-27 08:15:50,644 [WARN] PackLoader:240 - Cannot read IP mode file for STMicroelectronics.X-CUBE-DISPLAY.3.0.0
2024-08-27 08:15:50,659 [WARN] PackLoader:240 - Cannot read IP mode file for STMicroelectronics.X-CUBE-BLE1.7.0.0
2024-08-27 08:15:50,668 [WARN] PackLoader:240 - Cannot read IP mode file for emotas.I-CUBE-CANOPEN.1.3.0
2024-08-27 08:15:50,680 [WARN] PackLoader:240 - Cannot read IP mode file for STMicroelectronics.X-CUBE-BLEMGR.3.1.0
2024-08-27 08:15:50,694 [WARN] PackLoader:240 - Cannot read IP mode file for STMicroelectronics.FP-SNS-SMARTAG2.1.2.0
2024-08-27 08:15:50,711 [INFO] LogOutputStream:77 - [STDOUT_REDIRECT] 1 : Invalid condition id : UX_CORESTACK_Condition cause : null
2024-08-27 08:15:50,713 [INFO] LogOutputStream:77 - [STDOUT_REDIRECT] 1 : Invalid condition id : UX_CORESTACK_Condition cause : null
2024-08-27 08:15:50,715 [INFO] LogOutputStream:77 - [STDOUT_REDIRECT] 1 : Invalid condition id : UX_CORESTACK_Condition cause : null
2024-08-27 08:15:50,716 [INFO] LogOutputStream:77 - [STDOUT_REDIRECT] 1 : Invalid condition id : UX_CORESTACK_Condition cause : null
2024-08-27 08:15:50,719 [INFO] LogOutputStream:77 - [STDOUT_REDIRECT] 1 : Invalid condition id : UX_CORESTACK_Condition cause : null
2024-08-27 08:15:50,722 [WARN] PackLoader:240 - Cannot read IP mode file for STMicroelectronics.X-CUBE-AZRTOS-WL.2.0.0
2024-08-27 08:15:50,730 [WARN] PackLoader:240 - Cannot read IP mode file for STMicroelectronics.FP-SNS-MOTENV1.5.0.0
2024-08-27 08:15:50,739 [WARN] PackLoader:240 - Cannot read IP mode file for wolfSSL.I-CUBE-wolfMQTT.1.19.0
2024-08-27 08:15:50,749 [WARN] PackLoader:240 - Cannot read IP mode file for WES.I-CUBE-Cesium.1.3.0
2024-08-27 08:15:50,767 [WARN] PackLoader:240 - Cannot read IP mode file for STMicroelectronics.X-CUBE-BLE2.3.3.0
2024-08-27 08:15:50,775 [WARN] PackLoader:240 - Cannot read IP mode file for STMicroelectronics.X-CUBE-TCPP.4.1.0
2024-08-27 08:15:50,801 [WARN] PackLoader:240 - Cannot read IP mode file for STMicroelectronics.X-CUBE-AZRTOS-G0.1.1.0
2024-08-27 08:15:50,814 [WARN] PackLoader:240 - Cannot read IP mode file for STMicroelectronics.X-CUBE-SAFEA1.1.2.2
2024-08-27 08:15:50,825 [WARN] PackLoader:240 - Cannot read IP mode file for STMicroelectronics.X-CUBE-NFC4.3.0.0
2024-08-27 08:15:50,843 [WARN] PackLoader:240 - Cannot read IP mode file for EmbeddedOffice.I-CUBE-FS-RTOS.1.0.1
2024-08-27 08:15:50,844 [ERROR] ConditionMgr:805 - Attr not supported : Dmpu
2024-08-27 08:15:50,844 [ERROR] ConditionMgr:805 - Attr not supported : Dmpu
2024-08-27 08:15:50,844 [ERROR] ConditionMgr:805 - Attr not supported : Dmpu
2024-08-27 08:15:50,844 [ERROR] ConditionMgr:805 - Attr not supported : Dmpu
2024-08-27 08:15:50,844 [ERROR] ConditionMgr:805 - Attr not supported : Dmpu
2024-08-27 08:15:50,845 [ERROR] ConditionMgr:805 - Attr not supported : Dmpu
2024-08-27 08:15:50,845 [ERROR] ConditionMgr:805 - Attr not supported : Dmpu
2024-08-27 08:15:50,845 [ERROR] ConditionMgr:805 - Attr not supported : Dmpu
2024-08-27 08:15:50,845 [ERROR] ConditionMgr:805 - Attr not supported : Dmpu
2024-08-27 08:15:50,845 [ERROR] ConditionMgr:805 - Attr not supported : Dmpu
2024-08-27 08:15:50,845 [ERROR] ConditionMgr:805 - Attr not supported : Dmpu
2024-08-27 08:15:50,845 [ERROR] ConditionMgr:805 - Attr not supported : Dmpu
2024-08-27 08:15:50,845 [ERROR] ConditionMgr:805 - Attr not supported : Dmpu
2024-08-27 08:15:50,845 [ERROR] ConditionMgr:805 - Attr not supported : Dmpu
2024-08-27 08:15:50,846 [ERROR] ConditionMgr:805 - Attr not supported : Dmpu
2024-08-27 08:15:50,846 [ERROR] ConditionMgr:805 - Attr not supported : Dmpu
2024-08-27 08:15:50,846 [ERROR] ConditionMgr:805 - Attr not supported : Dmpu
2024-08-27 08:15:50,846 [ERROR] ConditionMgr:805 - Attr not supported : Dmpu
2024-08-27 08:15:50,846 [ERROR] ConditionMgr:805 - Attr not supported : Dmpu
2024-08-27 08:15:50,846 [ERROR] ConditionMgr:805 - Attr not supported : Dmpu
2024-08-27 08:15:50,846 [ERROR] ConditionMgr:805 - Attr not supported : Dmpu
2024-08-27 08:15:50,846 [ERROR] ConditionMgr:805 - Attr not supported : Dmpu
2024-08-27 08:15:50,846 [ERROR] ConditionMgr:805 - Attr not supported : Dmpu
2024-08-27 08:15:50,847 [ERROR] ConditionMgr:805 - Attr not supported : Dmpu
2024-08-27 08:15:50,847 [ERROR] ConditionMgr:805 - Attr not supported : Dmpu
2024-08-27 08:15:50,847 [ERROR] ConditionMgr:805 - Attr not supported : Dmpu
2024-08-27 08:15:50,847 [ERROR] ConditionMgr:805 - Attr not supported : Dmpu
2024-08-27 08:15:50,847 [ERROR] ConditionMgr:805 - Attr not supported : Dmpu
2024-08-27 08:15:50,847 [ERROR] ConditionMgr:805 - Attr not supported : Dmpu
2024-08-27 08:15:50,847 [ERROR] ConditionMgr:805 - Attr not supported : Dmpu
2024-08-27 08:15:50,847 [ERROR] ConditionMgr:805 - Attr not supported : Dmpu
2024-08-27 08:15:50,847 [ERROR] ConditionMgr:805 - Attr not supported : Dmpu
2024-08-27 08:15:50,847 [ERROR] ConditionMgr:805 - Attr not supported : Dmpu
2024-08-27 08:15:50,847 [ERROR] ConditionMgr:805 - Attr not supported : Dmpu
2024-08-27 08:15:50,847 [ERROR] ConditionMgr:805 - Attr not supported : Dmpu
2024-08-27 08:15:50,848 [ERROR] ConditionMgr:805 - Attr not supported : Dmpu
2024-08-27 08:15:50,848 [ERROR] ConditionMgr:805 - Attr not supported : Dmpu
2024-08-27 08:15:50,848 [ERROR] ConditionMgr:805 - Attr not supported : Dmpu
2024-08-27 08:15:50,848 [ERROR] ConditionMgr:805 - Attr not supported : Dmpu
2024-08-27 08:15:50,848 [ERROR] ConditionMgr:805 - Attr not supported : Dmpu
2024-08-27 08:15:50,848 [ERROR] ConditionMgr:805 - Attr not supported : Dmpu
2024-08-27 08:15:50,848 [ERROR] ConditionMgr:805 - Attr not supported : Dmpu
2024-08-27 08:15:50,848 [ERROR] ConditionMgr:805 - Attr not supported : Dmpu
2024-08-27 08:15:50,848 [ERROR] ConditionMgr:805 - Attr not supported : Dmpu
2024-08-27 08:15:50,848 [ERROR] ConditionMgr:805 - Attr not supported : Dmpu
2024-08-27 08:15:50,848 [ERROR] ConditionMgr:805 - Attr not supported : Dmpu
2024-08-27 08:15:50,848 [ERROR] ConditionMgr:805 - Attr not supported : Dmpu
2024-08-27 08:15:50,848 [ERROR] ConditionMgr:805 - Attr not supported : Dmpu
2024-08-27 08:15:50,849 [ERROR] ConditionMgr:805 - Attr not supported : Dmpu
2024-08-27 08:15:50,849 [ERROR] ConditionMgr:805 - Attr not supported : Dmpu
2024-08-27 08:15:50,849 [ERROR] ConditionMgr:805 - Attr not supported : Dmpu
2024-08-27 08:15:50,849 [ERROR] ConditionMgr:805 - Attr not supported : Dmpu
2024-08-27 08:15:50,849 [ERROR] ConditionMgr:805 - Attr not supported : Dmpu
2024-08-27 08:15:50,849 [ERROR] ConditionMgr:805 - Attr not supported : Dmpu
2024-08-27 08:15:50,849 [ERROR] ConditionMgr:805 - Attr not supported : Dmpu
2024-08-27 08:15:50,849 [ERROR] ConditionMgr:805 - Attr not supported : Dmpu
2024-08-27 08:15:50,849 [ERROR] ConditionMgr:805 - Attr not supported : Dmpu
2024-08-27 08:15:50,849 [ERROR] ConditionMgr:805 - Attr not supported : Dmpu
2024-08-27 08:15:50,849 [ERROR] ConditionMgr:805 - Attr not supported : Dmpu
2024-08-27 08:15:50,849 [ERROR] ConditionMgr:805 - Attr not supported : Dmpu
2024-08-27 08:15:50,849 [ERROR] ConditionMgr:805 - Attr not supported : Dmpu
2024-08-27 08:15:50,849 [ERROR] ConditionMgr:805 - Attr not supported : Dmpu
2024-08-27 08:15:50,849 [ERROR] ConditionMgr:805 - Attr not supported : Dmpu
2024-08-27 08:15:50,849 [ERROR] ConditionMgr:805 - Attr not supported : Dmpu
2024-08-27 08:15:50,858 [WARN] PackLoader:240 - Cannot read IP mode file for RealThread.X-CUBE-RT-Thread_Nano.4.1.1
2024-08-27 08:15:50,865 [WARN] PackLoader:240 - Cannot read IP mode file for STMicroelectronics.FP-ATR-SIGFOX1.3.2.0
2024-08-27 08:15:50,871 [WARN] PackLoader:240 - Cannot read IP mode file for wolfSSL.I-CUBE-wolfSSL.5.7.2
2024-08-27 08:15:50,880 [WARN] PackLoader:240 - Cannot read IP mode file for STMicroelectronics.X-CUBE-EEPRMA1.5.1.0
2024-08-27 08:15:50,891 [WARN] PackLoader:240 - Cannot read IP mode file for ITTIA_DB.I-CUBE-ITTIADB.8.9.0
2024-08-27 08:15:50,928 [WARN] PackLoader:240 - Cannot read IP mode file for SEGGER.I-CUBE-embOS.1.3.1
2024-08-27 08:15:50,974 [WARN] PackLoader:240 - Cannot read IP mode file for STMicroelectronics.X-CUBE-ALGOBUILD.1.4.0
2024-08-27 08:15:50,997 [WARN] PackLoader:240 - Cannot read IP mode file for STMicroelectronics.X-CUBE-GNSS1.6.0.0
2024-08-27 08:15:51,018 [WARN] PackLoader:240 - Cannot read IP mode file for STMicroelectronics.X-CUBE-AZRTOS-F4.1.1.0
2024-08-27 08:15:51,028 [WARN] PackLoader:240 - Cannot read IP mode file for STMicroelectronics.X-CUBE-FREERTOS.1.2.0
2024-08-27 08:15:51,051 [WARN] PackLoader:240 - Cannot read IP mode file for STMicroelectronics.X-CUBE-AZRTOS-L5.2.0.0
2024-08-27 08:15:51,064 [WARN] PackLoader:240 - Cannot read IP mode file for STMicroelectronics.X-CUBE-NFC6.3.1.0
2024-08-27 08:15:51,074 [WARN] PackLoader:240 - Cannot read IP mode file for STMicroelectronics.X-CUBE-DPower.1.2.0
2024-08-27 08:15:51,081 [WARN] PackLoader:240 - Cannot read IP mode file for STMicroelectronics.X-CUBE-AI.9.0.0
2024-08-27 08:15:51,089 [WARN] PackLoader:240 - Cannot read IP mode file for STMicroelectronics.X-CUBE-NFC7.1.0.1
2024-08-27 08:15:51,111 [WARN] ConditionMgr:438 - getConditionDescription Invalid condition id : LAN8742 Phy interface Condition cause : null
2024-08-27 08:15:51,116 [WARN] PackLoader:240 - Cannot read IP mode file for STMicroelectronics.X-CUBE-AZRTOS-L4.2.0.0
2024-08-27 08:15:51,118 [WARN] ConditionMgr:1039 - genDependencies : Invalid condition id : LAN8742 Phy interface Condition cause : null
2024-08-27 08:15:51,118 [WARN] ConditionMgr:1039 - genDependencies : Invalid condition id : LAN8742 Phy interface Condition cause : null
2024-08-27 08:15:51,120 [WARN] ConditionMgr:1039 - genDependencies : Invalid condition id : LAN8742 Phy interface Condition cause : null
2024-08-27 08:15:51,131 [WARN] PackLoader:240 - Cannot read IP mode file for STMicroelectronics.X-CUBE-SFXS2LP1.4.0.0
2024-08-27 08:15:51,157 [WARN] PackLoader:240 - Cannot read IP mode file for STMicroelectronics.X-CUBE-AZRTOS-H7.3.3.0
2024-08-27 08:15:51,177 [WARN] ConditionMgr:438 - getConditionDescription Invalid condition id : UX DEVICE CLASS RTOS Condition cause : null
2024-08-27 08:15:51,177 [WARN] ConditionMgr:438 - getConditionDescription Invalid condition id : UX DEVICE CLASS RTOS Condition cause : null
2024-08-27 08:15:51,180 [WARN] PackLoader:240 - Cannot read IP mode file for STMicroelectronics.X-CUBE-AZRTOS-WB.2.0.0
2024-08-27 08:15:51,181 [WARN] ConditionMgr:1039 - genDependencies : Invalid condition id : UX DEVICE CLASS RTOS Condition cause : null
2024-08-27 08:15:51,181 [WARN] ConditionMgr:1039 - genDependencies : Invalid condition id : UX DEVICE CLASS RTOS Condition cause : null
2024-08-27 08:15:51,182 [WARN] ConditionMgr:1039 - genDependencies : Invalid condition id : UX DEVICE CLASS RTOS Condition cause : null
2024-08-27 08:15:51,182 [WARN] ConditionMgr:1039 - genDependencies : Invalid condition id : UX DEVICE CLASS RTOS Condition cause : null
2024-08-27 08:15:51,182 [WARN] ConditionMgr:1039 - genDependencies : Invalid condition id : UX DEVICE CLASS RTOS Condition cause : null
2024-08-27 08:15:51,193 [WARN] PackLoader:240 - Cannot read IP mode file for STMicroelectronics.FP-SNS-STBOX1.2.0.0
2024-08-27 08:15:51,207 [WARN] PackLoader:240 - Cannot read IP mode file for STMicroelectronics.X-CUBE-SUBG2.5.0.0
2024-08-27 08:15:51,218 [WARN] PackLoader:240 - Cannot read IP mode file for Cesanta.I-CUBE-Mongoose.7.13.0
2024-08-27 08:15:51,236 [WARN] PackLoader:240 - Cannot read IP mode file for STMicroelectronics.X-CUBE-AZRTOS-G4.2.0.0
2024-08-27 08:15:51,244 [WARN] PackLoader:240 - Cannot read IP mode file for STMicroelectronics.X-CUBE-ISPU.2.0.0
2024-08-27 08:15:51,251 [WARN] PackLoader:240 - Cannot read IP mode file for STMicroelectronics.X-CUBE-ALS.1.0.2
2024-08-27 08:15:51,258 [WARN] PackLoader:240 - Cannot read IP mode file for STMicroelectronics.X-CUBE-TOUCHGFX.4.24.0
2024-08-27 08:15:51,264 [WARN] PackLoader:240 - Cannot read IP mode file for wolfSSL.I-CUBE-wolfTPM.3.4.0
2024-08-27 08:15:51,271 [WARN] PackLoader:240 - Cannot read IP mode file for portGmbH.I-Cube-SoM-uGOAL.1.1.0
2024-08-27 08:15:51,308 [WARN] PackLoader:240 - Cannot read IP mode file for STMicroelectronics.X-CUBE-AZRTOS-H7RS.1.0.0
2024-08-27 08:15:51,317 [WARN] PackLoader:240 - Cannot read IP mode file for STMicroelectronics.FP-ATR-ASTRA1.2.0.0
2024-08-27 08:15:51,330 [WARN] PackLoader:240 - Cannot read IP mode file for STMicroelectronics.X-CUBE-TOF1.3.4.2
2024-08-27 08:15:51,362 [WARN] PackLoader:240 - Cannot read IP mode file for Infineon.AIROC-Wi-Fi-Bluetooth-STM32.1.6.1
2024-08-27 08:15:51,379 [WARN] PackLoader:240 - Cannot read IP mode file for wolfSSL.I-CUBE-wolfSSH.1.4.17
2024-08-27 08:15:51,380 [INFO] ThirdParty:978 - Integrity check success = true
2024-08-27 08:15:51,380 [INFO] IntegrityCheckThread:100 - exiting critical section [integrity check]
2024-08-27 08:15:51,380 [INFO] IntegrityCheckThread:103 - End integrity checks thread
2024-08-27 08:15:53,591 [INFO] WebApp:167 - Instantiating new browser for Auth
2024-08-27 08:15:55,016 [INFO] WebApp:448 - Apply proxy settings
2024-08-27 08:15:55,017 [INFO] WebApp:533 - Chromium requires no authentication
2024-08-27 08:15:55,034 [INFO] WebApp:476 - Direct internet connection detected
2024-08-27 08:15:55,086 [INFO] WebApp:869 - Register for checkConnection events
2024-08-27 08:15:55,086 [INFO] WebApp:448 - Apply proxy settings
2024-08-27 08:15:55,086 [INFO] WebApp:533 - Chromium requires no authentication
2024-08-27 08:15:55,088 [INFO] WebApp:476 - Direct internet connection detected
2024-08-27 08:15:55,363 [INFO] WebApp:186 - Connection restablished
2024-08-27 08:15:55,462 [INFO] WebApp:220 - Starting web application
2024-08-27 08:15:55,462 [INFO] WebApp:578 - Web application path used C:\ST\STM32CubeIDE_1.16.0\STM32CubeIDE\plugins\com.st.stm32cube.common.mx_6.12.0.202406281431\db\plugins\mcufinder\reactClient1\index.html
2024-08-27 08:15:55,754 [INFO] UserAuth:417 - Internet connection configuration mode: 1
2024-08-27 09:26:50,126 [INFO] WebApp:189 - Connection lost
2024-08-27 09:27:00,291 [INFO] WebApp:388 - JxBrowser engine has been closed 
