2024-11-19 06:19:08,269 [INFO] WebApp:189 - Connection lost
2024-11-19 06:19:31,752 [INFO] WebApp:186 - Connection restablished
2024-11-19 06:19:32,074 [INFO] WebApp:189 - Connection lost
2024-11-19 06:19:32,223 [INFO] WebApp:186 - Connection restablished
2024-11-19 06:19:35,504 [INFO] WebApp:189 - Connection lost
2024-11-19 06:19:47,188 [INFO] WebApp:186 - Connection restablished
2024-11-19 06:19:51,997 [INFO] WebApp:189 - Connection lost
2024-11-19 06:19:52,108 [INFO] WebApp:186 - Connection restablished
2024-11-19 06:20:59,561 [INFO] WebApp:189 - Connection lost
2024-11-19 06:20:59,685 [INFO] WebApp:186 - Connection restablished
2024-11-19 06:38:17,977 [INFO] UtilMem:75 - End SaveConfig() Used Memory: 454116696 Bytes (639631360)
2024-11-19 06:38:19,650 [INFO] UtilMem:75 - End SaveConfig() Used Memory: 196757304 Bytes (639631360)
2024-11-19 06:38:20,219 [INFO] UtilMem:75 - End SaveConfig() Used Memory: 225184120 Bytes (639631360)
2024-11-19 06:38:21,058 [INFO] BlockDiagram:2766 - set Specific Code input for plugin: SPI
2024-11-19 06:38:21,058 [INFO] BlockDiagram:2766 - set Specific Code input for plugin: SYS
2024-11-19 06:38:21,058 [INFO] BlockDiagram:2766 - set Specific Code input for plugin: RCC
2024-11-19 06:38:21,058 [INFO] BlockDiagram:2766 - set Specific Code input for plugin: NVIC
2024-11-19 06:38:21,058 [INFO] BlockDiagram:2766 - set Specific Code input for plugin: USART
2024-11-19 06:38:21,059 [INFO] BlockDiagram:2766 - set Specific Code input for plugin: GPIO
2024-11-19 06:38:21,063 [INFO] CodeGenerator:807 - code generatio: config db path: C:\ST\STM32CubeIDE_1.16.0\STM32CubeIDE\plugins\com.st.stm32cube.common.mx_6.12.1.202409122256\\db\
2024-11-19 06:38:21,400 [INFO] CodeEngine:255 - oldGeneratedFile, C:\Users\newto\STM32CubeIDE\workspace_1.16.0\RFID_Gym_Member_Management_System\MXTmpFiles\license.tmp_save
2024-11-19 06:38:21,948 [INFO] CodeEngine:279 - Generated code: C:\Users\newto\STM32CubeIDE\workspace_1.16.0\RFID_Gym_Member_Management_System\MXTmpFiles\license.tmp
2024-11-19 06:38:22,091 [INFO] CodeEngine:255 - oldGeneratedFile, C:\Users\newto\STM32CubeIDE\workspace_1.16.0\RFID_Gym_Member_Management_System\Core\Src\gpio.c_save
2024-11-19 06:38:22,365 [INFO] CodeEngine:279 - Generated code: C:\Users\newto\STM32CubeIDE\workspace_1.16.0\RFID_Gym_Member_Management_System\Core\Src\gpio.c
2024-11-19 06:38:22,411 [INFO] CodeEngine:255 - oldGeneratedFile, C:\Users\newto\STM32CubeIDE\workspace_1.16.0\RFID_Gym_Member_Management_System\Core\Inc\gpio.h_save
2024-11-19 06:38:22,580 [INFO] CodeEngine:279 - Generated code: C:\Users\newto\STM32CubeIDE\workspace_1.16.0\RFID_Gym_Member_Management_System\Core\Inc\gpio.h
2024-11-19 06:38:22,852 [INFO] CodeEngine:255 - oldGeneratedFile, C:\Users\newto\STM32CubeIDE\workspace_1.16.0\RFID_Gym_Member_Management_System\Core\Src\spi.c_save
2024-11-19 06:38:23,108 [INFO] CodeEngine:279 - Generated code: C:\Users\newto\STM32CubeIDE\workspace_1.16.0\RFID_Gym_Member_Management_System\Core\Src\spi.c
2024-11-19 06:38:23,145 [INFO] CodeEngine:255 - oldGeneratedFile, C:\Users\newto\STM32CubeIDE\workspace_1.16.0\RFID_Gym_Member_Management_System\Core\Inc\spi.h_save
2024-11-19 06:38:23,287 [INFO] CodeEngine:279 - Generated code: C:\Users\newto\STM32CubeIDE\workspace_1.16.0\RFID_Gym_Member_Management_System\Core\Inc\spi.h
2024-11-19 06:38:23,316 [INFO] CodeEngine:255 - oldGeneratedFile, C:\Users\newto\STM32CubeIDE\workspace_1.16.0\RFID_Gym_Member_Management_System\Core\Src\usart.c_save
2024-11-19 06:38:23,444 [INFO] CodeEngine:279 - Generated code: C:\Users\newto\STM32CubeIDE\workspace_1.16.0\RFID_Gym_Member_Management_System\Core\Src\usart.c
2024-11-19 06:38:23,455 [INFO] CodeEngine:255 - oldGeneratedFile, C:\Users\newto\STM32CubeIDE\workspace_1.16.0\RFID_Gym_Member_Management_System\Core\Inc\usart.h_save
2024-11-19 06:38:23,552 [INFO] CodeEngine:279 - Generated code: C:\Users\newto\STM32CubeIDE\workspace_1.16.0\RFID_Gym_Member_Management_System\Core\Inc\usart.h
2024-11-19 06:38:23,599 [INFO] CodeEngine:255 - oldGeneratedFile, C:\Users\newto\STM32CubeIDE\workspace_1.16.0\RFID_Gym_Member_Management_System\Core\Src\stm32f4xx_it.c_save
2024-11-19 06:38:23,745 [INFO] CodeEngine:279 - Generated code: C:\Users\newto\STM32CubeIDE\workspace_1.16.0\RFID_Gym_Member_Management_System\Core\Src\stm32f4xx_it.c
2024-11-19 06:38:23,776 [INFO] CodeEngine:255 - oldGeneratedFile, C:\Users\newto\STM32CubeIDE\workspace_1.16.0\RFID_Gym_Member_Management_System\Core\Inc\stm32f4xx_it.h_save
2024-11-19 06:38:23,882 [INFO] CodeEngine:279 - Generated code: C:\Users\newto\STM32CubeIDE\workspace_1.16.0\RFID_Gym_Member_Management_System\Core\Inc\stm32f4xx_it.h
2024-11-19 06:38:23,934 [INFO] CodeEngine:255 - oldGeneratedFile, C:\Users\newto\STM32CubeIDE\workspace_1.16.0\RFID_Gym_Member_Management_System\Core\Src\stm32f4xx_hal_msp.c_save
2024-11-19 06:38:24,058 [INFO] CodeEngine:279 - Generated code: C:\Users\newto\STM32CubeIDE\workspace_1.16.0\RFID_Gym_Member_Management_System\Core\Src\stm32f4xx_hal_msp.c
2024-11-19 06:38:24,071 [INFO] CodeEngine:255 - oldGeneratedFile, C:\Users\newto\STM32CubeIDE\workspace_1.16.0\RFID_Gym_Member_Management_System\MXTmpFiles\system.tmp_save
2024-11-19 06:38:24,138 [INFO] CodeEngine:279 - Generated code: C:\Users\newto\STM32CubeIDE\workspace_1.16.0\RFID_Gym_Member_Management_System\MXTmpFiles\system.tmp
2024-11-19 06:38:24,172 [INFO] CodeEngine:311 - oldGeneratedFile, C:\Users\newto\STM32CubeIDE\workspace_1.16.0\RFID_Gym_Member_Management_System\Core\Inc\stm32f4xx_hal_conf.h_save
2024-11-19 06:38:24,272 [INFO] CodeEngine:335 - Generated code: C:\Users\newto\STM32CubeIDE\workspace_1.16.0\RFID_Gym_Member_Management_System\Core\Inc\stm32f4xx_hal_conf.h
2024-11-19 06:38:24,307 [WARN] IPConfigManager:3005 - Warning: the RefConfig PLL2P_FOR_MCO is not available in your config.xml file
2024-11-19 06:38:24,360 [INFO] CodeEngine:255 - oldGeneratedFile, C:\Users\newto\STM32CubeIDE\workspace_1.16.0\RFID_Gym_Member_Management_System\Core\Inc\main.h_save
2024-11-19 06:38:24,504 [INFO] CodeEngine:279 - Generated code: C:\Users\newto\STM32CubeIDE\workspace_1.16.0\RFID_Gym_Member_Management_System\Core\Inc\main.h
2024-11-19 06:38:24,533 [INFO] CodeEngine:255 - oldGeneratedFile, C:\Users\newto\STM32CubeIDE\workspace_1.16.0\RFID_Gym_Member_Management_System\Core\Src\main.c_save
2024-11-19 06:38:24,694 [INFO] CodeEngine:279 - Generated code: C:\Users\newto\STM32CubeIDE\workspace_1.16.0\RFID_Gym_Member_Management_System\Core\Src\main.c
2024-11-19 06:38:25,230 [INFO] ProjectBuilder:3249 - Time for Copy HAL[1] : 309mS.
2024-11-19 06:38:25,238 [INFO] ProjectBuilder:4828 - Project Generator version: 4.5.0-B34
2024-11-19 06:38:25,356 [INFO] ConfigFileManager:1531 - The Die is : DIE421
2024-11-19 06:38:25,374 [INFO] ApiDbMcu:508 - Load IP Config File for FATFS
2024-11-19 06:38:25,392 [INFO] ApiDbMcu:508 - Load IP Config File for FREERTOS
2024-11-19 06:38:25,406 [INFO] ApiDbMcu:508 - Load IP Config File for LIBJPEG
2024-11-19 06:38:25,424 [INFO] ApiDbMcu:508 - Load IP Config File for MBEDTLS
2024-11-19 06:38:25,443 [INFO] ApiDbMcu:508 - Load IP Config File for USB_DEVICE
2024-11-19 06:38:25,457 [INFO] ApiDbMcu:508 - Load IP Config File for USB_HOST
